__init__ Optimal Geometry
[(4, 40), (4, 40), (4, 40), (4, 40), (4, 40), (4, 40), (4, 40), (4, 40), (4, 40), (4, 40), (4, 40), (4, 40), (4, 40), (4, 40), (4, 40), (4, 40)]
[12, 28, 24, 15, 16, 21, 25, 34, 18, 11, 12, 35, 19, 37, 13, 6] 2.025355480245694e-05
[8, 34, 18, 14, 13, 26, 34, 11, 19, 33, 29, 20, 16, 35, 12, 23] 3.2522581199476e-05
[13, 30, 4, 9, 13, 15, 40, 5, 27, 15, 13, 13, 37, 26, 34, 24] 2.540095177680635e-05
[38, 20, 26, 13, 39, 8, 7, 18, 14, 20, 5, 27, 12, 33, 40, 39] 5.0829159452816515e-05
[32, 14, 9, 6, 28, 26, 7, 9, 27, 25, 9, 24, 19, 34, 29, 17] 3.0169723062827703e-05
[4, 19, 26, 12, 22, 24, 15, 5, 27, 38, 8, 25, 29, 28, 11, 25] 2.8542953480332177e-05
[21, 36, 31, 23, 34, 20, 18, 24, 7, 12, 10, 35, 29, 15, 7, 30] 7.948023282677661e-05
[30, 11, 40, 9, 21, 37, 11, 35, 18, 39, 35, 23, 28, 14, 23, 35] 2.7441939269666175e-05
[24, 25, 20, 30, 17, 38, 19, 37, 27, 34, 34, 34, 30, 36, 25, 36] 4.3129644021330405e-05
[31, 37, 10, 40, 6, 13, 21, 30, 14, 16, 26, 11, 7, 28, 31, 28] 2.3730031292760638e-05
[40, 10, 30, 12, 26, 7, 13, 34, 31, 36, 39, 16, 20, 8, 36, 20] 2.4055239035557037e-05
[40, 22, 10, 17, 10, 29, 21, 31, 11, 17, 29, 8, 21, 29, 29, 28] 3.401815815709829e-05
[11, 37, 25, 13, 28, 33, 35, 29, 18, 26, 20, 27, 10, 38, 18, 9] 4.519784784639516e-05
[14, 38, 23, 19, 32, 7, 26, 38, 14, 17, 19, 25, 22, 39, 8, 18] 3.965214001657676e-05
[36, 26, 18, 12, 5, 10, 40, 12, 21, 12, 29, 40, 10, 39, 37, 7] 4.068922295684092e-05
[13, 35, 25, 37, 20, 37, 37, 12, 22, 12, 4, 40, 13, 13, 5, 9] 3.364113507079402e-05
[6, 36, 6, 27, 30, 8, 35, 9, 31, 23, 8, 33, 4, 22, 7, 12] 2.4629171806477442e-05
[28, 35, 26, 22, 25, 5, 17, 4, 6, 28, 20, 31, 29, 26, 22, 23] 8.665453924077721e-05
[36, 5, 34, 40, 38, 26, 12, 34, 36, 5, 30, 36, 5, 29, 39, 27] 1.1781571843392428e-05
[35, 34, 35, 40, 18, 4, 6, 15, 11, 11, 40, 4, 16, 24, 22, 36] 2.416422680457998e-05
[40, 7, 22, 4, 6, 18, 26, 28, 36, 24, 15, 38, 34, 28, 28, 17] 3.570216310381503e-05
[33, 32, 36, 15, 9, 36, 32, 8, 30, 30, 38, 17, 35, 38, 33, 7] 4.7907653099431816e-05
[8, 27, 37, 25, 40, 29, 28, 38, 37, 15, 39, 29, 10, 23, 34, 7] 2.469110882904439e-05
[24, 26, 40, 39, 24, 19, 11, 34, 35, 33, 10, 11, 15, 26, 15, 14] 3.271234813581809e-05
[22, 12, 4, 20, 13, 17, 30, 33, 20, 12, 10, 22, 27, 40, 19, 6] 3.0133721005467415e-05
[18, 13, 7, 14, 39, 16, 22, 16, 23, 8, 25, 10, 20, 21, 27, 32] 1.7760081992706823e-05
[31, 11, 26, 40, 30, 29, 12, 10, 8, 20, 6, 25, 32, 34, 21, 18] 3.6727601566102456e-05
[29, 32, 38, 30, 8, 5, 6, 23, 24, 15, 13, 21, 25, 33, 37, 31] 4.4012113941223486e-05
[27, 36, 23, 8, 24, 4, 10, 38, 8, 40, 25, 25, 28, 40, 37, 19] 2.5280110652000785e-05
[25, 37, 22, 8, 40, 13, 35, 25, 16, 8, 11, 15, 9, 10, 23, 28] 3.518034733804008e-05
[31, 6, 18, 31, 9, 36, 18, 6, 11, 27, 7, 14, 35, 5, 20, 20] 5.9895862452215725e-05
[29, 7, 27, 8, 20, 32, 32, 35, 33, 34, 25, 16, 36, 8, 12, 39] 2.538249995601864e-05
[10, 30, 10, 28, 38, 37, 17, 33, 34, 31, 21, 15, 32, 20, 27, 33] 4.6460534920182916e-05
[4, 38, 27, 20, 14, 18, 8, 18, 31, 9, 35, 16, 14, 30, 40, 6] 2.522754318791909e-05
[12, 31, 29, 5, 27, 32, 27, 33, 21, 19, 25, 30, 20, 33, 28, 36] 6.818866212200225e-05
[29, 36, 31, 32, 17, 22, 14, 33, 24, 34, 6, 39, 38, 35, 8, 19] 6.257886558072459e-05
[21, 25, 24, 40, 15, 35, 31, 11, 23, 33, 32, 37, 18, 18, 20, 12] 4.724017024012943e-05
[9, 34, 35, 5, 17, 32, 33, 7, 26, 19, 34, 12, 7, 11, 31, 25] 4.827010660387911e-05
[37, 29, 9, 7, 39, 36, 38, 33, 36, 22, 24, 8, 6, 17, 37, 30] 3.4014036952981036e-05
[5, 20, 14, 10, 13, 27, 17, 33, 32, 30, 12, 18, 16, 34, 14, 30] 3.0205961079858824e-05
[10, 23, 21, 30, 36, 6, 30, 37, 9, 11, 4, 18, 23, 4, 34, 33] 4.3392450829966756e-05
[29, 28, 36, 10, 10, 40, 7, 33, 10, 35, 22, 6, 26, 26, 4, 24] 5.781235489882563e-05
[32, 33, 28, 18, 24, 22, 40, 34, 22, 22, 35, 22, 24, 30, 33, 30] 7.928685521719842e-05
[24, 11, 20, 10, 17, 33, 38, 27, 17, 8, 15, 24, 12, 24, 39, 12] 1.976448522712784e-05
[16, 33, 25, 34, 15, 36, 10, 9, 30, 13, 29, 10, 38, 25, 28, 23] 7.174030989988126e-05
[26, 10, 5, 33, 40, 8, 37, 35, 20, 14, 36, 33, 30, 34, 38, 8] 1.3650352939282805e-05
[37, 14, 7, 26, 13, 9, 14, 29, 24, 13, 5, 32, 13, 16, 39, 18] 5.329052498838176e-05
[27, 32, 32, 16, 26, 39, 16, 12, 9, 29, 35, 4, 4, 6, 40, 18] 9.241268005840065e-05
[25, 27, 15, 34, 7, 30, 22, 13, 12, 10, 33, 33, 38, 24, 9, 9] 3.806173819278335e-05
[36, 8, 29, 22, 20, 8, 34, 31, 5, 40, 30, 40, 34, 7, 24, 36] 2.768377926051952e-05
[16, 19, 21, 19, 16, 20, 33, 27, 26, 23, 7, 29, 24, 23, 26, 37] 4.113240417073029e-05
[20, 20, 25, 23, 21, 14, 22, 21, 33, 27, 34, 19, 15, 33, 39, 13] 3.9025832237650315e-05
[33, 7, 8, 17, 25, 10, 20, 19, 15, 14, 21, 11, 19, 24, 27, 8] 8.656138580175626e-06
[31, 12, 35, 10, 9, 39, 12, 14, 21, 31, 35, 14, 28, 30, 7, 31] 2.7079884644392848e-05
[9, 33, 39, 26, 11, 9, 4, 33, 21, 15, 35, 9, 5, 31, 23, 7] 2.1037196962596788e-05
[40, 29, 26, 31, 33, 31, 21, 7, 9, 36, 19, 9, 34, 12, 8, 11] 6.369546480412163e-05
[35, 31, 33, 35, 23, 21, 12, 16, 12, 19, 29, 14, 8, 38, 15, 15] 2.9173351974067012e-05
[21, 25, 11, 20, 26, 21, 4, 14, 25, 27, 35, 31, 40, 26, 24, 34] 4.4813795593960964e-05
[27, 32, 5, 24, 36, 34, 4, 23, 16, 18, 21, 4, 24, 36, 14, 13] 3.164507198883805e-05
[14, 9, 12, 26, 4, 15, 29, 17, 39, 15, 29, 27, 27, 17, 27, 5] 3.893012855003212e-05
[40, 13, 36, 28, 19, 5, 31, 12, 38, 37, 24, 21, 18, 16, 4, 34] 6.358262364637422e-05
[36, 14, 28, 18, 37, 37, 30, 16, 11, 7, 20, 17, 7, 9, 40, 7] 3.8894194564157195e-05
[24, 34, 4, 32, 25, 35, 31, 30, 23, 35, 4, 35, 33, 38, 10, 18] 4.3100172453677285e-05
[31, 6, 34, 17, 12, 27, 22, 8, 18, 16, 15, 39, 8, 27, 35, 30] 2.705753572439196e-05
[4, 7, 12, 27, 14, 39, 15, 37, 37, 12, 30, 37, 22, 39, 31, 20] 2.5827812000818237e-05
[10, 27, 29, 4, 26, 38, 34, 17, 11, 34, 5, 25, 30, 38, 17, 15] 2.900761187342843e-05
[20, 15, 32, 15, 5, 6, 10, 7, 38, 13, 7, 6, 33, 21, 13, 38] 1.0229920707357807e-05
[7, 11, 38, 20, 30, 17, 31, 26, 31, 19, 5, 21, 7, 39, 24, 25] 4.623437813987922e-05
[24, 17, 17, 19, 36, 35, 38, 21, 33, 10, 30, 23, 15, 34, 26, 18] 1.6521280089345424e-05
[16, 21, 40, 28, 29, 9, 37, 23, 7, 22, 20, 9, 11, 40, 15, 32] 3.381810307961606e-05
[36, 30, 9, 9, 22, 22, 18, 26, 24, 36, 21, 15, 34, 24, 16, 28] 4.287982290714225e-05
[14, 26, 4, 29, 31, 31, 33, 5, 16, 32, 16, 27, 38, 35, 5, 35] 4.6829459167994596e-05
[26, 9, 28, 9, 31, 8, 19, 11, 33, 8, 36, 6, 38, 21, 38, 13] 1.0462072258372042e-05
[15, 20, 8, 40, 29, 31, 24, 10, 22, 8, 6, 36, 7, 23, 9, 11] 3.015158594642003e-05
[6, 35, 11, 19, 13, 26, 5, 33, 32, 22, 17, 23, 25, 33, 6, 30] 1.740782199752708e-05
[10, 28, 31, 17, 14, 33, 40, 17, 28, 8, 18, 4, 23, 10, 21, 18] 4.188077228727432e-05
[7, 22, 23, 26, 25, 27, 26, 25, 10, 29, 40, 16, 17, 32, 14, 13] 8.114740892160343e-05
[36, 6, 16, 12, 7, 15, 5, 23, 10, 30, 34, 25, 13, 36, 10, 38] 1.295684341463005e-05
[9, 35, 7, 20, 16, 27, 16, 22, 22, 10, 25, 25, 27, 30, 11, 11] 3.117967122287401e-05
[13, 37, 19, 7, 26, 14, 34, 11, 34, 25, 23, 21, 18, 29, 6, 28] 3.7747923621530565e-05
[8, 35, 15, 35, 16, 15, 19, 25, 37, 4, 7, 29, 26, 36, 10, 23] 5.1659269467425513e-05
[32, 31, 36, 24, 33, 33, 22, 32, 23, 38, 22, 29, 8, 14, 22, 37] 5.60421520188564e-05
[37, 28, 6, 20, 7, 39, 16, 26, 20, 40, 17, 14, 16, 16, 25, 23] 1.747588370564021e-05
[22, 24, 7, 26, 38, 40, 5, 10, 14, 5, 39, 23, 18, 34, 17, 6] 3.8688671674697476e-05
[25, 39, 40, 29, 28, 4, 8, 8, 27, 13, 35, 6, 6, 16, 14, 35] 3.5524752517869504e-05
[32, 14, 14, 7, 25, 39, 12, 14, 36, 11, 25, 39, 8, 6, 18, 28] 2.21754289943179e-05
[38, 30, 34, 22, 35, 37, 38, 9, 40, 7, 7, 6, 21, 39, 7, 30] 4.508578620220696e-05
[31, 11, 27, 30, 7, 6, 37, 22, 32, 36, 28, 10, 16, 36, 40, 14] 2.8370298081153186e-05
[26, 24, 8, 23, 36, 11, 12, 10, 40, 22, 24, 12, 29, 12, 21, 20] 4.044050196179701e-05
[29, 18, 12, 27, 24, 23, 33, 11, 11, 18, 19, 9, 11, 10, 8, 8] 5.3413442230792064e-05
[17, 28, 12, 37, 14, 40, 21, 27, 5, 13, 31, 25, 12, 33, 21, 6] 3.668240305328209e-05
[4, 34, 23, 10, 11, 24, 9, 34, 12, 24, 10, 13, 40, 35, 37, 34] 4.0434132004414635e-05
[40, 19, 12, 21, 34, 15, 39, 27, 14, 39, 29, 26, 28, 37, 6, 8] 4.240700659378933e-05
[15, 27, 32, 11, 6, 18, 9, 34, 40, 4, 4, 11, 5, 5, 11, 6] 3.349468243868119e-05
[33, 13, 20, 38, 19, 37, 25, 12, 35, 12, 4, 7, 5, 24, 24, 25] 2.4845055514766646e-05
[40, 18, 4, 17, 37, 37, 39, 14, 5, 6, 12, 23, 33, 27, 39, 5] 2.7350725427488683e-05
[7, 34, 32, 20, 33, 18, 27, 18, 28, 32, 12, 35, 10, 15, 21, 8] 9.04057690122981e-05
[17, 19, 33, 40, 25, 14, 34, 4, 26, 29, 13, 11, 15, 7, 9, 30] 2.084613280730881e-05
[10, 31, 39, 27, 40, 12, 12, 23, 28, 36, 40, 10, 36, 15, 33, 30] 2.059743704060025e-05
[36, 38, 9, 25, 35, 23, 7, 26, 33, 30, 40, 11, 8, 20, 30, 39] 2.4511802859466276e-05
[5, 11, 32, 8, 4, 34, 18, 24, 38, 29, 21, 37, 29, 34, 24, 21] 2.689346598614447e-05
[16, 40, 6, 33, 20, 8, 16, 9, 6, 15, 6, 30, 34, 24, 31, 5] 1.976391925024098e-05
[13, 10, 13, 30, 19, 31, 32, 26, 22, 34, 8, 40, 11, 30, 36, 18] 4.5667437147687056e-05
[29, 23, 20, 23, 32, 28, 22, 22, 38, 4, 17, 4, 5, 15, 21, 24] 5.942177966579049e-05
[16, 25, 18, 17, 22, 9, 20, 23, 17, 17, 28, 8, 9, 16, 8, 5] 1.5537769585897156e-05
[21, 17, 29, 35, 11, 6, 27, 5, 18, 23, 23, 8, 13, 30, 20, 22] 4.4453996129962095e-05
[9, 39, 29, 26, 15, 18, 29, 5, 33, 27, 29, 23, 17, 20, 7, 21] 3.321078267110248e-05
[15, 11, 12, 38, 23, 35, 33, 29, 7, 16, 19, 30, 23, 24, 31, 13] 3.928028106995697e-05
[26, 32, 14, 20, 40, 23, 40, 37, 40, 21, 15, 8, 11, 31, 16, 35] 3.962125358463616e-05
[10, 34, 14, 19, 13, 17, 25, 6, 40, 26, 4, 34, 30, 38, 31, 8] 1.8348375815728985e-05
[10, 16, 14, 4, 22, 13, 8, 38, 39, 11, 23, 23, 38, 14, 17, 21] 1.0183759888846556e-05
[32, 5, 36, 38, 14, 10, 31, 38, 18, 36, 9, 29, 18, 22, 6, 35] 2.0171664384594768e-05
[19, 23, 24, 30, 24, 27, 30, 27, 13, 35, 37, 19, 27, 38, 24, 18] 6.751309571511117e-05
[20, 6, 35, 18, 36, 33, 35, 7, 24, 10, 10, 12, 15, 39, 29, 38] 3.659393259595077e-05
[11, 6, 32, 31, 29, 14, 37, 13, 31, 22, 10, 25, 32, 29, 34, 5] 6.304841871741443e-05
[21, 5, 35, 6, 12, 19, 7, 9, 9, 21, 28, 40, 20, 25, 13, 25] 2.694670909076949e-05
[6, 10, 30, 32, 25, 5, 32, 28, 24, 39, 15, 38, 21, 15, 37, 31] 3.43346865792397e-05
[15, 19, 15, 27, 20, 34, 39, 11, 37, 11, 26, 4, 14, 14, 20, 13] 2.4332572611593043e-05
[16, 21, 6, 35, 4, 40, 24, 11, 24, 34, 4, 30, 5, 26, 32, 23] 1.7836424837831723e-05
[22, 35, 26, 4, 22, 26, 20, 38, 33, 15, 28, 21, 8, 8, 27, 20] 8.120796116090241e-05
[35, 35, 39, 5, 24, 33, 12, 39, 10, 38, 18, 20, 31, 9, 15, 34] 2.8061662612213807e-05
[9, 35, 10, 18, 27, 12, 38, 7, 38, 15, 34, 17, 34, 36, 21, 29] 1.7987901570740585e-05
[35, 16, 5, 18, 10, 31, 32, 38, 26, 10, 6, 18, 16, 27, 34, 14] 5.7524095404394413e-05
[19, 7, 19, 35, 33, 17, 30, 10, 8, 9, 6, 15, 22, 20, 9, 39] 7.438379421690686e-05
[16, 18, 17, 31, 8, 21, 34, 23, 14, 35, 7, 21, 19, 34, 14, 13] 2.2165050066498563e-05
[31, 37, 12, 23, 31, 4, 16, 24, 31, 35, 39, 4, 14, 27, 9, 15] 3.8665178514496794e-05
[39, 29, 33, 33, 13, 19, 13, 38, 36, 21, 26, 37, 7, 23, 27, 38] 6.239057167477847e-05
[32, 35, 17, 5, 32, 27, 31, 18, 8, 5, 20, 7, 16, 38, 9, 7] 5.5593483159410356e-05
[24, 5, 12, 9, 25, 8, 24, 13, 30, 24, 17, 27, 30, 21, 39, 9] 2.7953920347128445e-05
[8, 7, 35, 23, 37, 10, 16, 5, 18, 34, 23, 26, 36, 28, 9, 37] 4.236933691599974e-05
[12, 29, 33, 39, 35, 15, 25, 29, 13, 32, 17, 17, 19, 4, 16, 23] 2.4707035356166697e-05
[22, 24, 6, 21, 40, 37, 11, 24, 7, 9, 15, 17, 40, 30, 4, 38] 4.6099880592422156e-05
[30, 29, 36, 30, 18, 12, 7, 34, 28, 15, 38, 19, 21, 39, 13, 8] 7.016356195141827e-05
[37, 4, 29, 7, 34, 30, 35, 20, 8, 39, 36, 14, 8, 27, 37, 5] 3.066980814169319e-05
[13, 34, 39, 24, 10, 21, 30, 9, 15, 32, 32, 33, 20, 27, 27, 35] 3.977443610513846e-05
[31, 36, 18, 13, 18, 30, 23, 7, 26, 8, 32, 34, 24, 16, 24, 21] 5.341874903531756e-05
[19, 21, 32, 32, 26, 30, 35, 21, 26, 18, 35, 28, 11, 29, 17, 19] 7.057445369126464e-05
[30, 13, 13, 4, 8, 5, 26, 38, 11, 19, 33, 7, 23, 22, 37, 22] 2.5876641500712137e-05
[36, 25, 32, 28, 4, 31, 14, 33, 39, 21, 28, 29, 6, 4, 20, 21] 4.7596326207778254e-05
[32, 33, 22, 8, 39, 5, 12, 9, 37, 35, 21, 40, 9, 27, 5, 36] 5.4358937438353564e-05
[15, 5, 9, 7, 9, 17, 39, 31, 4, 4, 16, 13, 28, 29, 29, 6] 1.2047716259091314e-05
[8, 27, 21, 21, 34, 38, 9, 21, 7, 18, 33, 6, 8, 12, 20, 28] 3.713199312289232e-05
[32, 9, 14, 4, 39, 6, 9, 29, 17, 6, 34, 19, 12, 37, 29, 12] 2.2328828966334294e-05
[14, 33, 35, 4, 20, 23, 4, 17, 22, 28, 21, 26, 33, 31, 4, 29] 6.987280238983026e-05
[24, 38, 12, 32, 35, 10, 25, 19, 28, 12, 20, 9, 7, 5, 18, 39] 5.7984412774000824e-05
[23, 9, 31, 30, 15, 15, 12, 22, 21, 13, 29, 30, 34, 27, 37, 33] 4.315033955153856e-05
[36, 33, 7, 25, 10, 29, 35, 33, 30, 38, 14, 24, 40, 30, 13, 31] 3.423272686930164e-05
[13, 15, 34, 36, 7, 9, 18, 17, 38, 39, 26, 23, 37, 31, 17, 25] 3.2327905038097556e-05
[12, 28, 31, 40, 33, 17, 4, 18, 11, 4, 26, 33, 5, 14, 9, 17] 3.894044770837999e-05
[26, 10, 11, 31, 34, 17, 14, 25, 9, 20, 36, 5, 40, 12, 8, 5] 6.658670214938532e-05
[7, 33, 28, 24, 26, 13, 16, 22, 31, 12, 36, 38, 14, 21, 33, 15] 7.214445081743702e-05
[22, 4, 11, 18, 13, 21, 34, 6, 6, 5, 10, 27, 37, 20, 7, 31] 1.8835564393621104e-05
[7, 18, 23, 14, 16, 27, 7, 25, 39, 23, 39, 19, 39, 12, 7, 16] 1.7174437637913425e-05
[7, 14, 16, 8, 26, 35, 39, 26, 10, 33, 33, 33, 10, 38, 36, 4] 1.7498503246660507e-05
[18, 29, 35, 14, 23, 7, 14, 40, 37, 25, 17, 37, 31, 32, 29, 22] 5.1783574601043526e-05
[33, 21, 33, 39, 24, 30, 15, 38, 33, 38, 16, 28, 5, 40, 28, 16] 6.333063588467841e-05
[30, 6, 32, 8, 24, 12, 35, 13, 38, 19, 24, 9, 18, 25, 30, 14] 2.232129399451188e-05
[15, 13, 16, 19, 19, 7, 14, 9, 13, 11, 35, 34, 5, 37, 19, 18] 6.0517023431686855e-06
[30, 35, 36, 31, 12, 17, 32, 7, 6, 36, 36, 17, 30, 12, 11, 38] 4.707842085681051e-05
[17, 23, 23, 34, 27, 8, 28, 20, 33, 21, 33, 27, 25, 16, 20, 19] 4.393587296632183e-05
[29, 7, 26, 29, 25, 9, 33, 39, 38, 21, 25, 30, 37, 6, 20, 11] 3.385401193664049e-05
[22, 15, 20, 24, 27, 16, 25, 21, 25, 40, 20, 38, 30, 14, 25, 30] 2.6578970496188867e-05
[36, 17, 16, 28, 17, 10, 13, 20, 36, 28, 15, 30, 38, 40, 19, 20] 1.833517096358055e-05
[32, 28, 40, 17, 35, 26, 29, 12, 19, 40, 9, 12, 24, 27, 15, 32] 4.412532675224114e-05
[26, 5, 12, 33, 15, 29, 4, 18, 36, 33, 30, 25, 16, 23, 18, 14] 7.781149811371476e-05
[8, 29, 34, 6, 39, 18, 27, 23, 12, 6, 6, 34, 21, 5, 12, 25] 4.965121671009291e-05
[4, 9, 4, 20, 14, 34, 18, 13, 39, 11, 33, 37, 11, 39, 10, 13] 1.0638249825358553e-05
[18, 34, 16, 24, 13, 25, 28, 37, 38, 22, 35, 15, 23, 34, 40, 6] 2.0995558675124183e-05
[14, 18, 17, 24, 27, 15, 6, 22, 30, 21, 8, 28, 13, 8, 29, 12] 3.220869676803509e-05
[31, 27, 26, 12, 23, 35, 33, 30, 28, 26, 12, 18, 20, 15, 8, 12] 5.276613854049622e-05
[5, 18, 23, 5, 6, 29, 33, 5, 33, 25, 9, 29, 7, 9, 8, 26] 1.2814224727765293e-05
[30, 31, 32, 19, 32, 10, 7, 10, 23, 39, 9, 28, 18, 28, 39, 29] 9.98581670126683e-05
[30, 15, 28, 35, 35, 31, 32, 4, 20, 39, 27, 16, 25, 21, 8, 29] 5.2678743812536086e-05
[4, 36, 23, 27, 16, 40, 15, 27, 26, 24, 33, 25, 4, 39, 16, 37] 5.070148398257542e-05
[9, 9, 38, 33, 16, 23, 26, 33, 27, 36, 20, 12, 13, 26, 34, 19] 5.9494647517693676e-05
[5, 38, 7, 19, 5, 18, 11, 7, 28, 19, 23, 37, 12, 35, 25, 6] 1.687794186926662e-05
[31, 6, 38, 25, 38, 18, 30, 8, 23, 17, 39, 36, 15, 14, 35, 9] 2.454809928780222e-05
[38, 14, 10, 36, 7, 22, 25, 9, 25, 32, 13, 26, 27, 34, 36, 19] 2.6871456703581763e-05
[23, 31, 26, 23, 31, 32, 33, 27, 14, 7, 20, 17, 15, 31, 36, 40] 0.00010384234999864934
[35, 31, 40, 31, 8, 32, 11, 7, 21, 6, 17, 12, 7, 20, 19, 14] 2.5083221012339344e-05
[24, 39, 14, 33, 16, 33, 23, 39, 6, 18, 15, 22, 39, 16, 37, 36] 8.013305059452564e-05
[12, 7, 10, 5, 18, 17, 8, 9, 23, 31, 37, 5, 26, 22, 28, 21] 2.5635869434734895e-05
[14, 6, 33, 30, 33, 32, 23, 34, 39, 27, 37, 12, 4, 31, 27, 22] 3.509876134555869e-05
[19, 39, 34, 37, 33, 23, 30, 13, 6, 11, 23, 33, 19, 13, 12, 23] 4.801082361302018e-05
[28, 27, 23, 28, 5, 30, 26, 22, 24, 19, 6, 19, 5, 31, 11, 17] 8.713690245287136e-05
[38, 34, 28, 11, 38, 37, 6, 36, 39, 20, 17, 33, 11, 16, 27, 32] 1.5913346977166158e-05
[10, 20, 38, 38, 15, 26, 32, 13, 20, 25, 37, 8, 28, 23, 20, 15] 3.458908754488072e-05
[36, 38, 30, 9, 17, 17, 40, 4, 18, 15, 12, 25, 17, 15, 33, 23] 1.935510509386039e-05
[14, 24, 37, 12, 31, 32, 37, 28, 28, 28, 9, 25, 9, 26, 4, 27] 5.455028065715485e-05
[17, 18, 22, 6, 16, 27, 14, 12, 17, 17, 8, 36, 20, 28, 4, 30] 1.3713913278132233e-05
[10, 14, 26, 8, 38, 25, 38, 5, 32, 28, 5, 39, 11, 36, 31, 12] 1.6914970951609516e-05
[28, 34, 36, 14, 35, 40, 40, 39, 39, 9, 7, 15, 36, 19, 8, 16] 6.927430309922127e-05
[30, 37, 37, 14, 22, 7, 40, 17, 38, 21, 23, 32, 39, 39, 17, 36] 2.6151754823167987e-05
[22, 4, 13, 15, 13, 5, 6, 7, 20, 15, 39, 15, 17, 27, 20, 10] 1.937951744960618e-05
[18, 20, 24, 27, 24, 27, 21, 26, 8, 13, 12, 30, 9, 34, 32, 14] 5.833874751528868e-05
[4, 33, 31, 20, 40, 7, 16, 34, 19, 30, 33, 21, 23, 31, 37, 27] 8.552236830537967e-05
[32, 36, 12, 10, 15, 26, 40, 18, 9, 21, 30, 12, 16, 29, 6, 35] 3.8261020767697456e-05
[30, 29, 37, 36, 12, 25, 22, 27, 35, 18, 19, 24, 38, 32, 4, 26] 5.9792788884486354e-05
[32, 22, 40, 14, 28, 23, 7, 5, 35, 25, 15, 30, 6, 28, 9, 32] 6.0927441615548554e-05
[28, 10, 29, 31, 20, 4, 8, 15, 25, 5, 26, 11, 32, 17, 11, 28] 3.293646316023744e-05
[17, 31, 22, 17, 8, 24, 32, 10, 18, 38, 39, 33, 30, 39, 16, 8] 4.19306563887008e-05
[24, 13, 35, 33, 38, 33, 28, 5, 10, 21, 9, 23, 27, 5, 17, 32] 4.610010329704927e-05
[29, 27, 6, 28, 17, 24, 30, 21, 7, 40, 7, 29, 7, 16, 29, 31] 6.139638335775618e-05
[23, 6, 35, 21, 23, 12, 23, 25, 23, 28, 17, 28, 28, 27, 11, 7] 3.6193606404947006e-05
[13, 16, 29, 15, 26, 14, 29, 8, 21, 37, 29, 20, 14, 19, 37, 30] 1.8157646170534952e-05
[5, 35, 23, 35, 36, 31, 30, 19, 8, 11, 8, 19, 39, 21, 5, 12] 4.521069897826691e-05
[19, 8, 9, 14, 36, 5, 30, 33, 16, 28, 30, 4, 30, 36, 39, 36] 4.731221939821895e-05
[14, 37, 14, 24, 34, 22, 35, 15, 37, 26, 27, 24, 12, 24, 22, 24] 3.442308239880165e-05
[18, 30, 35, 24, 13, 34, 20, 18, 5, 17, 39, 35, 30, 33, 39, 36] 4.025425366211054e-05
[39, 5, 11, 39, 13, 12, 6, 34, 28, 4, 29, 26, 27, 40, 16, 20] 2.3897269965530364e-05
[40, 17, 27, 17, 32, 35, 23, 35, 14, 5, 14, 22, 22, 12, 15, 23] 4.775988414145899e-05
[6, 27, 24, 35, 37, 36, 17, 15, 8, 36, 39, 14, 10, 40, 29, 39] 4.6977884065477984e-05
[27, 32, 19, 20, 19, 35, 12, 30, 5, 8, 8, 39, 6, 37, 20, 25] 5.522014680575946e-05
[5, 5, 29, 28, 23, 19, 34, 24, 20, 13, 7, 21, 20, 27, 34, 40] 6.487091554059637e-05
[6, 17, 14, 34, 21, 33, 31, 12, 7, 28, 6, 21, 14, 40, 34, 38] 4.863201826069487e-05
[35, 20, 9, 10, 26, 17, 8, 27, 4, 8, 6, 30, 8, 18, 34, 34] 4.453500626847403e-05
[30, 20, 29, 19, 32, 30, 36, 12, 29, 29, 24, 33, 8, 39, 38, 15] 9.582081941571085e-05
[7, 23, 22, 14, 16, 6, 24, 13, 32, 31, 4, 32, 12, 13, 36, 29] 1.6342066723709705e-05
[39, 5, 15, 7, 30, 27, 18, 19, 30, 27, 12, 9, 37, 25, 24, 22] 5.465210333808018e-05
[30, 37, 40, 6, 28, 6, 16, 9, 22, 38, 5, 34, 33, 16, 25, 14] 5.364158669205033e-05
[38, 8, 9, 29, 7, 7, 40, 33, 19, 19, 30, 40, 28, 33, 40, 19] 1.5700484964717746e-05
[21, 13, 26, 19, 11, 33, 5, 23, 18, 19, 40, 8, 5, 25, 32, 31] 1.5568610466584266e-05
[8, 9, 39, 39, 35, 4, 5, 36, 22, 13, 30, 6, 22, 28, 20, 26] 2.3471912509821725e-05
[27, 26, 17, 40, 35, 37, 16, 25, 18, 35, 29, 4, 28, 26, 23, 4] 4.884172772348834e-05
[17, 22, 12, 24, 24, 36, 27, 32, 37, 20, 9, 5, 39, 4, 20, 10] 2.9563135663070724e-05
[37, 27, 7, 20, 34, 11, 30, 30, 24, 23, 27, 15, 25, 30, 7, 21] 4.407705357944939e-05
[30, 18, 36, 12, 7, 15, 21, 11, 11, 31, 8, 20, 13, 6, 8, 11] 6.642775589091658e-05
[14, 4, 30, 35, 31, 24, 7, 31, 40, 17, 12, 31, 22, 20, 21, 21] 3.414803224818474e-05
[22, 5, 20, 14, 4, 11, 9, 40, 9, 6, 34, 34, 5, 14, 15, 16] 3.306293389620888e-05
[7, 8, 33, 14, 24, 39, 31, 5, 22, 27, 40, 31, 13, 39, 39, 19] 1.5417650918153208e-05
[18, 8, 18, 9, 26, 32, 8, 34, 20, 27, 23, 37, 37, 8, 25, 34] 2.558923111933217e-05
[30, 6, 14, 38, 35, 29, 20, 23, 38, 12, 7, 33, 32, 20, 40, 28] 7.934817008745554e-05
[28, 40, 29, 24, 39, 28, 39, 30, 10, 24, 38, 11, 31, 9, 16, 19] 2.8871843226599424e-05
[16, 22, 13, 9, 16, 25, 25, 27, 10, 38, 22, 18, 13, 12, 37, 38] 2.4589501117205743e-05
[16, 37, 15, 20, 11, 23, 13, 18, 32, 8, 9, 37, 34, 24, 18, 30] 2.318031905576508e-05
[11, 24, 17, 12, 19, 4, 35, 11, 30, 33, 28, 20, 9, 35, 15, 22] 1.6335702798622435e-05
[22, 36, 18, 9, 8, 24, 15, 35, 30, 20, 6, 29, 4, 30, 31, 31] 4.4433278976996485e-05
[40, 38, 6, 28, 12, 39, 10, 21, 16, 19, 8, 35, 7, 37, 34, 39] 1.5282363788507246e-05
[29, 31, 34, 13, 35, 16, 39, 35, 14, 33, 22, 6, 39, 21, 24, 38] 6.418910479389103e-05
[25, 17, 10, 18, 25, 5, 35, 16, 25, 27, 12, 32, 9, 29, 9, 28] 3.3663885208412755e-05
[9, 39, 19, 33, 31, 5, 38, 32, 12, 16, 22, 7, 12, 36, 22, 4] 2.2931519748234192e-05
[25, 39, 7, 34, 18, 29, 15, 36, 4, 18, 6, 5, 15, 16, 24, 23] 4.9147616946138256e-05
[9, 21, 20, 15, 25, 30, 20, 19, 9, 40, 37, 24, 19, 22, 22, 35] 3.504668850295435e-05
[31, 4, 15, 5, 14, 20, 20, 20, 26, 36, 6, 15, 31, 29, 24, 19] 5.139388781055488e-05
[19, 4, 10, 26, 9, 30, 19, 36, 34, 15, 11, 36, 40, 39, 14, 19] 3.076048736903328e-05
[24, 5, 19, 18, 18, 21, 10, 37, 9, 33, 7, 37, 9, 6, 10, 4] 2.649679673703424e-05
[8, 12, 39, 20, 28, 32, 5, 31, 6, 29, 29, 18, 12, 30, 34, 37] 3.746267073607542e-05
[27, 37, 30, 22, 20, 39, 7, 26, 9, 38, 36, 20, 4, 21, 18, 16] 6.410638208412993e-05
[16, 28, 35, 5, 15, 34, 16, 25, 21, 11, 16, 34, 4, 7, 37, 36] 5.090554554193754e-05
[38, 17, 27, 5, 26, 34, 39, 25, 17, 12, 40, 33, 28, 38, 19, 5] 5.992698644322248e-05
[33, 17, 6, 23, 17, 23, 22, 6, 8, 14, 22, 10, 40, 4, 8, 40] 5.9035228953945585e-05
[21, 12, 36, 6, 24, 27, 7, 36, 15, 31, 31, 37, 14, 27, 32, 19] 3.0375202011733872e-05
[35, 10, 35, 36, 38, 34, 32, 20, 13, 24, 33, 17, 34, 16, 9, 31] 4.040183668375975e-05
[16, 27, 25, 17, 15, 8, 22, 21, 17, 33, 26, 37, 36, 17, 38, 29] 1.4082775414572338e-05
[12, 6, 32, 33, 22, 36, 10, 36, 31, 34, 5, 34, 32, 37, 36, 9] 5.648590547008697e-05
[24, 6, 17, 23, 34, 25, 9, 27, 6, 29, 23, 40, 29, 14, 37, 35] 5.2027229589196384e-05
Available Processors: 94
16 [(0.00018798007750100737, [31, 20, 36, 32, 15, 4, 30, 16, 32, 16, 32, 16, 16, 32, 32, 9]), (0.00018797883741960485, [31, 20, 36, 32, 15, 4, 30, 16, 32, 16, 32, 16, 16, 16, 32, 9]), (0.00018797172158798695, [31, 20, 36, 32, 15, 4, 30, 16, 32, 16, 32, 16, 16, 16, 16, 9]), (0.00018789949044024462, [31, 20, 36, 32, 15, 4, 30, 16, 32, 16, 32, 16, 16, 32, 32, 9]), (0.00018789949044024462, [31, 20, 36, 32, 15, 4, 30, 16, 32, 16, 32, 16, 16, 32, 32, 9]), (0.00018787536408884043, [31, 20, 36, 32, 15, 4, 30, 16, 32, 16, 32, 16, 16, 32, 16, 9]), (0.00018541126382988154, [17, 35, 35, 32, 15, 4, 31, 17, 32, 16, 32, 16, 16, 32, 32, 9]), (0.0001854111921726527, [17, 35, 35, 32, 15, 4, 30, 17, 32, 16, 32, 16, 16, 32, 32, 25]), (0.00018540798825423613, [17, 35, 35, 32, 15, 4, 30, 17, 32, 16, 32, 16, 16, 16, 32, 25]), (0.00018539039347336463, [17, 35, 35, 32, 15, 4, 30, 17, 31, 16, 32, 16, 16, 32, 16, 25]), (0.00018451379789541754, [17, 36, 34, 32, 15, 4, 30, 17, 32, 16, 32, 16, 16, 32, 16, 25]), (0.00018358546989287835, [19, 36, 32, 15, 4, 31, 17, 31, 16, 32, 16, 16, 32, 16, 16, 25]), (0.0001835852966318516, [19, 36, 32, 15, 4, 31, 17, 31, 16, 32, 16, 16, 32, 16, 32, 25]), (0.0001835852453439091, [19, 36, 32, 15, 4, 31, 17, 31, 16, 32, 16, 16, 32, 16, 16, 9]), (0.00018358497046995582, [19, 36, 32, 15, 4, 31, 17, 31, 16, 32, 16, 16, 32, 16, 32, 9]), (0.00018358418366011656, [19, 36, 32, 15, 4, 31, 17, 31, 16, 32, 16, 16, 32, 32, 16, 9]), (0.00018358081220338704, [19, 36, 32, 15, 4, 31, 17, 31, 16, 32, 16, 16, 16, 32, 16, 9]), (0.00018358078794534003, [19, 36, 32, 15, 4, 31, 17, 31, 16, 32, 16, 16, 16, 32, 32, 9]), (0.0001835807364011434, [19, 36, 32, 15, 4, 31, 17, 31, 16, 32, 16, 16, 16, 32, 32, 9]), (0.0001835778010198488, [19, 36, 32, 15, 4, 31, 17, 31, 16, 32, 16, 16, 32, 16, 32, 9]), (0.00018357708977094841, [19, 36, 32, 15, 4, 31, 17, 31, 16, 32, 16, 16, 32, 16, 16, 9]), (0.00018357270795903456, [19, 36, 32, 15, 4, 31, 17, 31, 16, 32, 16, 16, 32, 16, 16, 25]), (0.00018357252292811147, [19, 36, 32, 15, 4, 31, 17, 31, 16, 32, 16, 16, 16, 16, 16, 9]), (0.0001835653943964005, [19, 36, 32, 15, 4, 31, 17, 31, 16, 32, 16, 16, 16, 32, 16, 9]), (0.0001835625966746468, [19, 36, 32, 15, 4, 31, 17, 31, 16, 32, 16, 32, 32, 16, 32, 9]), (0.00018354091674677362, [19, 36, 32, 15, 4, 31, 17, 32, 16, 32, 15, 16, 32, 16, 16, 9]), (0.0001833678908716851, [19, 36, 32, 14, 4, 31, 17, 31, 16, 32, 16, 16, 16, 16, 32, 9]), (0.0001791749114112386, [31, 28, 26, 32, 15, 4, 31, 17, 32, 16, 32, 16, 16, 32, 32, 25]), (0.00017917466688468424, [31, 28, 26, 32, 15, 4, 31, 17, 32, 16, 32, 16, 16, 32, 32, 9]), (0.00017917393818184165, [31, 28, 26, 32, 15, 4, 31, 17, 32, 16, 32, 16, 16, 16, 16, 9]), (0.00017917391967325397, [31, 28, 26, 32, 15, 4, 31, 17, 32, 16, 32, 16, 16, 32, 16, 9]), (0.00017917226746850623, [31, 28, 26, 32, 15, 4, 31, 17, 32, 16, 32, 16, 16, 32, 32, 9]), (0.0001791693144770004, [31, 28, 26, 32, 15, 4, 31, 17, 32, 16, 32, 16, 16, 32, 16, 25]), (0.00017910994126446345, [31, 28, 26, 32, 15, 4, 30, 17, 32, 16, 32, 16, 16, 32, 16, 25]), (0.0001788528332830128, [31, 28, 26, 32, 15, 4, 30, 15, 4, 14, 31, 16, 32, 16, 16, 25]), (0.00017884260338324188, [31, 28, 26, 32, 15, 4, 30, 15, 4, 14, 31, 16, 32, 32, 32, 25]), (0.0001787292905376162, [31, 18, 37, 33, 31, 18, 31, 17, 31, 16, 32, 16, 16, 32, 16, 25]), (0.00017872886219372675, [31, 18, 37, 33, 31, 18, 31, 17, 31, 16, 32, 16, 16, 32, 32, 25]), (0.0001787259550443655, [31, 18, 37, 33, 31, 18, 31, 17, 31, 16, 32, 16, 16, 16, 32, 9]), (0.0001787133818006069, [31, 18, 37, 33, 31, 18, 31, 17, 31, 16, 32, 16, 16, 32, 16, 25]), (0.0001785002555419204, [32, 17, 36, 34, 31, 17, 31, 17, 31, 16, 32, 16, 16, 32, 32, 9]), (0.00017848772046887872, [31, 18, 37, 32, 31, 18, 31, 17, 31, 16, 32, 16, 32, 16, 32, 9]), (0.00017847778822247776, [31, 18, 37, 33, 30, 18, 31, 17, 31, 16, 32, 32, 16, 32, 32, 25]), (0.000178438838916266, [30, 29, 26, 31, 15, 4, 30, 17, 32, 15, 33, 15, 32, 32, 15, 9]), (0.00017839491488868525, [31, 20, 36, 32, 18, 29, 4, 14, 32, 16, 32, 16, 16, 32, 16, 25]), (0.00017839487352713175, [31, 20, 36, 32, 18, 29, 4, 14, 32, 16, 32, 16, 16, 32, 32, 25]), (0.00017839293659836924, [31, 18, 37, 33, 30, 18, 31, 17, 31, 16, 32, 16, 32, 32, 32, 9]), (0.00017832293756213228, [31, 18, 37, 32, 31, 18, 31, 17, 31, 16, 32, 16, 16, 32, 32, 25]), (0.00017784448388395116, [32, 30, 22, 35, 31, 18, 31, 17, 31, 16, 32, 16, 16, 32, 16, 9]), (0.00017782655220899496, [32, 30, 22, 34, 31, 18, 31, 17, 31, 16, 32, 16, 16, 32, 16, 25]), (0.00017782549800837474, [32, 30, 22, 34, 31, 18, 31, 17, 31, 16, 32, 16, 16, 32, 32, 25]), (0.00017781626976819286, [32, 30, 22, 34, 31, 18, 31, 17, 31, 16, 32, 16, 16, 32, 16, 9]), (0.0001778067309507533, [32, 30, 22, 34, 31, 18, 31, 17, 31, 16, 32, 16, 16, 32, 16, 25]), (0.000177760906174696, [31, 30, 22, 34, 31, 18, 31, 17, 31, 16, 32, 16, 16, 32, 16, 9]), (0.0001777455452096298, [32, 30, 22, 34, 31, 18, 31, 17, 31, 16, 32, 16, 16, 32, 16, 9]), (0.0001777219702561765, [31, 30, 22, 34, 31, 18, 31, 17, 31, 16, 32, 16, 16, 32, 16, 25]), (0.00017771038293722265, [31, 21, 35, 31, 18, 31, 18, 31, 16, 32, 16, 16, 32, 16, 32, 25]), (0.00017771035197204925, [31, 21, 35, 31, 18, 31, 18, 31, 16, 32, 16, 16, 32, 16, 32, 25]), (0.00017771030411395738, [31, 21, 35, 31, 18, 31, 18, 31, 16, 32, 16, 16, 32, 32, 16, 25]), (0.0001777102395178231, [31, 21, 35, 31, 18, 31, 18, 31, 16, 32, 16, 16, 32, 16, 32, 9]), (0.00017771012524416823, [31, 21, 35, 31, 18, 31, 18, 31, 16, 32, 16, 16, 32, 16, 16, 9]), (0.00017770939895633768, [31, 21, 35, 31, 18, 31, 18, 31, 16, 32, 16, 32, 16, 16, 32, 9]), (0.000177709362356123, [31, 21, 35, 31, 18, 31, 18, 31, 16, 32, 16, 32, 16, 32, 32, 9]), (0.00017770932230952885, [31, 21, 35, 31, 18, 31, 18, 31, 16, 32, 16, 32, 16, 16, 16, 9]), (0.00017770917764518376, [31, 21, 35, 31, 18, 31, 18, 31, 16, 32, 16, 32, 16, 16, 16, 9]), (0.0001777091593808028, [31, 21, 35, 31, 18, 31, 18, 31, 16, 32, 16, 32, 16, 16, 32, 9]), (0.00017770888008117574, [31, 21, 35, 31, 18, 31, 18, 31, 16, 32, 16, 32, 16, 16, 32, 9]), (0.00017770868137084947, [31, 21, 35, 31, 18, 31, 18, 31, 16, 32, 16, 32, 16, 32, 32, 25]), (0.00017770855837135818, [31, 21, 35, 31, 18, 31, 18, 31, 16, 32, 16, 32, 16, 32, 32, 25]), (0.00017770841733411963, [31, 21, 35, 31, 18, 31, 18, 31, 16, 32, 16, 32, 16, 16, 16, 9]), (0.00017770836939993864, [31, 21, 35, 31, 18, 31, 18, 31, 16, 32, 16, 32, 16, 32, 32, 9]), (0.00017770788356584116, [31, 21, 35, 31, 18, 31, 18, 31, 16, 32, 16, 32, 16, 16, 32, 25]), (0.00017770785846919372, [31, 21, 35, 31, 18, 31, 18, 31, 16, 32, 16, 16, 32, 16, 16, 9]), (0.00017770780995349917, [31, 21, 35, 31, 18, 31, 18, 31, 16, 32, 16, 32, 16, 16, 16, 25]), (0.00017770758392666593, [31, 21, 35, 31, 18, 31, 18, 31, 16, 32, 16, 16, 32, 16, 32, 25]), (0.00017770750488899317, [31, 21, 35, 31, 18, 31, 18, 31, 16, 32, 16, 16, 32, 16, 32, 25]), (0.00017770716062122496, [31, 21, 35, 31, 18, 31, 18, 31, 16, 32, 16, 32, 32, 32, 16, 25]), (0.00017770669629638464, [31, 21, 35, 31, 18, 31, 18, 31, 16, 32, 16, 32, 16, 16, 32, 25]), (0.00017770656646569146, [31, 21, 35, 31, 18, 31, 18, 31, 16, 32, 16, 16, 32, 32, 32, 9]), (0.00017770508222553195, [31, 21, 35, 31, 18, 31, 18, 31, 16, 32, 16, 16, 16, 32, 32, 25]), (0.0001777049930910947, [31, 21, 35, 31, 18, 31, 18, 31, 16, 32, 16, 16, 32, 16, 16, 25]), (0.0001777040033401426, [31, 21, 35, 31, 18, 31, 18, 31, 16, 32, 16, 16, 32, 16, 16, 25]), (0.00017770258115239936, [31, 21, 35, 31, 18, 31, 17, 31, 16, 32, 16, 32, 16, 16, 16, 9]), (0.00017770224375621233, [31, 21, 35, 31, 18, 31, 18, 31, 16, 32, 16, 16, 32, 16, 16, 25]), (0.0001777005791389228, [32, 30, 22, 34, 31, 18, 31, 17, 31, 16, 32, 16, 16, 16, 16, 25]), (0.00017770055045942916, [31, 21, 35, 31, 18, 31, 18, 31, 16, 32, 16, 16, 32, 32, 32, 25]), (0.0001776966857607168, [31, 21, 35, 31, 18, 31, 18, 31, 16, 32, 16, 16, 16, 32, 32, 25]), (0.00017769597292031643, [31, 21, 35, 31, 18, 31, 18, 31, 16, 32, 16, 16, 32, 16, 16, 25]), (0.00017769425902126185, [32, 30, 22, 34, 31, 18, 31, 17, 31, 16, 32, 16, 16, 16, 16, 25]), (0.00017767892186608156, [31, 21, 35, 31, 18, 31, 18, 31, 16, 32, 16, 16, 32, 16, 16, 9]), (0.0001776728101073963, [31, 21, 35, 31, 18, 31, 18, 30, 16, 32, 16, 16, 32, 32, 16, 9]), (0.00017766026203440899, [31, 21, 35, 31, 18, 31, 18, 30, 16, 31, 16, 16, 32, 16, 32, 25]), (0.00017766011985167286, [31, 21, 35, 31, 18, 31, 18, 30, 16, 32, 16, 16, 32, 32, 32, 25]), (0.0001776555147861914, [31, 21, 35, 31, 18, 31, 17, 31, 16, 32, 16, 32, 16, 32, 16, 25]), (0.0001776304991055733, [30, 21, 35, 31, 18, 31, 18, 30, 16, 32, 16, 32, 16, 32, 32, 9]), (0.00017761322042853938, [31, 21, 35, 31, 18, 31, 18, 30, 16, 32, 16, 16, 16, 32, 16, 25]), (0.00017761266404773366, [31, 21, 35, 31, 18, 31, 18, 30, 16, 32, 16, 16, 32, 32, 16, 25]), (0.00017752088723984281, [30, 21, 35, 31, 18, 31, 17, 31, 16, 32, 16, 16, 32, 16, 16, 9]), (0.00017751793815011985, [31, 31, 21, 35, 31, 18, 31, 17, 31, 16, 32, 16, 16, 32, 32, 9]), (0.00017751793815011985, [31, 31, 21, 35, 31, 18, 31, 17, 31, 16, 32, 16, 16, 32, 32, 9]), (0.0001775108631328283, [31, 21, 35, 31, 18, 31, 15, 4, 30, 16, 16, 32, 16, 16, 16, 25]), (0.0001775107281292782, [31, 21, 35, 31, 18, 31, 15, 4, 30, 16, 16, 32, 16, 16, 32, 25]), (0.0001774955884000041, [31, 21, 35, 31, 18, 31, 18, 30, 16, 32, 16, 16, 32, 16, 16, 25]), (0.00017748276176955634, [30, 21, 35, 31, 18, 31, 17, 31, 16, 32, 16, 16, 32, 32, 32, 25]), (0.00017745987831299217, [30, 21, 35, 31, 19, 31, 18, 30, 16, 31, 16, 16, 16, 32, 32, 9]), (0.00017742511678474885, [30, 21, 35, 31, 18, 31, 15, 4, 30, 16, 16, 32, 16, 16, 16, 25]), (0.00017733661604556487, [31, 30, 23, 34, 31, 18, 31, 17, 31, 16, 32, 16, 16, 32, 16, 9]), (0.00017724648195501658, [30, 22, 34, 31, 18, 31, 18, 30, 16, 31, 16, 16, 32, 16, 16, 9]), (0.00017715033971859367, [30, 22, 35, 30, 19, 31, 18, 30, 16, 32, 16, 16, 16, 32, 32, 25]), (0.00017702052702276024, [30, 22, 35, 30, 19, 31, 18, 30, 16, 32, 16, 16, 16, 32, 16, 25]), (0.00017696543133988052, [17, 36, 34, 31, 18, 31, 17, 31, 16, 32, 16, 16, 32, 16, 32, 9]), (0.00017696510903139203, [17, 36, 34, 31, 18, 31, 17, 31, 16, 32, 16, 16, 32, 32, 16, 25]), (0.00017696398549533365, [17, 36, 34, 31, 18, 31, 17, 31, 16, 32, 16, 16, 32, 32, 16, 25]), (0.00017696372280536936, [17, 36, 34, 31, 18, 31, 17, 31, 16, 32, 16, 16, 32, 16, 32, 25]), (0.00017696259108662617, [17, 36, 34, 31, 18, 31, 17, 31, 16, 32, 16, 32, 16, 32, 16, 9]), (0.00017696254169940134, [17, 36, 34, 31, 18, 31, 17, 31, 16, 32, 16, 32, 16, 16, 32, 25]), (0.00017696223875228784, [17, 36, 34, 31, 18, 31, 17, 31, 16, 32, 16, 32, 16, 32, 16, 9]), (0.00017696217699735304, [17, 36, 34, 31, 18, 31, 17, 31, 16, 32, 16, 32, 16, 32, 16, 9]), (0.00017696212848056776, [17, 36, 34, 31, 18, 31, 17, 31, 16, 32, 16, 32, 16, 16, 16, 25]), (0.00017696157001412992, [30, 22, 34, 31, 19, 31, 18, 31, 16, 32, 16, 16, 32, 16, 32, 25]), (0.0001769609303853093, [17, 36, 34, 31, 18, 31, 17, 31, 16, 32, 16, 32, 16, 16, 16, 9]), (0.00017696016826556745, [17, 36, 34, 31, 18, 31, 17, 31, 16, 32, 16, 16, 32, 16, 16, 9]), (0.0001769601635957877, [17, 36, 34, 31, 18, 31, 17, 31, 16, 32, 16, 16, 32, 16, 32, 9]), (0.0001769570058342708, [17, 36, 34, 31, 18, 31, 17, 31, 16, 32, 16, 16, 32, 32, 32, 9]), (0.0001769492911714499, [17, 36, 34, 31, 18, 31, 17, 31, 16, 32, 16, 16, 32, 32, 32, 9]), (0.0001769491075176172, [17, 36, 34, 31, 18, 31, 17, 31, 16, 32, 16, 32, 32, 16, 16, 9]), (0.0001769439541518903, [30, 22, 35, 30, 19, 31, 18, 30, 16, 32, 16, 16, 32, 32, 16, 9]), (0.00017692352202765128, [17, 36, 34, 31, 18, 31, 17, 31, 16, 32, 16, 16, 32, 16, 32, 25]), (0.00017691838135468492, [17, 36, 34, 31, 18, 31, 17, 31, 16, 32, 16, 32, 32, 16, 16, 9]), (0.0001768868628735041, [17, 36, 34, 31, 18, 31, 17, 31, 16, 32, 16, 16, 16, 32, 32, 25]), (0.00017685114913792288, [30, 22, 35, 30, 19, 31, 18, 31, 16, 32, 16, 16, 16, 32, 32, 9]), (0.00017683073044908314, [17, 36, 34, 31, 18, 31, 17, 31, 16, 32, 16, 32, 16, 16, 16, 9]), (0.00017680522947370332, [17, 36, 34, 31, 18, 31, 17, 31, 16, 32, 15, 16, 16, 32, 32, 9]), (0.00017671179525609147, [17, 37, 34, 30, 19, 31, 17, 31, 16, 32, 16, 16, 32, 16, 16, 25]), (0.00017667725010641808, [32, 17, 39, 31, 31, 18, 31, 17, 31, 16, 32, 16, 32, 16, 16, 25]), (0.00017659827740237126, [31, 30, 22, 35, 31, 18, 31, 15, 4, 30, 16, 16, 32, 16, 32, 25]), (0.00017645131229653173, [17, 37, 33, 31, 18, 31, 17, 31, 16, 31, 16, 16, 32, 16, 16, 9]), (0.00017644381805281237, [17, 37, 33, 31, 18, 31, 17, 31, 16, 31, 16, 16, 16, 32, 32, 9]), (0.0001761822068256649, [30, 22, 34, 31, 19, 31, 15, 4, 30, 15, 32, 15, 16, 16, 17, 8]), (0.00017609787610800513, [17, 37, 33, 31, 18, 31, 18, 30, 16, 32, 16, 32, 32, 32, 32, 25]), (0.00017607654097477244, [17, 36, 35, 31, 18, 29, 4, 13, 32, 16, 32, 16, 16, 32, 16, 25]), (0.0001760753221214827, [17, 36, 35, 31, 18, 29, 4, 13, 32, 16, 32, 16, 16, 16, 16, 9]), (0.00017591521143567, [17, 36, 34, 31, 18, 31, 15, 4, 30, 16, 16, 32, 16, 16, 16, 25]), (0.00017591499884191228, [17, 36, 34, 31, 18, 31, 15, 4, 30, 16, 16, 32, 16, 16, 16, 25]), (0.00017590810876008493, [17, 36, 34, 31, 18, 31, 15, 4, 30, 16, 16, 32, 16, 32, 32, 9]), (0.00017585516734637777, [17, 37, 34, 31, 18, 31, 15, 4, 30, 16, 16, 32, 16, 16, 16, 9]), (0.00017583637784188556, [31, 18, 37, 33, 31, 18, 31, 15, 4, 14, 31, 16, 32, 16, 16, 25]), (0.0001758182176339566, [31, 21, 35, 31, 18, 31, 18, 31, 14, 4, 14, 32, 16, 32, 16, 25]), (0.0001757537992495365, [30, 22, 34, 30, 19, 30, 18, 31, 16, 33, 14, 16, 32, 15, 17, 7]), (0.00017567257344099007, [31, 21, 35, 31, 18, 31, 18, 31, 14, 4, 30, 16, 16, 16, 32, 25]), (0.00017567257344099007, [31, 21, 35, 31, 18, 31, 18, 31, 14, 4, 30, 16, 16, 16, 32, 25]), (0.00017567257344099007, [31, 21, 35, 31, 18, 31, 18, 31, 14, 4, 30, 16, 16, 16, 32, 25]), (0.00017537628442414015, [18, 35, 35, 31, 18, 31, 17, 31, 16, 32, 32, 32, 15, 32, 31, 9]), (0.00017518214941764432, [31, 21, 35, 31, 18, 31, 15, 4, 15, 31, 16, 32, 16, 16, 32, 25]), (0.00017517916908795774, [31, 21, 35, 31, 18, 31, 15, 4, 15, 31, 16, 32, 16, 16, 16, 9]), (0.00017453394564151842, [17, 36, 34, 31, 18, 31, 15, 4, 15, 31, 16, 32, 16, 16, 32, 25]), (0.00017451016077097141, [17, 36, 34, 31, 18, 31, 15, 4, 15, 31, 16, 32, 16, 16, 32, 25]), (0.00017448186374183206, [30, 23, 33, 31, 19, 31, 17, 31, 16, 32, 15, 32, 15, 16, 32, 25]), (0.00017431171958623635, [17, 36, 34, 31, 18, 31, 15, 4, 15, 31, 32, 16, 16, 32, 16, 9]), (0.00017411533893265996, [18, 34, 35, 31, 18, 31, 17, 31, 16, 32, 32, 16, 31, 16, 15, 26]), (0.00017402430228387163, [30, 23, 34, 29, 20, 30, 18, 30, 16, 32, 16, 32, 32, 16, 32, 9]), (0.00017392487238750164, [29, 24, 32, 15, 4, 31, 17, 31, 16, 32, 16, 16, 32, 32, 16, 25]), (0.00017391622729400293, [29, 24, 32, 15, 4, 31, 17, 31, 16, 32, 16, 16, 16, 32, 32, 9]), (0.00017387684109290577, [31, 28, 26, 33, 12, 5, 31, 16, 32, 16, 32, 16, 32, 32, 32, 9]), (0.00017387480757490045, [17, 37, 31, 4, 11, 4, 30, 15, 4, 15, 31, 16, 32, 16, 16, 25]), (0.00017381761669357538, [29, 24, 32, 15, 4, 31, 15, 4, 15, 31, 16, 32, 16, 16, 32, 9]), (0.00017370354230283435, [31, 19, 37, 32, 4, 12, 31, 17, 31, 16, 32, 16, 32, 32, 32, 9]), (0.00017361738482463677, [30, 22, 34, 30, 16, 4, 13, 4, 30, 16, 32, 16, 16, 32, 32, 9]), (0.00017361208379559006, [31, 17, 37, 33, 31, 18, 29, 4, 12, 4, 14, 31, 16, 32, 16, 25]), (0.00017360277231473226, [16, 33, 37, 33, 31, 18, 31, 17, 31, 16, 32, 16, 16, 32, 16, 9]), (0.00017359315939458983, [30, 22, 34, 30, 16, 4, 13, 4, 30, 16, 32, 16, 16, 32, 32, 25]), (0.00017358664049909358, [30, 22, 34, 30, 16, 4, 13, 4, 30, 16, 32, 16, 16, 32, 16, 9]), (0.00017356473978888336, [16, 33, 37, 33, 31, 17, 31, 17, 31, 16, 32, 16, 32, 32, 16, 9]), (0.0001735508210145749, [16, 33, 37, 33, 31, 17, 31, 17, 31, 16, 32, 16, 16, 32, 16, 25]), (0.00017256837976156766, [31, 30, 25, 31, 30, 19, 31, 17, 31, 16, 32, 16, 16, 16, 32, 9]), (0.00017179042216899516, [19, 36, 32, 19, 29, 4, 14, 32, 16, 32, 16, 16, 32, 16, 32, 25]), (0.00017179036700346343, [19, 36, 32, 19, 29, 4, 14, 32, 16, 32, 16, 16, 32, 16, 16, 25]), (0.00017179031003584523, [19, 36, 32, 19, 29, 4, 14, 32, 16, 32, 16, 16, 32, 32, 32, 9]), (0.00017179007221471796, [19, 36, 32, 19, 29, 4, 14, 32, 16, 32, 16, 16, 32, 32, 32, 25]), (0.00017178093113431818, [19, 36, 32, 19, 29, 4, 14, 32, 16, 32, 16, 16, 32, 32, 32, 9]), (0.0001717805160880298, [19, 36, 32, 19, 29, 4, 14, 32, 16, 32, 16, 16, 32, 16, 32, 9]), (0.00017167350291975527, [31, 20, 36, 32, 18, 30, 32, 16, 16, 31, 16, 32, 16, 16, 32, 25]), (0.00017161347309174507, [31, 20, 36, 32, 18, 30, 32, 16, 16, 31, 16, 32, 32, 16, 32, 9]), (0.0001715639616080878, [31, 20, 36, 32, 18, 30, 32, 16, 32, 16, 16, 32, 16, 16, 32, 25]), (0.00017153758461466143, [31, 30, 26, 30, 30, 19, 31, 17, 31, 16, 32, 16, 16, 32, 32, 25]), (0.00017122801235723152, [30, 24, 33, 28, 19, 4, 13, 4, 30, 16, 16, 31, 16, 32, 16, 25]), (0.0001712079784832572, [32, 31, 18, 37, 32, 31, 17, 31, 17, 31, 16, 32, 16, 16, 32, 9]), (0.00017120564776132194, [32, 31, 18, 37, 32, 31, 17, 31, 17, 31, 16, 32, 16, 32, 16, 25]), (0.00017114953647198538, [31, 31, 18, 37, 33, 31, 17, 31, 17, 31, 16, 32, 16, 16, 32, 9]), (0.00017086645012610966, [31, 31, 18, 37, 32, 31, 18, 31, 17, 31, 16, 32, 32, 16, 16, 9]), (0.0001708102037752329, [36, 32, 15, 4, 31, 17, 31, 16, 32, 16, 16, 32, 16, 32, 16, 9]), (0.00017080591221318298, [36, 32, 15, 4, 31, 17, 31, 16, 32, 16, 32, 16, 16, 32, 16, 25]), (0.00017080341406612942, [36, 32, 15, 4, 31, 17, 31, 16, 32, 16, 32, 32, 32, 16, 32, 9]), (0.00017080270674754502, [36, 32, 15, 4, 31, 17, 31, 16, 32, 16, 16, 32, 16, 32, 32, 9]), (0.00017080270674754502, [36, 32, 15, 4, 31, 17, 31, 16, 32, 16, 16, 32, 16, 32, 32, 9]), (0.0001707466655675301, [32, 31, 21, 35, 31, 18, 31, 32, 15, 16, 32, 16, 16, 16, 32, 25]), (0.00017018305921520047, [32, 30, 23, 34, 31, 16, 4, 16, 30, 32, 15, 16, 32, 16, 16, 9]), (0.0001700658510152363, [30, 22, 34, 30, 16, 4, 16, 29, 17, 31, 16, 32, 16, 16, 32, 25]), (0.00017003601451900244, [31, 31, 19, 36, 34, 31, 17, 31, 17, 31, 16, 32, 16, 16, 32, 9]), (0.00016978261944523655, [31, 19, 37, 32, 29, 17, 4, 16, 30, 17, 31, 16, 32, 16, 32, 9]), (0.00016976624294630008, [18, 37, 32, 4, 12, 32, 17, 31, 16, 32, 16, 32, 16, 16, 16, 25]), (0.00016976534646395345, [18, 37, 32, 4, 12, 32, 17, 31, 16, 32, 16, 32, 16, 32, 32, 25]), (0.00016970890223574003, [17, 36, 35, 32, 18, 31, 32, 15, 32, 15, 16, 32, 32, 32, 16, 9]), (0.0001697083742972638, [17, 36, 35, 32, 18, 31, 32, 15, 32, 15, 16, 32, 32, 16, 32, 9]), (0.00016970768824091313, [17, 36, 35, 32, 18, 31, 32, 15, 32, 15, 16, 32, 32, 32, 16, 25]), (0.00016967573190826993, [30, 25, 31, 30, 19, 31, 18, 31, 16, 32, 16, 16, 16, 16, 16, 25]), (0.0001696250079214761, [17, 35, 35, 31, 18, 30, 32, 16, 32, 16, 16, 32, 16, 16, 32, 25]), (0.00016953945300439695, [31, 30, 23, 33, 4, 13, 31, 17, 30, 16, 32, 16, 32, 16, 32, 9]), (0.00016950368973095653, [30, 23, 34, 29, 17, 4, 16, 29, 17, 31, 16, 32, 16, 32, 32, 25]), (0.0001691914062402307, [31, 29, 24, 32, 4, 13, 31, 15, 4, 30, 16, 16, 32, 16, 32, 25]), (0.00016907111638758817, [36, 32, 15, 4, 31, 17, 31, 14, 4, 14, 32, 16, 16, 32, 32, 25]), (0.0001690652763213303, [36, 32, 15, 4, 31, 17, 31, 14, 4, 14, 32, 16, 16, 32, 16, 9]), (0.0001690632948471006, [20, 36, 31, 18, 31, 15, 4, 30, 16, 16, 32, 16, 16, 32, 16, 25]), (0.00016906179872285787, [20, 36, 31, 18, 31, 15, 4, 30, 15, 16, 32, 16, 32, 16, 16, 9]), (0.00016899826026270368, [20, 35, 31, 19, 31, 15, 4, 30, 16, 16, 32, 16, 32, 32, 32, 9]), (0.0001686520056372317, [31, 28, 26, 32, 20, 27, 4, 12, 4, 15, 31, 16, 32, 16, 32, 9]), (0.00016852905129481838, [20, 35, 31, 18, 31, 18, 30, 16, 32, 16, 32, 16, 16, 16, 16, 9]), (0.0001685289887263452, [20, 35, 31, 18, 31, 18, 30, 16, 32, 16, 16, 32, 32, 16, 16, 9]), (0.00016852888085218634, [20, 35, 31, 18, 31, 18, 30, 16, 32, 16, 32, 16, 16, 16, 32, 9]), (0.00016852883549286257, [20, 35, 31, 18, 31, 18, 30, 16, 32, 16, 32, 16, 32, 32, 16, 9]), (0.00016852881255828466, [20, 35, 31, 18, 31, 18, 30, 16, 32, 16, 32, 16, 32, 32, 16, 9]), (0.0001685287549324854, [20, 35, 31, 18, 31, 18, 30, 16, 32, 16, 16, 32, 16, 16, 32, 9]), (0.0001685287180571362, [20, 35, 31, 18, 31, 18, 30, 16, 32, 16, 32, 16, 16, 16, 16, 9]), (0.00016852853394187293, [20, 35, 31, 18, 31, 18, 30, 16, 32, 16, 32, 16, 32, 32, 32, 25]), (0.00016852825049199743, [20, 35, 31, 18, 31, 18, 30, 16, 32, 16, 32, 32, 32, 32, 32, 9]), (0.0001685282223179803, [20, 35, 31, 18, 31, 18, 30, 16, 32, 16, 16, 32, 32, 32, 16, 25]), (0.0001685278645981541, [20, 35, 31, 18, 31, 18, 30, 16, 32, 16, 32, 16, 16, 16, 16, 9]), (0.00016852781225322412, [20, 35, 31, 18, 31, 18, 30, 16, 32, 16, 32, 32, 32, 16, 32, 9]), (0.0001685268646327684, [20, 35, 31, 18, 31, 18, 30, 16, 32, 16, 16, 32, 16, 32, 32, 25]), (0.0001685263119700745, [20, 35, 31, 18, 31, 18, 30, 16, 31, 16, 16, 32, 16, 16, 32, 9]), (0.00016852594804198592, [20, 35, 31, 18, 31, 18, 30, 16, 32, 16, 16, 32, 16, 32, 32, 9]), (0.00016852552523498839, [20, 35, 31, 18, 31, 18, 30, 16, 32, 16, 16, 16, 32, 32, 32, 9]), (0.00016852430409663332, [20, 36, 31, 18, 31, 18, 30, 16, 32, 16, 32, 32, 32, 16, 32, 25]), (0.00016852163824419386, [20, 36, 31, 18, 31, 18, 30, 16, 31, 16, 32, 16, 32, 16, 16, 25]), (0.00016851684158608897, [20, 35, 31, 18, 31, 18, 30, 16, 32, 16, 32, 16, 16, 16, 16, 9]), (0.0001685103667746852, [20, 35, 31, 18, 31, 18, 30, 16, 32, 16, 32, 16, 16, 16, 32, 25]), (0.00016849903928982502, [20, 35, 31, 19, 31, 18, 30, 16, 32, 16, 32, 32, 32, 32, 32, 25]), (0.00016849342963440433, [20, 35, 31, 18, 31, 18, 30, 16, 32, 16, 32, 16, 32, 32, 16, 9]), (0.00016843915409477412, [20, 35, 31, 19, 31, 18, 30, 16, 32, 16, 32, 16, 32, 32, 16, 9]), (0.0001684348107680716, [30, 26, 30, 30, 19, 31, 18, 31, 17, 32, 16, 16, 32, 32, 32, 25]), (0.00016819357706348637, [31, 28, 26, 32, 20, 27, 4, 14, 31, 16, 32, 16, 16, 16, 32, 9]), (0.0001681036255963096, [31, 28, 26, 32, 20, 27, 4, 14, 31, 16, 32, 16, 32, 16, 32, 25]), (0.00016809669236495433, [36, 32, 15, 4, 31, 15, 4, 30, 15, 16, 32, 16, 16, 32, 32, 25]), (0.00016788531158401458, [32, 31, 30, 25, 32, 31, 18, 31, 17, 31, 16, 32, 16, 16, 32, 25]), (0.00016784548732189948, [21, 35, 30, 19, 31, 18, 30, 16, 32, 16, 16, 32, 16, 16, 32, 25]), (0.00016729038548763571, [30, 27, 28, 31, 19, 31, 18, 31, 16, 32, 16, 16, 16, 32, 32, 25]), (0.00016727801250834837, [30, 27, 28, 31, 19, 31, 18, 30, 17, 32, 16, 32, 16, 32, 32, 9]), (0.00016694457400691622, [20, 35, 31, 18, 31, 18, 30, 14, 4, 30, 16, 16, 16, 16, 32, 25]), (0.0001669022486536355, [30, 26, 29, 30, 19, 31, 18, 31, 15, 4, 14, 31, 16, 16, 32, 25]), (0.00016565844406240683, [21, 35, 31, 19, 31, 15, 4, 12, 4, 30, 16, 16, 32, 16, 16, 25]), (0.00016565124272279453, [21, 35, 31, 19, 31, 15, 4, 12, 4, 30, 16, 16, 32, 32, 16, 25]), (0.00016513075145748336, [21, 35, 30, 20, 30, 15, 4, 15, 31, 16, 32, 32, 32, 16, 32, 25]), (0.00016405334796416643, [20, 36, 32, 19, 30, 32, 16, 17, 31, 16, 32, 16, 32, 16, 32, 9]), (0.00015737967093183125, [36, 32, 20, 28, 4, 14, 31, 16, 32, 16, 16, 32, 16, 16, 16, 9]), (0.00015737967093183125, [36, 32, 20, 28, 4, 14, 31, 16, 32, 16, 16, 32, 16, 16, 16, 9]), (0.00015606111875775372, [36, 33, 4, 12, 32, 18, 30, 17, 31, 16, 32, 32, 32, 32, 32, 25])]
