__init__ Optimal Geometry
[(4, 40), (4, 40), (4, 40), (4, 40), (4, 40), (4, 40), (4, 40), (4, 40), (4, 40), (4, 40), (4, 40), (4, 40), (4, 40), (4, 40)]
[18, 35, 19, 35, 13, 36, 15, 21, 25, 25, 37, 28, 24, 4] 6.206853173636573e-05
[22, 8, 7, 10, 40, 31, 33, 14, 16, 12, 22, 13, 12, 40] 3.790811244263502e-05
[13, 5, 40, 33, 36, 31, 10, 13, 11, 32, 33, 22, 22, 16] 2.3122826799057546e-05
[32, 25, 27, 7, 18, 19, 32, 16, 11, 19, 6, 27, 13, 22] 6.555347341429103e-05
[9, 35, 11, 15, 23, 40, 23, 20, 30, 19, 4, 13, 8, 9] 4.46170120048619e-05
[33, 37, 21, 27, 18, 33, 16, 21, 30, 15, 9, 26, 16, 11] 7.498867216853304e-05
[4, 24, 9, 36, 11, 17, 36, 4, 32, 12, 23, 33, 5, 6] 7.093297047628331e-06
[33, 20, 9, 15, 16, 20, 19, 6, 39, 15, 7, 22, 17, 37] 4.176379747209968e-05
[37, 35, 7, 20, 35, 17, 16, 26, 9, 24, 39, 31, 12, 23] 3.032467760825655e-05
[38, 25, 7, 9, 33, 28, 40, 18, 20, 15, 38, 40, 26, 40] 4.007773697145925e-05
[14, 17, 38, 4, 16, 9, 4, 35, 8, 19, 37, 5, 39, 5] 7.5056808163633185e-06
[28, 26, 18, 9, 14, 39, 19, 34, 10, 32, 28, 25, 12, 32] 5.264843393087794e-05
[39, 6, 38, 35, 22, 6, 36, 31, 23, 10, 25, 24, 29, 6] 2.575267420487493e-05
[28, 29, 30, 12, 39, 7, 12, 7, 30, 12, 14, 7, 33, 33] 5.5890213758012805e-05
[12, 31, 10, 34, 39, 39, 28, 28, 10, 30, 38, 21, 38, 7] 1.4496256832474504e-05
[7, 9, 18, 23, 24, 19, 12, 4, 29, 27, 19, 39, 13, 37] 2.229172477214993e-05
[18, 14, 15, 31, 37, 22, 33, 13, 27, 5, 16, 25, 6, 16] 3.6497911622558976e-05
[30, 14, 8, 21, 29, 23, 34, 11, 15, 16, 34, 29, 32, 25] 5.066438351106315e-05
[35, 6, 22, 7, 21, 12, 22, 35, 35, 26, 25, 26, 15, 37] 4.472573535746004e-05
[25, 6, 13, 26, 32, 9, 34, 13, 9, 14, 35, 27, 14, 17] 3.5350194388522415e-05
[18, 6, 10, 38, 34, 29, 11, 40, 13, 6, 31, 10, 15, 16] 4.738212215232317e-05
[15, 19, 36, 31, 21, 33, 19, 13, 34, 40, 38, 39, 23, 10] 8.79680987399964e-05
[25, 4, 14, 31, 34, 40, 39, 21, 29, 40, 19, 18, 18, 32] 7.419448946867443e-05
[34, 29, 20, 13, 5, 8, 4, 40, 34, 4, 22, 30, 13, 16] 6.54773742367213e-05
[11, 20, 9, 9, 40, 12, 34, 39, 4, 36, 25, 6, 23, 5] 1.552904324374131e-05
[16, 17, 20, 23, 20, 35, 27, 36, 31, 27, 22, 19, 15, 12] 3.0490883622275014e-05
[32, 6, 5, 40, 4, 35, 30, 24, 14, 10, 10, 12, 36, 15] 2.3522951500323203e-05
[35, 8, 37, 34, 29, 6, 21, 17, 32, 33, 39, 27, 35, 28] 2.9454213596823835e-05
[26, 8, 33, 39, 32, 33, 37, 12, 4, 30, 39, 11, 40, 38] 4.050571512002978e-05
[25, 27, 6, 35, 35, 11, 16, 26, 28, 28, 7, 9, 34, 16] 3.6846177847038406e-05
[27, 13, 28, 5, 35, 8, 23, 14, 24, 29, 38, 21, 24, 9] 2.4374221572475696e-05
[5, 33, 16, 26, 15, 19, 12, 25, 25, 6, 9, 23, 14, 18] 3.902327564395037e-05
[15, 16, 15, 36, 24, 38, 31, 31, 19, 17, 27, 39, 24, 21] 2.8172669297635737e-05
[19, 15, 8, 13, 39, 33, 12, 32, 21, 38, 32, 9, 14, 38] 3.333290376841016e-05
[17, 15, 28, 19, 32, 36, 34, 21, 37, 24, 6, 6, 8, 35] 2.477554816550135e-05
[25, 12, 39, 35, 32, 10, 36, 37, 25, 30, 37, 21, 11, 22] 4.554245471330753e-05
[5, 9, 18, 37, 14, 32, 15, 35, 26, 21, 19, 13, 11, 8] 2.8151457222812365e-05
[13, 22, 9, 37, 25, 17, 22, 27, 32, 8, 26, 19, 17, 23] 2.5041427651753707e-05
[12, 9, 29, 4, 12, 21, 37, 24, 27, 9, 36, 20, 15, 13] 3.3618707113668436e-05
[6, 16, 20, 38, 6, 16, 27, 22, 16, 4, 14, 32, 32, 27] 1.7721994659552797e-05
[20, 39, 23, 4, 36, 10, 21, 10, 14, 18, 15, 20, 17, 15] 4.199184796452987e-05
[32, 24, 8, 7, 7, 4, 27, 24, 18, 9, 15, 12, 9, 6] 4.8462316180659e-05
[11, 5, 30, 30, 39, 16, 18, 5, 23, 14, 40, 26, 24, 20] 3.5564492127512895e-05
[10, 24, 20, 10, 10, 19, 24, 14, 5, 11, 4, 34, 11, 24] 1.639944821660175e-05
[40, 24, 24, 20, 28, 37, 28, 32, 18, 8, 33, 22, 32, 21] 5.1880969257388886e-05
[26, 32, 25, 18, 16, 36, 16, 26, 7, 14, 12, 14, 39, 8] 6.102183102829974e-05
[13, 13, 10, 34, 31, 5, 28, 31, 12, 26, 18, 38, 7, 12] 1.9007174140916798e-05
[15, 16, 10, 5, 27, 21, 37, 11, 40, 23, 25, 8, 34, 25] 3.129497900849767e-05
[12, 16, 23, 29, 10, 24, 25, 37, 8, 24, 14, 25, 29, 27] 1.77525518635045e-05
[39, 38, 31, 12, 34, 10, 5, 20, 19, 6, 9, 40, 40, 20] 4.3176610175231876e-05
[37, 40, 16, 16, 30, 33, 39, 24, 39, 11, 7, 25, 11, 28] 1.1969789450032727e-05
[10, 37, 6, 23, 30, 8, 25, 19, 38, 6, 16, 29, 38, 29] 1.4430048150114323e-05
[8, 28, 40, 8, 20, 13, 20, 34, 12, 20, 16, 28, 17, 29] 4.782150592291522e-05
[12, 39, 18, 31, 35, 19, 15, 5, 19, 36, 24, 7, 5, 38] 5.111446500502388e-05
[21, 14, 21, 7, 33, 11, 17, 23, 30, 15, 35, 9, 4, 13] 2.9916038028977573e-05
[30, 6, 6, 31, 28, 4, 18, 8, 14, 23, 5, 28, 26, 27] 3.819714279628272e-05
[22, 10, 16, 18, 23, 34, 33, 11, 20, 18, 4, 33, 34, 24] 2.806560328307431e-05
[19, 7, 25, 11, 13, 16, 31, 35, 32, 19, 6, 14, 9, 25] 3.111139991218349e-05
[24, 22, 32, 6, 11, 36, 21, 13, 4, 36, 5, 7, 16, 12] 4.400138503887731e-05
[31, 31, 26, 39, 12, 33, 26, 33, 24, 10, 33, 14, 14, 17] 7.094948235829876e-05
[36, 8, 14, 31, 33, 7, 16, 6, 24, 34, 34, 21, 5, 9] 2.0186161842906155e-05
[30, 15, 4, 39, 11, 36, 16, 28, 34, 17, 23, 9, 19, 25] 8.055154080999625e-05
[22, 22, 11, 29, 21, 30, 33, 18, 14, 15, 34, 6, 24, 10] 6.959587054234795e-05
[11, 20, 14, 12, 27, 25, 32, 15, 17, 29, 21, 35, 15, 28] 2.538891287455532e-05
[32, 17, 10, 38, 28, 10, 25, 13, 25, 11, 36, 16, 9, 32] 2.987673441082417e-05
[27, 18, 28, 29, 21, 15, 24, 6, 9, 40, 28, 27, 28, 34] 5.3232124891789735e-05
[15, 34, 22, 28, 30, 37, 28, 39, 15, 5, 14, 25, 9, 21] 5.368157036879697e-05
[19, 6, 17, 35, 15, 37, 34, 29, 24, 37, 22, 26, 37, 37] 6.15001894318176e-05
[26, 21, 35, 29, 15, 37, 4, 34, 27, 31, 21, 9, 17, 6] 7.953178339801677e-05
[5, 18, 21, 40, 8, 29, 28, 13, 14, 19, 39, 40, 30, 26] 2.8140549349873054e-05
[27, 39, 7, 24, 7, 33, 24, 23, 18, 5, 5, 10, 9, 17] 3.693885657450378e-05
[34, 17, 14, 29, 34, 25, 19, 18, 22, 29, 31, 14, 14, 31] 3.5813325667192585e-05
[17, 5, 32, 15, 22, 4, 17, 38, 22, 10, 20, 7, 15, 17] 5.116443516369673e-05
[19, 38, 35, 7, 22, 20, 6, 27, 7, 7, 20, 21, 6, 24] 3.419215450205218e-05
[25, 22, 39, 7, 10, 29, 38, 5, 5, 5, 35, 18, 18, 16] 3.073765621950378e-05
[36, 30, 7, 18, 16, 25, 18, 23, 25, 25, 40, 37, 25, 17] 2.468210487822778e-05
[24, 13, 29, 4, 5, 37, 10, 37, 23, 30, 26, 26, 37, 20] 4.202646473947627e-05
[7, 12, 38, 25, 29, 19, 22, 28, 7, 28, 35, 27, 24, 9] 6.312175979807216e-05
[29, 39, 40, 14, 32, 40, 34, 16, 30, 19, 10, 18, 26, 39] 4.230861263170444e-05
[8, 33, 40, 28, 32, 19, 15, 12, 24, 16, 21, 30, 27, 14] 6.437550994846236e-05
[17, 40, 22, 5, 23, 23, 21, 19, 29, 12, 31, 19, 24, 5] 6.51930111956342e-05
[33, 26, 40, 16, 17, 6, 5, 6, 15, 39, 39, 28, 4, 37] 4.6297514509798164e-05
[37, 39, 39, 15, 39, 5, 25, 22, 33, 9, 22, 32, 39, 29] 3.826500340095214e-05
[24, 6, 14, 30, 31, 40, 13, 17, 36, 34, 4, 14, 18, 27] 6.0372799287866766e-05
[9, 15, 30, 26, 6, 24, 18, 30, 15, 12, 35, 15, 4, 8] 3.714324677531885e-05
[29, 4, 33, 36, 15, 17, 30, 23, 35, 29, 18, 24, 11, 24] 4.607350594793285e-05
[12, 33, 19, 7, 36, 4, 17, 6, 34, 39, 32, 9, 11, 33] 2.1738260945045754e-05
[6, 27, 15, 20, 26, 22, 27, 12, 35, 12, 39, 38, 31, 27] 2.3200077469753626e-05
[23, 39, 39, 26, 37, 16, 30, 13, 6, 30, 29, 19, 11, 17] 8.191328628667575e-05
[27, 19, 37, 24, 6, 36, 26, 29, 12, 12, 24, 19, 13, 23] 5.082038914717507e-05
[32, 37, 23, 38, 19, 38, 24, 11, 40, 15, 7, 9, 13, 10] 4.312198859464528e-05
[33, 16, 39, 6, 40, 10, 20, 23, 20, 32, 34, 33, 16, 4] 2.8319942654160856e-05
[34, 11, 9, 14, 33, 36, 34, 11, 15, 16, 23, 16, 34, 19] 4.070328151351547e-05
[39, 18, 27, 26, 11, 28, 27, 25, 5, 27, 25, 40, 21, 16] 4.026876273795488e-05
[5, 15, 6, 13, 12, 39, 21, 15, 31, 4, 40, 9, 39, 21] 1.6528480009060344e-05
[25, 11, 33, 34, 33, 31, 7, 31, 21, 31, 8, 24, 26, 22] 2.4310814912963606e-05
[34, 34, 22, 40, 18, 18, 15, 36, 25, 17, 12, 9, 16, 10] 5.9054328903708475e-05
[7, 16, 27, 12, 15, 14, 30, 29, 35, 40, 12, 31, 27, 11] 2.1962475005793123e-05
[10, 16, 19, 16, 31, 34, 31, 9, 10, 9, 6, 25, 15, 20] 1.709070562897842e-05
[6, 8, 24, 14, 32, 36, 6, 34, 37, 7, 12, 21, 8, 15] 1.1145430227276408e-05
[15, 22, 28, 23, 17, 32, 17, 19, 35, 34, 10, 29, 17, 8] 3.2241781901997486e-05
[22, 40, 22, 40, 37, 14, 7, 7, 22, 27, 35, 24, 20, 33] 3.2730867895439564e-05
[13, 17, 14, 29, 24, 22, 15, 10, 8, 5, 32, 19, 37, 24] 2.5596002922544185e-05
[18, 15, 23, 25, 22, 16, 6, 9, 21, 38, 17, 10, 27, 32] 2.687258514622221e-05
[20, 18, 33, 8, 30, 11, 7, 5, 26, 24, 18, 8, 25, 24] 3.087438285251582e-05
[28, 31, 23, 5, 32, 6, 11, 26, 33, 17, 33, 9, 9, 14] 5.396648153139722e-05
[34, 22, 4, 16, 30, 9, 11, 26, 25, 18, 7, 34, 22, 11] 7.360406900259026e-05
[4, 28, 34, 38, 5, 36, 37, 5, 20, 15, 29, 20, 21, 13] 3.133033014620668e-05
[26, 14, 38, 7, 16, 19, 12, 23, 37, 6, 29, 35, 9, 21] 9.203322959240607e-06
[23, 26, 31, 25, 21, 28, 6, 35, 8, 40, 15, 27, 35, 39] 8.944488384514468e-05
[32, 38, 30, 19, 35, 14, 40, 29, 39, 10, 9, 17, 39, 30] 6.596370628079621e-05
[28, 12, 30, 39, 8, 8, 22, 22, 24, 22, 11, 36, 29, 6] 1.0360919705031255e-05
[29, 28, 6, 26, 14, 5, 5, 40, 29, 37, 22, 22, 40, 18] 3.770329141352743e-05
[15, 4, 9, 38, 7, 29, 32, 19, 32, 38, 31, 26, 24, 8] 4.864402435184667e-05
[15, 19, 29, 33, 23, 39, 26, 38, 33, 5, 29, 30, 28, 27] 2.462628146928035e-05
[36, 5, 32, 29, 36, 10, 25, 5, 18, 17, 28, 39, 27, 17] 4.1118725040452354e-05
[28, 10, 22, 13, 18, 32, 19, 14, 12, 37, 26, 15, 29, 10] 1.3705642538289998e-05
[34, 7, 23, 13, 29, 23, 8, 28, 23, 36, 27, 6, 27, 23] 2.881706756585687e-05
[11, 27, 30, 38, 8, 27, 9, 12, 40, 12, 27, 14, 28, 20] 3.5583527254094444e-05
[18, 12, 21, 20, 34, 4, 28, 16, 28, 24, 26, 38, 24, 5] 5.373664746029142e-05
[12, 30, 16, 39, 36, 26, 18, 10, 7, 15, 33, 9, 36, 15] 3.367577792418501e-05
[32, 7, 6, 23, 21, 33, 11, 32, 37, 20, 15, 37, 24, 15] 2.7585597968117348e-05
[35, 7, 28, 8, 15, 27, 33, 27, 9, 16, 36, 15, 22, 34] 3.6706758038791315e-05
[24, 26, 6, 21, 39, 31, 39, 40, 31, 4, 25, 15, 6, 6] 4.2720776762849365e-05
[10, 28, 25, 13, 36, 20, 17, 32, 8, 25, 39, 8, 23, 7] 2.7586811645770162e-05
[14, 40, 7, 11, 28, 38, 18, 16, 35, 34, 26, 32, 35, 33] 2.7323459640227168e-05
[4, 39, 5, 17, 4, 7, 25, 7, 39, 17, 10, 4, 31, 15] 1.3413650735763995e-05
[19, 27, 25, 35, 31, 19, 15, 39, 29, 40, 15, 12, 36, 11] 5.560430491695455e-05
[26, 6, 33, 7, 29, 24, 27, 13, 7, 35, 35, 36, 24, 30] 3.495419848913645e-05
[33, 32, 21, 21, 31, 17, 22, 23, 4, 18, 10, 9, 20, 8] 7.100606463452323e-05
[16, 39, 15, 39, 36, 18, 10, 37, 14, 29, 36, 39, 19, 29] 2.2866906584439448e-05
[12, 4, 23, 22, 34, 23, 4, 8, 9, 11, 24, 29, 9, 27] 4.5513519168630486e-05
[12, 4, 7, 40, 29, 38, 12, 40, 29, 31, 7, 24, 33, 39] 2.7533216767067917e-05
[15, 37, 14, 23, 17, 24, 22, 34, 28, 28, 38, 4, 16, 21] 3.357523718099828e-05
[33, 24, 15, 14, 14, 12, 13, 24, 39, 26, 27, 25, 20, 17] 3.871375456486926e-05
[39, 8, 26, 15, 21, 12, 9, 26, 34, 16, 13, 25, 12, 19] 2.168636615808077e-05
[28, 4, 30, 32, 15, 8, 12, 25, 23, 22, 16, 39, 30, 21] 4.17115111914816e-05
[8, 35, 15, 9, 9, 37, 26, 5, 27, 15, 13, 5, 12, 24] 2.3229994304088534e-05
[17, 23, 26, 39, 4, 15, 17, 9, 30, 23, 32, 10, 25, 32] 3.3244235385810875e-05
[18, 7, 38, 13, 11, 33, 4, 33, 6, 30, 15, 28, 35, 8] 2.5209217591717805e-05
[23, 25, 24, 38, 10, 32, 6, 11, 40, 27, 37, 15, 34, 31] 6.184621696915035e-05
[9, 14, 30, 6, 20, 6, 27, 6, 5, 38, 23, 37, 35, 31] 1.893359421308497e-05
[34, 8, 38, 8, 10, 19, 17, 12, 23, 24, 24, 25, 14, 16] 3.424534101667544e-05
[15, 14, 6, 32, 20, 28, 7, 23, 5, 34, 24, 23, 27, 34] 3.877585067794127e-05
[19, 6, 6, 25, 24, 35, 30, 38, 8, 33, 29, 38, 37, 37] 4.44771202843609e-05
[25, 32, 14, 14, 23, 15, 14, 7, 23, 7, 31, 40, 23, 9] 5.312488646608586e-05
[5, 18, 22, 35, 10, 36, 21, 34, 33, 22, 11, 27, 33, 10] 4.435629772141511e-05
[20, 17, 10, 28, 31, 14, 23, 33, 27, 12, 30, 19, 4, 25] 5.060569842334625e-05
[36, 31, 32, 35, 35, 9, 20, 32, 7, 29, 28, 20, 23, 35] 4.3701303049111576e-05
[34, 37, 6, 4, 33, 16, 29, 35, 33, 5, 26, 25, 32, 5] 6.854303488361082e-05
[4, 20, 36, 10, 28, 35, 7, 32, 25, 31, 14, 26, 31, 14] 2.823400290494213e-05
[36, 39, 8, 34, 34, 16, 24, 27, 35, 31, 38, 16, 9, 28] 3.0431444787033926e-05
[19, 18, 36, 9, 26, 34, 29, 23, 24, 16, 23, 30, 30, 10] 7.201438361463036e-05
[17, 19, 8, 19, 9, 25, 31, 29, 33, 37, 25, 33, 11, 25] 2.9553335115949784e-05
[22, 13, 27, 18, 37, 8, 34, 15, 38, 18, 19, 23, 5, 16] 2.1695971342270633e-05
[14, 30, 34, 16, 17, 36, 9, 17, 21, 14, 12, 12, 26, 15] 5.101250037324025e-05
[37, 15, 21, 37, 25, 40, 28, 17, 36, 24, 24, 22, 19, 15] 5.421532531821341e-05
[9, 6, 37, 26, 27, 6, 22, 16, 24, 20, 16, 17, 35, 30] 4.4694088743110485e-05
[19, 38, 33, 4, 14, 11, 6, 22, 5, 16, 24, 17, 11, 25] 5.0480719823200304e-05
[40, 11, 31, 16, 15, 19, 11, 20, 35, 15, 25, 28, 31, 23] 4.811705934540938e-05
[15, 34, 18, 27, 30, 22, 22, 40, 20, 4, 37, 9, 16, 22] 4.4634611780987625e-05
[12, 21, 22, 23, 31, 15, 9, 26, 31, 35, 34, 26, 31, 27] 3.333163042924882e-05
[10, 31, 33, 26, 22, 26, 38, 6, 6, 5, 38, 5, 30, 37] 7.91664552452546e-05
[18, 34, 6, 17, 6, 28, 32, 19, 23, 24, 27, 20, 8, 11] 6.551917306198807e-05
[11, 6, 16, 40, 9, 40, 10, 17, 21, 29, 39, 33, 15, 29] 2.8470482396237146e-05
[33, 9, 22, 38, 27, 21, 6, 34, 35, 38, 23, 16, 19, 20] 1.8027235150396936e-05
[33, 21, 37, 20, 17, 39, 34, 16, 20, 32, 13, 34, 33, 39] 6.519915159448767e-05
[32, 38, 7, 18, 7, 24, 4, 9, 37, 31, 22, 6, 39, 16] 3.680627299376314e-05
[30, 21, 11, 19, 36, 11, 38, 23, 8, 20, 8, 4, 29, 8] 4.447015457534387e-05
[10, 28, 34, 30, 12, 8, 4, 31, 15, 7, 14, 12, 10, 31] 4.6778933405327977e-05
[37, 15, 33, 22, 7, 40, 12, 38, 20, 6, 4, 7, 10, 19] 5.5948264010953934e-05
[24, 35, 11, 22, 29, 35, 17, 29, 29, 26, 19, 17, 19, 25] 4.49674096500743e-05
[9, 29, 31, 37, 40, 4, 30, 30, 15, 29, 31, 10, 29, 6] 3.4841533304064844e-05
[35, 8, 39, 11, 28, 38, 17, 33, 32, 26, 21, 21, 29, 23] 4.1078153656297974e-05
[34, 17, 15, 24, 34, 31, 8, 27, 12, 7, 27, 29, 25, 5] 3.250669286680505e-05
[38, 39, 25, 30, 7, 21, 20, 10, 9, 9, 39, 16, 13, 30] 3.3345889393389164e-05
[18, 8, 38, 31, 7, 15, 11, 30, 38, 11, 18, 18, 25, 33] 1.9176103469761206e-05
[5, 22, 25, 22, 34, 37, 9, 9, 9, 15, 21, 27, 22, 37] 6.773777037754891e-05
[16, 8, 37, 5, 31, 40, 6, 9, 18, 7, 7, 37, 32, 32] 1.1755765833903875e-05
[36, 29, 30, 37, 35, 13, 39, 34, 6, 40, 25, 15, 30, 13] 4.333955308790725e-05
[13, 9, 12, 10, 20, 9, 39, 23, 30, 12, 35, 7, 39, 39] 1.0268773107116664e-05
[6, 35, 14, 26, 11, 21, 16, 39, 11, 10, 14, 40, 27, 14] 8.326850484168388e-06
[5, 6, 34, 29, 10, 28, 11, 35, 32, 7, 17, 7, 19, 20] 2.0788025854052953e-05
[25, 35, 32, 28, 35, 32, 5, 6, 5, 12, 28, 34, 33, 7] 4.251015029560714e-05
[12, 19, 12, 34, 35, 20, 12, 4, 35, 7, 23, 15, 16, 9] 2.5291363879492746e-05
[16, 11, 39, 21, 8, 23, 29, 10, 29, 5, 20, 11, 37, 36] 2.6478869585324022e-05
[25, 31, 10, 21, 27, 22, 10, 30, 22, 17, 14, 37, 40, 29] 1.205572501502889e-05
[27, 5, 23, 36, 27, 37, 5, 4, 28, 19, 29, 17, 32, 22] 3.505666696226128e-05
[4, 30, 4, 38, 4, 32, 13, 33, 32, 5, 35, 13, 24, 13] 3.889775216016587e-05
[12, 18, 22, 33, 36, 24, 27, 32, 14, 11, 13, 37, 26, 4] 6.206796737716405e-05
[39, 30, 18, 12, 13, 24, 26, 27, 27, 12, 30, 36, 5, 19] 6.033633402934554e-05
[25, 17, 20, 7, 40, 21, 17, 33, 18, 32, 36, 16, 35, 31] 2.5127797132106872e-05
[16, 25, 12, 28, 14, 24, 31, 14, 36, 19, 18, 6, 40, 20] 2.899503343147482e-05
[22, 30, 35, 11, 35, 5, 10, 31, 26, 32, 36, 27, 11, 29] 5.643023196215232e-05
[5, 21, 39, 22, 6, 22, 18, 24, 22, 31, 9, 18, 12, 34] 4.820730451859231e-05
[35, 27, 4, 19, 6, 28, 19, 32, 33, 13, 14, 16, 18, 14] 0.00010453589239537029
[4, 29, 37, 18, 6, 20, 36, 33, 36, 40, 6, 10, 24, 14] 4.355789238105451e-05
[10, 10, 32, 33, 31, 37, 36, 5, 8, 27, 38, 18, 16, 22] 3.519710767888398e-05
[27, 33, 19, 30, 36, 8, 19, 15, 17, 11, 40, 28, 8, 24] 0.00010829866147368297
[18, 35, 9, 39, 32, 33, 22, 5, 37, 7, 30, 10, 32, 14] 3.4863656939938614e-05
[23, 29, 11, 11, 8, 27, 35, 21, 19, 6, 28, 18, 15, 22] 4.6062980371502486e-05
[24, 14, 13, 23, 11, 39, 34, 30, 32, 10, 14, 28, 13, 23] 2.3775683767073735e-05
[29, 21, 25, 18, 39, 34, 23, 29, 7, 25, 21, 29, 25, 22] 5.638803659212753e-05
[30, 18, 27, 29, 30, 40, 8, 21, 20, 40, 31, 36, 38, 22] 5.633808902936475e-05
[16, 6, 19, 8, 16, 24, 17, 7, 29, 18, 15, 30, 28, 26] 4.683771506806847e-05
[28, 40, 26, 6, 25, 10, 6, 27, 16, 37, 38, 15, 32, 7] 3.276115524244344e-05
[32, 11, 18, 23, 32, 34, 12, 26, 40, 23, 27, 7, 17, 6] 4.4240529167899586e-05
[20, 11, 36, 21, 17, 38, 16, 21, 7, 11, 36, 30, 10, 7] 1.632013112788564e-05
[28, 24, 14, 5, 17, 25, 5, 6, 30, 18, 6, 18, 28, 19] 3.901376925757834e-05
[4, 31, 8, 13, 26, 38, 30, 12, 19, 40, 28, 8, 14, 6] 3.807633920216311e-05
[15, 37, 8, 31, 14, 39, 34, 20, 12, 35, 19, 36, 19, 7] 2.337553641088965e-05
[17, 18, 26, 5, 11, 6, 38, 6, 33, 26, 27, 32, 29, 25] 2.834378451891069e-05
[35, 8, 15, 32, 19, 39, 22, 21, 15, 26, 9, 12, 21, 35] 4.130711135393449e-05
[8, 21, 19, 30, 20, 36, 8, 18, 17, 40, 35, 28, 5, 36] 3.1269872092301635e-05
[32, 13, 34, 25, 7, 31, 9, 20, 4, 28, 35, 23, 38, 9] 4.1819924923737976e-05
[16, 7, 20, 26, 18, 24, 24, 31, 30, 28, 13, 7, 28, 12] 4.6139277971194856e-05
[20, 33, 18, 4, 18, 30, 17, 13, 27, 40, 16, 19, 4, 7] 8.839297747329083e-05
[31, 31, 27, 31, 8, 34, 9, 25, 11, 14, 25, 39, 9, 30] 5.840735919660433e-05
[5, 5, 27, 13, 26, 24, 13, 7, 15, 14, 6, 34, 29, 32] 1.8274206103570142e-05
[15, 38, 11, 9, 38, 13, 31, 29, 17, 24, 17, 38, 22, 11] 3.116547982262324e-05
[8, 14, 29, 32, 11, 37, 31, 28, 22, 27, 4, 19, 24, 24] 5.9093308962668314e-05
[8, 33, 19, 16, 27, 12, 6, 40, 6, 27, 40, 28, 4, 14] 2.0627399236797353e-05
[23, 28, 4, 18, 15, 31, 10, 8, 40, 19, 7, 21, 7, 32] 6.128160997255176e-05
[17, 33, 5, 29, 34, 31, 27, 18, 29, 28, 38, 22, 23, 30] 4.3662148219537836e-05
[30, 34, 8, 15, 38, 40, 35, 26, 39, 8, 33, 36, 33, 22] 3.5239414538578336e-05
[21, 24, 12, 8, 19, 13, 18, 38, 9, 27, 12, 16, 6, 38] 1.8831075151278477e-05
[34, 15, 13, 7, 30, 5, 8, 28, 9, 11, 35, 8, 12, 20] 3.275504359219628e-05
[37, 27, 16, 27, 25, 7, 22, 5, 39, 9, 21, 14, 33, 33] 4.300255282170499e-05
[6, 20, 24, 10, 29, 4, 23, 29, 36, 39, 19, 14, 33, 35] 3.338189287161526e-05
[15, 11, 20, 14, 13, 11, 34, 6, 37, 21, 25, 30, 18, 24] 3.220786921276764e-05
[7, 37, 20, 10, 12, 37, 31, 5, 11, 29, 19, 14, 27, 25] 4.3263008130032105e-05
[35, 32, 8, 40, 14, 27, 9, 35, 38, 28, 12, 36, 32, 19] 2.575826020924965e-05
[37, 27, 27, 27, 25, 23, 20, 19, 25, 26, 34, 20, 11, 7] 0.00011217847650285507
[27, 10, 38, 6, 15, 32, 6, 39, 5, 10, 37, 35, 39, 7] 3.918103114850048e-05
[9, 20, 6, 7, 37, 26, 40, 40, 4, 24, 32, 40, 10, 40] 1.799529841303602e-05
[22, 32, 9, 19, 9, 6, 34, 32, 8, 21, 12, 24, 15, 37] 1.4052522459856762e-05
[7, 16, 11, 12, 23, 30, 33, 25, 18, 19, 34, 12, 36, 31] 3.731893415509675e-05
[26, 39, 4, 7, 4, 11, 22, 35, 38, 37, 15, 37, 8, 4] 3.6065453447890186e-05
[36, 24, 34, 13, 30, 18, 14, 9, 10, 5, 13, 15, 24, 19] 6.681238134054391e-05
[7, 35, 28, 4, 20, 24, 35, 22, 26, 18, 17, 4, 23, 10] 9.427225554031788e-05
[23, 33, 9, 40, 21, 28, 37, 34, 29, 25, 8, 23, 28, 34] 4.01671875870626e-05
[5, 33, 32, 22, 27, 15, 37, 26, 30, 11, 40, 16, 29, 38] 7.865480906824191e-05
[18, 37, 8, 38, 32, 26, 39, 37, 34, 11, 27, 21, 21, 26] 2.3948544628535154e-05
[21, 34, 20, 31, 16, 9, 16, 17, 6, 14, 34, 23, 29, 32] 7.99138556748659e-05
[17, 7, 20, 19, 21, 24, 21, 30, 34, 10, 29, 5, 8, 40] 1.916896985425938e-05
[29, 30, 28, 7, 35, 24, 30, 6, 8, 15, 28, 13, 15, 18] 5.565675788547482e-05
[6, 22, 33, 32, 29, 20, 18, 18, 17, 11, 31, 23, 38, 4] 7.466440443530617e-05
[18, 22, 40, 27, 13, 20, 22, 8, 40, 40, 37, 39, 5, 30] 2.109824032126069e-05
[18, 14, 21, 33, 15, 4, 35, 13, 34, 20, 8, 24, 17, 8] 7.447894785003533e-05
[11, 20, 29, 24, 15, 39, 8, 15, 7, 22, 24, 37, 38, 20] 2.8354954022112245e-05
[38, 38, 34, 8, 8, 33, 30, 37, 38, 24, 18, 40, 22, 26] 5.931837100639105e-05
[5, 32, 13, 36, 26, 8, 9, 39, 30, 20, 9, 27, 31, 12] 4.908508497970641e-05
[28, 15, 14, 29, 13, 10, 32, 22, 23, 27, 25, 8, 38, 14] 4.608728418352328e-05
[33, 33, 35, 36, 27, 38, 34, 6, 21, 36, 30, 31, 40, 16] 2.9486859678985146e-05
[23, 11, 29, 28, 19, 15, 4, 33, 35, 29, 39, 37, 11, 31] 4.8060472321581413e-05
[20, 38, 19, 31, 7, 5, 19, 16, 7, 27, 35, 31, 32, 16] 6.252828108988007e-05
Available Processors: 64
14 [(0.00018147018808895487, [31, 20, 36, 32, 15, 4, 30, 16, 32, 16, 32, 16, 16, 25]), (0.00017874414993794592, [19, 36, 32, 15, 4, 31, 17, 31, 16, 32, 16, 16, 32, 9]), (0.0001787379191038021, [19, 36, 32, 15, 4, 31, 17, 31, 16, 32, 16, 16, 32, 25]), (0.00017872817543167988, [19, 36, 32, 15, 4, 31, 17, 31, 16, 32, 16, 32, 32, 9]), (0.00017872543525958206, [19, 36, 32, 15, 4, 31, 17, 31, 16, 32, 16, 16, 32, 25]), (0.00017870197172657537, [19, 36, 32, 15, 4, 31, 17, 31, 16, 32, 16, 16, 32, 25]), (0.0001786816590169616, [19, 36, 32, 15, 4, 31, 17, 31, 16, 32, 16, 16, 32, 25]), (0.00017845244737435908, [17, 35, 35, 31, 15, 4, 30, 17, 31, 16, 32, 16, 16, 25]), (0.00017844193738776463, [17, 35, 35, 32, 15, 4, 30, 17, 31, 16, 32, 16, 16, 25]), (0.00017843904836858807, [17, 35, 35, 31, 15, 4, 30, 17, 31, 16, 32, 16, 16, 25]), (0.00017843609570032513, [17, 35, 35, 32, 15, 4, 30, 17, 31, 16, 32, 16, 16, 25]), (0.000178405160252309, [17, 35, 35, 31, 15, 4, 30, 17, 31, 16, 32, 16, 16, 25]), (0.00017838955891874214, [17, 35, 35, 31, 15, 4, 30, 17, 31, 16, 32, 16, 16, 9]), (0.00017838460922210442, [17, 35, 35, 31, 15, 4, 30, 17, 31, 16, 32, 16, 32, 9]), (0.00017833021169603785, [17, 35, 36, 31, 15, 4, 30, 17, 31, 16, 32, 16, 16, 25]), (0.00017826881764784622, [19, 36, 31, 16, 4, 30, 17, 32, 16, 32, 15, 16, 16, 9]), (0.0001739443723354563, [31, 28, 26, 32, 15, 4, 30, 17, 32, 16, 32, 16, 16, 25]), (0.00017394402784200703, [31, 28, 26, 32, 15, 4, 30, 17, 32, 16, 32, 16, 16, 25]), (0.00017394395376069344, [31, 28, 26, 32, 15, 4, 30, 17, 32, 16, 32, 16, 16, 25]), (0.00017394382330628689, [31, 28, 26, 32, 15, 4, 30, 17, 32, 16, 32, 16, 16, 25]), (0.00017394242207479445, [31, 28, 26, 32, 15, 4, 30, 17, 32, 16, 32, 16, 16, 25]), (0.00017392915476759384, [31, 28, 26, 32, 15, 4, 31, 17, 32, 16, 32, 16, 16, 25]), (0.00017391350613699637, [31, 28, 26, 31, 15, 4, 30, 17, 31, 16, 32, 16, 16, 25]), (0.00017391315706119617, [31, 28, 26, 32, 15, 4, 30, 17, 32, 16, 32, 16, 16, 25]), (0.00017386023912699478, [31, 21, 35, 31, 18, 31, 17, 31, 16, 32, 16, 16, 32, 9]), (0.00017386011263303275, [31, 21, 35, 31, 18, 31, 17, 31, 16, 32, 16, 16, 32, 9]), (0.000173860086287001, [31, 21, 35, 31, 18, 31, 17, 31, 16, 32, 16, 16, 32, 9]), (0.00017386007495116316, [31, 21, 35, 31, 18, 31, 17, 31, 16, 32, 16, 16, 32, 9]), (0.0001738600532889806, [31, 21, 35, 31, 18, 31, 17, 31, 16, 32, 16, 16, 32, 9]), (0.0001738600251819808, [31, 21, 35, 31, 18, 31, 17, 31, 16, 32, 16, 16, 32, 9]), (0.00017386002463591293, [31, 21, 35, 31, 18, 31, 17, 31, 16, 32, 16, 16, 32, 9]), (0.00017385997596452467, [31, 21, 35, 31, 18, 31, 17, 31, 16, 32, 16, 16, 32, 9]), (0.00017385996804793476, [31, 21, 35, 31, 18, 31, 17, 31, 16, 32, 16, 16, 32, 25]), (0.00017385995974049764, [31, 21, 35, 31, 18, 31, 17, 31, 16, 32, 16, 16, 32, 9]), (0.00017385986667373923, [31, 21, 35, 31, 18, 31, 17, 31, 16, 32, 16, 16, 32, 9]), (0.00017385984353775893, [31, 21, 35, 31, 18, 31, 17, 31, 16, 32, 16, 16, 32, 25]), (0.0001738598115792638, [31, 21, 35, 31, 18, 31, 17, 31, 16, 32, 16, 16, 32, 25]), (0.0001738597332016488, [31, 21, 35, 31, 18, 31, 17, 31, 16, 32, 16, 16, 32, 9]), (0.00017385893465027933, [31, 21, 35, 31, 18, 31, 17, 31, 16, 32, 16, 16, 32, 9]), (0.00017385851604614797, [31, 21, 35, 31, 18, 31, 17, 31, 16, 32, 16, 16, 32, 25]), (0.00017385837866310764, [31, 21, 35, 31, 18, 31, 17, 31, 16, 32, 16, 32, 16, 25]), (0.00017385822896524424, [31, 21, 35, 31, 18, 31, 17, 31, 16, 32, 16, 32, 16, 25]), (0.00017385821429365093, [31, 21, 35, 31, 18, 31, 17, 31, 16, 32, 16, 32, 16, 25]), (0.00017385818918426614, [31, 21, 35, 31, 18, 31, 17, 31, 16, 32, 16, 32, 16, 9]), (0.0001738581719807993, [31, 21, 35, 31, 18, 31, 17, 31, 16, 32, 16, 32, 16, 9]), (0.00017385800160454334, [31, 21, 35, 31, 18, 31, 17, 31, 16, 32, 16, 32, 16, 25]), (0.00017385795700667765, [31, 21, 35, 31, 18, 31, 18, 31, 16, 32, 16, 32, 32, 25]), (0.0001738578360307894, [31, 21, 35, 31, 18, 31, 17, 31, 16, 32, 16, 32, 16, 9]), (0.0001738576434373499, [31, 21, 35, 31, 18, 31, 17, 31, 16, 32, 16, 32, 16, 25]), (0.00017385718675994074, [31, 21, 35, 31, 18, 31, 17, 31, 16, 32, 16, 16, 32, 9]), (0.00017385713453350424, [31, 21, 35, 31, 18, 31, 17, 31, 16, 32, 16, 32, 16, 9]), (0.00017385627395680487, [31, 21, 35, 31, 18, 31, 17, 31, 16, 32, 16, 32, 16, 9]), (0.00017385590273339947, [31, 21, 35, 31, 18, 31, 18, 31, 16, 32, 16, 16, 32, 25]), (0.00017385549178391095, [31, 21, 35, 31, 18, 31, 17, 31, 16, 32, 16, 16, 32, 9]), (0.0001738546518649521, [31, 21, 35, 31, 18, 31, 17, 31, 16, 32, 16, 16, 32, 9]), (0.0001738454981006159, [31, 21, 35, 31, 18, 31, 17, 31, 16, 32, 16, 32, 16, 9]), (0.00017383620758793468, [31, 21, 35, 31, 18, 31, 17, 31, 16, 32, 16, 16, 32, 9]), (0.00017383166481749074, [31, 21, 35, 31, 18, 31, 17, 31, 16, 32, 16, 32, 16, 25]), (0.00017383097505734303, [31, 21, 35, 31, 18, 31, 17, 31, 16, 32, 16, 16, 32, 9]), (0.00017381336682296538, [31, 21, 35, 31, 18, 31, 18, 31, 16, 32, 16, 32, 16, 9]), (0.0001738083718800505, [31, 21, 35, 31, 18, 31, 17, 31, 16, 32, 16, 32, 16, 9]), (0.00017379357798555622, [31, 21, 35, 31, 18, 31, 17, 31, 16, 32, 16, 32, 32, 25]), (0.00017378727778571653, [31, 21, 35, 31, 18, 31, 18, 31, 16, 32, 16, 32, 16, 9]), (0.00017377470143107692, [31, 21, 35, 31, 18, 31, 18, 31, 16, 32, 15, 16, 16, 9]), (0.00017377037921597339, [30, 21, 35, 31, 18, 31, 18, 30, 16, 31, 16, 16, 32, 9]), (0.00017375465342589732, [30, 21, 35, 31, 18, 31, 18, 31, 16, 32, 16, 16, 32, 9]), (0.00017374860081627254, [30, 21, 35, 31, 18, 31, 18, 31, 16, 32, 16, 16, 16, 9]), (0.00017374065532693082, [31, 21, 35, 31, 19, 31, 18, 30, 16, 32, 16, 16, 32, 9]), (0.00017372851060913343, [30, 21, 35, 31, 18, 31, 18, 31, 16, 31, 16, 16, 32, 25]), (0.00017372654016048069, [30, 21, 35, 31, 18, 31, 18, 31, 16, 32, 16, 32, 32, 25]), (0.00017370233815730324, [30, 21, 35, 31, 19, 31, 18, 31, 16, 32, 16, 32, 16, 9]), (0.00017369582656877935, [30, 21, 35, 31, 18, 31, 18, 31, 16, 32, 16, 16, 32, 9]), (0.00017365872144005083, [31, 21, 35, 31, 18, 31, 17, 31, 16, 32, 16, 16, 16, 25]), (0.00017362623991161037, [30, 22, 35, 31, 18, 31, 18, 31, 16, 32, 16, 16, 16, 9]), (0.00017354371608683264, [30, 22, 35, 31, 19, 31, 18, 30, 16, 31, 16, 16, 32, 25]), (0.00017329367343346154, [30, 22, 35, 30, 19, 31, 18, 31, 16, 32, 16, 16, 32, 9]), (0.0001731496106897928, [31, 28, 26, 32, 15, 4, 31, 16, 32, 16, 16, 16, 15, 9]), (0.00017307103765407602, [31, 20, 36, 31, 18, 29, 4, 14, 32, 16, 32, 16, 16, 25]), (0.00017303436544425396, [31, 21, 35, 32, 18, 29, 4, 14, 32, 16, 32, 16, 16, 25]), (0.00017302629774954912, [30, 22, 34, 30, 19, 31, 18, 31, 16, 32, 16, 16, 16, 25]), (0.00017299990025277306, [31, 20, 36, 31, 19, 29, 4, 14, 32, 16, 32, 16, 16, 9]), (0.00017293847145169835, [30, 22, 34, 30, 19, 31, 18, 31, 16, 32, 16, 32, 16, 25]), (0.00017282450007631388, [31, 18, 37, 33, 31, 18, 31, 17, 31, 16, 32, 16, 16, 25]), (0.00017282015303302924, [31, 18, 37, 33, 31, 18, 31, 17, 31, 16, 32, 16, 16, 25]), (0.00017281767686363485, [31, 21, 35, 31, 18, 31, 15, 4, 30, 16, 16, 32, 16, 25]), (0.00017281766952119567, [31, 21, 35, 31, 18, 31, 15, 4, 30, 16, 16, 32, 16, 25]), (0.0001728176486243286, [31, 21, 35, 31, 18, 31, 15, 4, 30, 16, 16, 32, 16, 25]), (0.00017281700782541357, [31, 18, 37, 33, 31, 18, 31, 17, 31, 16, 32, 16, 16, 25]), (0.00017281613453842996, [30, 22, 34, 30, 19, 31, 18, 30, 16, 32, 16, 16, 32, 9]), (0.00017281009403971305, [31, 21, 35, 31, 18, 31, 15, 4, 30, 16, 16, 32, 16, 25]), (0.00017280800266116292, [30, 22, 34, 30, 19, 31, 17, 31, 16, 31, 16, 16, 32, 25]), (0.00017280231599917236, [31, 18, 37, 33, 31, 18, 31, 17, 31, 16, 32, 16, 16, 25]), (0.00017279857954057126, [31, 21, 35, 31, 18, 31, 15, 4, 30, 16, 16, 32, 16, 25]), (0.00017278346390331805, [17, 36, 34, 31, 18, 31, 17, 31, 16, 32, 16, 16, 32, 9]), (0.0001727834208466421, [17, 36, 34, 31, 18, 31, 17, 31, 16, 32, 16, 16, 32, 9]), (0.0001727831854447423, [17, 36, 34, 31, 18, 31, 17, 31, 16, 32, 16, 16, 32, 9]), (0.00017278159388407988, [17, 36, 34, 31, 18, 31, 17, 31, 16, 32, 16, 16, 16, 25]), (0.00017278055336537689, [17, 36, 34, 31, 18, 31, 17, 31, 16, 32, 16, 32, 16, 9]), (0.00017277997518376232, [17, 36, 34, 31, 18, 31, 17, 31, 16, 32, 16, 32, 32, 25]), (0.00017277996414175522, [17, 36, 34, 31, 18, 31, 17, 31, 16, 32, 16, 32, 16, 25]), (0.00017277553429357887, [30, 21, 35, 31, 18, 31, 18, 30, 17, 15, 16, 32, 32, 9]), (0.00017277405610756607, [17, 37, 34, 31, 18, 31, 17, 31, 16, 32, 16, 32, 16, 9]), (0.00017276733882960047, [17, 37, 34, 31, 18, 31, 17, 31, 16, 32, 16, 16, 32, 9]), (0.0001727637515927229, [17, 37, 34, 31, 18, 31, 17, 31, 16, 32, 16, 16, 32, 9]), (0.00017275946268148254, [30, 22, 34, 31, 19, 31, 18, 31, 16, 32, 16, 15, 32, 25]), (0.00017275497832076783, [31, 21, 35, 31, 18, 31, 15, 4, 30, 16, 16, 32, 16, 25]), (0.00017274349536364382, [17, 36, 34, 31, 18, 31, 17, 31, 16, 32, 16, 32, 32, 25]), (0.0001727425653413016, [17, 36, 34, 31, 18, 31, 17, 31, 16, 32, 16, 16, 32, 9]), (0.00017273694200224262, [17, 36, 34, 31, 18, 31, 17, 31, 16, 32, 16, 16, 32, 25]), (0.00017273318769758816, [17, 37, 34, 31, 18, 31, 17, 31, 16, 32, 16, 16, 32, 25]), (0.00017273259129094515, [30, 22, 35, 30, 20, 30, 18, 31, 16, 31, 16, 32, 32, 9]), (0.0001727264072486964, [17, 37, 33, 31, 18, 31, 17, 31, 16, 32, 16, 16, 32, 25]), (0.00017269748572981076, [17, 36, 34, 31, 18, 31, 17, 31, 16, 32, 32, 32, 32, 25]), (0.00017269078872519274, [17, 36, 34, 31, 18, 31, 17, 31, 16, 32, 32, 32, 16, 25]), (0.0001726889378248804, [31, 18, 37, 32, 31, 18, 31, 17, 31, 16, 32, 16, 32, 9]), (0.00017268893244709013, [31, 18, 37, 32, 31, 18, 31, 17, 31, 16, 32, 16, 32, 9]), (0.0001725707462231044, [17, 37, 33, 31, 18, 31, 17, 31, 16, 31, 16, 32, 16, 25]), (0.00017254613725475542, [30, 22, 35, 31, 19, 31, 15, 4, 30, 16, 16, 32, 16, 25]), (0.00017244397038524597, [17, 37, 33, 30, 19, 31, 17, 31, 16, 32, 16, 16, 32, 25]), (0.0001722954392535972, [32, 30, 22, 34, 31, 18, 31, 17, 31, 16, 32, 16, 32, 9]), (0.00017229536436977482, [32, 30, 22, 34, 31, 18, 31, 17, 31, 16, 32, 16, 32, 9]), (0.0001722927194943112, [32, 30, 22, 34, 31, 18, 31, 17, 31, 16, 32, 16, 16, 25]), (0.0001722859789646722, [32, 30, 22, 34, 31, 18, 31, 17, 31, 16, 32, 16, 16, 9]), (0.00017227815974834207, [32, 30, 22, 34, 31, 18, 31, 17, 31, 16, 32, 16, 32, 9]), (0.00017225901031058148, [32, 30, 22, 34, 31, 18, 31, 17, 31, 16, 32, 16, 32, 9]), (0.00017224833518619128, [32, 30, 22, 34, 31, 18, 31, 17, 31, 16, 32, 16, 32, 9]), (0.00017224657978456306, [30, 22, 34, 31, 19, 31, 18, 31, 16, 31, 16, 16, 16, 9]), (0.00017224313223330488, [32, 30, 22, 34, 31, 18, 31, 17, 31, 16, 32, 16, 16, 25]), (0.00017221344899259953, [31, 30, 23, 34, 31, 18, 31, 17, 31, 16, 32, 16, 16, 25]), (0.00017220212112125245, [32, 30, 23, 34, 31, 18, 31, 17, 31, 16, 32, 16, 32, 25]), (0.00017220212112125245, [32, 30, 23, 34, 31, 18, 31, 17, 31, 16, 32, 16, 32, 25]), (0.0001721629165781696, [18, 37, 33, 30, 18, 31, 18, 30, 16, 31, 32, 31, 16, 9]), (0.0001721604745702552, [32, 30, 22, 35, 31, 18, 31, 17, 31, 16, 32, 16, 32, 9]), (0.00017210611278408477, [17, 37, 33, 30, 19, 31, 17, 31, 16, 32, 16, 32, 16, 9]), (0.00017198636663220444, [32, 30, 23, 34, 31, 18, 31, 17, 31, 16, 32, 16, 16, 25]), (0.00017194736044481517, [31, 30, 21, 35, 31, 18, 31, 17, 31, 16, 32, 16, 16, 25]), (0.00017194736044481517, [31, 30, 21, 35, 31, 18, 31, 17, 31, 16, 32, 16, 16, 25]), (0.0001718090263528956, [32, 30, 23, 33, 31, 18, 31, 17, 31, 16, 32, 16, 16, 25]), (0.00017120951659023578, [30, 23, 33, 30, 19, 31, 18, 31, 16, 32, 16, 16, 32, 9]), (0.0001709836652524454, [18, 35, 35, 31, 18, 31, 17, 31, 16, 31, 32, 32, 15, 9]), (0.00017090298315681186, [17, 37, 34, 31, 18, 31, 15, 4, 30, 16, 16, 32, 16, 25]), (0.00017090294174065918, [17, 37, 34, 31, 18, 31, 15, 4, 30, 16, 16, 32, 16, 25]), (0.00017084127498416955, [17, 36, 34, 31, 18, 31, 15, 4, 30, 16, 16, 32, 16, 25]), (0.00017076856168138425, [31, 21, 35, 31, 18, 31, 15, 4, 15, 31, 16, 32, 16, 25]), (0.00017076376728401336, [31, 21, 35, 31, 18, 31, 15, 4, 15, 31, 16, 32, 16, 25]), (0.00017076280285252803, [31, 21, 35, 31, 18, 31, 15, 4, 15, 31, 16, 32, 16, 25]), (0.0001707412798078159, [31, 21, 35, 31, 19, 31, 15, 4, 15, 31, 16, 32, 16, 9]), (0.00017068902297835264, [30, 23, 33, 29, 20, 31, 18, 30, 17, 31, 16, 32, 32, 25]), (0.00017066094067687214, [31, 22, 34, 31, 19, 31, 15, 4, 15, 31, 16, 32, 16, 9]), (0.00017047490771870721, [17, 36, 35, 31, 18, 29, 4, 14, 32, 16, 32, 16, 16, 25]), (0.00016981725618434723, [29, 24, 32, 15, 4, 31, 17, 31, 16, 32, 16, 16, 32, 9]), (0.000169817241890927, [29, 24, 32, 15, 4, 31, 17, 31, 16, 32, 16, 16, 32, 9]), (0.00016981602933151895, [29, 24, 32, 15, 4, 31, 17, 31, 16, 32, 16, 16, 32, 9]), (0.00016979823457229575, [29, 25, 32, 15, 4, 31, 17, 31, 16, 32, 16, 16, 16, 25]), (0.0001697900225282505, [29, 25, 32, 15, 4, 31, 17, 31, 16, 32, 16, 32, 32, 9]), (0.00016976111245379998, [30, 24, 32, 30, 19, 31, 18, 31, 16, 32, 16, 16, 32, 9]), (0.00016973941682188457, [29, 25, 32, 15, 4, 31, 17, 31, 16, 32, 16, 32, 32, 25]), (0.00016973919713618687, [18, 37, 33, 30, 18, 31, 15, 4, 14, 31, 16, 32, 16, 9]), (0.00016925334524286824, [31, 30, 25, 31, 30, 19, 31, 17, 31, 16, 32, 16, 16, 25]), (0.00016890709310777953, [31, 30, 23, 34, 31, 18, 31, 15, 4, 14, 31, 16, 32, 25]), (0.00016883059658799254, [17, 36, 34, 31, 18, 29, 4, 12, 4, 14, 31, 16, 32, 9]), (0.00016882201836575773, [31, 29, 25, 32, 29, 19, 31, 17, 32, 16, 15, 31, 17, 8]), (0.00016840399449810143, [31, 30, 24, 33, 30, 18, 31, 15, 4, 14, 31, 16, 32, 9]), (0.0001683497843382232, [30, 22, 34, 30, 16, 4, 13, 4, 30, 16, 32, 16, 16, 25]), (0.00016831010719615798, [30, 24, 32, 30, 19, 31, 18, 31, 16, 32, 16, 16, 32, 9]), (0.00016820725079181984, [20, 36, 32, 19, 28, 4, 14, 32, 16, 32, 16, 16, 32, 9]), (0.00016818423127018314, [20, 36, 31, 19, 28, 4, 14, 32, 16, 32, 16, 16, 16, 25]), (0.00016818423127018314, [20, 36, 31, 19, 28, 4, 14, 32, 16, 32, 16, 16, 16, 25]), (0.00016817310716765976, [20, 36, 31, 19, 28, 4, 14, 32, 16, 32, 16, 16, 32, 9]), (0.00016813956209539902, [30, 23, 34, 30, 17, 4, 13, 4, 30, 16, 32, 16, 16, 25]), (0.00016790940543495766, [30, 24, 32, 30, 19, 31, 15, 4, 30, 16, 16, 32, 16, 25]), (0.00016762999843743855, [30, 24, 33, 29, 17, 4, 13, 4, 30, 16, 32, 16, 16, 25]), (0.00016758364349387883, [16, 34, 37, 33, 31, 18, 31, 17, 31, 16, 32, 16, 16, 25]), (0.0001675437928296677, [16, 34, 37, 33, 31, 18, 31, 17, 31, 16, 32, 16, 16, 25]), (0.00016737501973923625, [36, 32, 15, 4, 31, 17, 31, 16, 32, 16, 16, 32, 16, 25]), (0.00016737495069501696, [36, 32, 15, 4, 31, 17, 31, 16, 32, 16, 16, 32, 16, 25]), (0.00016737491141187344, [36, 32, 15, 4, 31, 17, 31, 16, 32, 16, 16, 32, 16, 9]), (0.00016737464163638584, [36, 32, 15, 4, 31, 17, 31, 16, 32, 16, 16, 32, 16, 9]), (0.00016737434934877734, [36, 32, 15, 4, 31, 17, 31, 16, 32, 16, 16, 32, 32, 25]), (0.00016737378464769029, [36, 32, 15, 4, 31, 17, 31, 16, 32, 16, 16, 32, 16, 9]), (0.0001673705348102445, [36, 32, 15, 4, 31, 17, 31, 16, 32, 16, 16, 32, 32, 25]), (0.0001673652840282453, [36, 32, 15, 4, 31, 17, 31, 16, 32, 16, 32, 16, 16, 25]), (0.00016736301850256966, [36, 32, 15, 4, 31, 17, 31, 16, 32, 16, 32, 32, 32, 9]), (0.00016736025277682668, [36, 32, 15, 4, 31, 17, 31, 16, 32, 16, 32, 16, 16, 25]), (0.00016734936033576406, [31, 20, 36, 32, 18, 30, 32, 16, 32, 16, 16, 32, 16, 9]), (0.00016655618618144268, [33, 35, 35, 31, 18, 31, 17, 32, 16, 32, 32, 31, 16, 25]), (0.00016602271165492633, [30, 26, 30, 30, 19, 31, 18, 31, 16, 32, 16, 16, 32, 25]), (0.00016598154164244503, [20, 35, 31, 18, 31, 18, 30, 16, 32, 16, 16, 32, 16, 25]), (0.00016598148960201648, [20, 35, 31, 18, 31, 18, 30, 16, 32, 16, 16, 32, 16, 9]), (0.00016598148550263356, [20, 35, 31, 18, 31, 18, 30, 16, 32, 16, 16, 32, 16, 9]), (0.00016598147259254485, [20, 35, 31, 18, 31, 18, 30, 16, 32, 16, 16, 32, 16, 9]), (0.0001659814001315478, [20, 35, 31, 18, 31, 18, 30, 16, 32, 16, 16, 32, 16, 25]), (0.00016598133983882632, [20, 35, 31, 18, 31, 18, 30, 16, 32, 16, 16, 32, 32, 9]), (0.00016598132439932717, [20, 35, 31, 18, 31, 18, 30, 16, 32, 16, 16, 32, 16, 25]), (0.00016598129712440643, [20, 35, 31, 18, 31, 18, 30, 16, 32, 16, 16, 32, 32, 9]), (0.00016598125500066018, [20, 35, 31, 18, 31, 18, 30, 16, 32, 16, 16, 32, 32, 9]), (0.00016598115191045646, [30, 22, 34, 30, 17, 4, 16, 29, 17, 31, 16, 32, 16, 9]), (0.00016598103886164938, [20, 35, 31, 18, 31, 18, 30, 16, 32, 16, 16, 32, 32, 25]), (0.00016598094998941453, [20, 35, 31, 18, 31, 18, 30, 16, 32, 16, 16, 32, 32, 25]), (0.00016598084896814842, [20, 35, 31, 18, 31, 18, 30, 16, 32, 16, 32, 16, 16, 25]), (0.00016598084816408067, [20, 35, 31, 18, 31, 18, 30, 16, 32, 16, 32, 16, 16, 25]), (0.00016598063956694404, [20, 35, 31, 18, 31, 18, 30, 16, 32, 16, 32, 16, 32, 25]), (0.00016598063864175732, [20, 35, 31, 18, 31, 18, 30, 16, 32, 16, 32, 16, 32, 25]), (0.00016598062801249198, [20, 35, 31, 18, 31, 18, 30, 16, 32, 16, 16, 32, 32, 25]), (0.00016598021880564725, [20, 35, 31, 18, 31, 18, 30, 16, 32, 16, 32, 32, 32, 25]), (0.0001659802146099338, [20, 35, 31, 18, 31, 18, 30, 16, 32, 16, 32, 32, 32, 9]), (0.00016597992647113122, [20, 35, 31, 18, 31, 18, 30, 16, 32, 16, 16, 32, 16, 25]), (0.0001659793167564166, [20, 35, 31, 18, 31, 18, 30, 16, 32, 16, 32, 16, 16, 25]), (0.00016597823379009305, [20, 35, 31, 18, 31, 18, 30, 16, 32, 16, 16, 32, 32, 25]), (0.00016597802835229968, [20, 35, 31, 18, 31, 18, 30, 16, 31, 16, 32, 16, 16, 25]), (0.00016597559970907432, [20, 35, 31, 18, 31, 18, 30, 16, 31, 16, 16, 32, 16, 25]), (0.00016597434997804383, [30, 23, 34, 30, 17, 4, 16, 29, 17, 31, 16, 32, 16, 25]), (0.00016597236001937964, [20, 35, 31, 19, 31, 18, 30, 16, 31, 16, 16, 32, 32, 9]), (0.00016597119457265638, [20, 35, 31, 19, 31, 18, 30, 16, 31, 16, 16, 32, 32, 9]), (0.0001659691356933929, [20, 35, 31, 19, 31, 18, 30, 16, 32, 16, 32, 16, 32, 25]), (0.00016596623322692424, [20, 35, 31, 19, 31, 18, 30, 16, 32, 16, 32, 16, 16, 25]), (0.00016594316165259639, [20, 36, 31, 19, 31, 18, 30, 16, 32, 16, 32, 16, 16, 25]), (0.00016593519711839716, [20, 35, 31, 19, 31, 18, 30, 16, 31, 16, 32, 16, 32, 9]), (0.00016593261968986044, [30, 26, 29, 30, 20, 31, 18, 31, 16, 32, 16, 16, 32, 9]), (0.00016591891322793975, [21, 35, 31, 19, 31, 18, 30, 16, 32, 16, 16, 32, 32, 9]), (0.00016587956954970472, [20, 35, 31, 18, 31, 15, 4, 30, 16, 16, 32, 16, 32, 9]), (0.00016587949692322372, [20, 35, 31, 18, 31, 15, 4, 30, 16, 16, 32, 16, 16, 25]), (0.00016577545432385298, [21, 35, 30, 19, 31, 18, 30, 16, 32, 16, 32, 16, 32, 9]), (0.00016574899860981576, [21, 35, 31, 19, 31, 18, 30, 16, 31, 16, 32, 16, 32, 25]), (0.00016574162357523825, [30, 26, 29, 30, 19, 31, 18, 31, 16, 32, 16, 16, 32, 25]), (0.00016569866806968127, [21, 35, 30, 19, 31, 18, 30, 16, 32, 15, 16, 16, 16, 25]), (0.00016559059917870168, [21, 35, 31, 18, 31, 18, 30, 16, 31, 16, 15, 32, 32, 9]), (0.00016555365987143343, [21, 35, 30, 19, 31, 18, 30, 17, 31, 16, 16, 16, 16, 9]), (0.00016554763339984388, [33, 14, 4, 36, 31, 15, 4, 30, 16, 32, 16, 32, 16, 25]), (0.00016551669810261073, [21, 35, 31, 19, 31, 18, 30, 16, 32, 16, 16, 32, 15, 25]), (0.000165102983067853, [18, 37, 32, 4, 13, 31, 17, 31, 16, 31, 16, 32, 16, 25]), (0.00016502399018955265, [31, 20, 36, 31, 18, 30, 32, 14, 4, 14, 32, 16, 16, 25]), (0.00016437654070845272, [31, 28, 27, 31, 20, 27, 4, 14, 31, 16, 32, 16, 16, 25]), (0.00016365932281285796, [18, 37, 33, 31, 16, 4, 16, 30, 16, 31, 16, 32, 16, 25]), (0.0001636435505614138, [30, 24, 32, 27, 20, 4, 16, 30, 17, 31, 16, 16, 32, 9]), (0.0001635770027275167, [21, 35, 31, 19, 31, 15, 4, 15, 31, 16, 32, 16, 16, 25]), (0.00016357247284397666, [21, 35, 31, 19, 31, 15, 4, 15, 31, 16, 32, 16, 16, 25]), (0.0001630438986529168, [31, 29, 26, 32, 26, 22, 31, 17, 31, 16, 32, 32, 16, 25]), (0.00016280502413463347, [29, 25, 32, 25, 21, 4, 16, 30, 17, 31, 16, 16, 32, 9]), (0.00016226636599103118, [36, 34, 31, 19, 31, 15, 4, 30, 16, 16, 32, 16, 15, 25]), (0.0001622049615021235, [30, 23, 33, 4, 14, 31, 18, 30, 16, 31, 16, 32, 16, 9]), (0.00016219132590684497, [30, 23, 33, 4, 14, 31, 18, 30, 16, 31, 16, 32, 32, 25]), (0.00016178190017289106, [32, 31, 30, 24, 33, 31, 18, 31, 17, 31, 16, 32, 16, 25]), (0.00016026794627243228, [19, 36, 32, 20, 28, 32, 16, 32, 16, 32, 16, 16, 16, 25]), (0.0001587688698481478, [29, 4, 18, 35, 31, 18, 31, 17, 31, 16, 32, 16, 16, 25]), (0.00015830808400619088, [32, 17, 34, 37, 32, 31, 18, 31, 17, 31, 16, 32, 16, 25]), (0.00015824694822281333, [31, 27, 27, 31, 19, 30, 32, 15, 16, 31, 16, 32, 16, 9]), (0.0001577914136527148, [18, 37, 32, 4, 14, 31, 32, 16, 32, 16, 16, 32, 16, 9]), (0.00015752625778079864, [31, 32, 17, 39, 31, 31, 15, 4, 30, 16, 32, 16, 32, 9]), (0.00015629212058647016, [39, 30, 30, 20, 31, 19, 30, 15, 34, 14, 33, 16, 16, 25]), (0.00015530748620619524, [36, 31, 20, 28, 4, 12, 4, 15, 31, 16, 32, 16, 16, 25]), (0.00015530744738090647, [36, 31, 20, 28, 4, 12, 4, 15, 31, 16, 32, 16, 16, 25]), (0.0001551070218822188, [36, 32, 20, 28, 4, 14, 31, 16, 32, 16, 16, 32, 16, 9]), (0.00015510689374755263, [36, 32, 20, 28, 4, 14, 31, 16, 32, 16, 16, 32, 32, 9]), (0.00015510687195134903, [36, 32, 20, 28, 4, 14, 31, 16, 32, 16, 16, 32, 16, 25]), (0.00015510667644393124, [36, 32, 20, 27, 4, 14, 31, 16, 32, 16, 16, 32, 16, 9])]
