__init__ Optimal Geometry
[(4, 40), (4, 40), (4, 40), (4, 40), (4, 40), (4, 40), (4, 40), (4, 40), (4, 40), (4, 40)]
[15, 27, 15, 4, 29, 13, 40, 40, 34, 5] 2.572825244262345e-05
[25, 7, 29, 33, 22, 8, 38, 13, 18, 34] 3.2719084470751645e-05
[32, 35, 19, 8, 20, 29, 9, 27, 28, 35] 5.21529076390044e-05
[17, 13, 12, 18, 39, 20, 17, 20, 29, 39] 7.151168561712551e-06
[14, 7, 19, 5, 33, 12, 5, 33, 16, 33] 5.4532194526244206e-05
[22, 30, 28, 19, 19, 12, 11, 5, 26, 26] 7.153511967671527e-05
[21, 34, 36, 15, 15, 28, 4, 38, 27, 15] 6.508732930454026e-05
[7, 27, 22, 11, 38, 34, 29, 13, 9, 19] 4.02833758269963e-05
[10, 15, 27, 40, 15, 32, 40, 13, 18, 11] 1.9900920271963258e-05
[24, 18, 11, 36, 8, 16, 36, 17, 38, 33] 2.0565605286463584e-05
[40, 17, 12, 15, 31, 21, 36, 17, 12, 32] 3.953876359299345e-05
[5, 26, 30, 39, 40, 18, 23, 30, 14, 9] 4.216805152516092e-05
[20, 14, 34, 7, 21, 19, 17, 29, 30, 34] 1.2800091224339005e-05
[33, 4, 31, 10, 9, 38, 15, 38, 25, 11] 2.425131208793151e-05
[30, 19, 40, 14, 5, 17, 9, 10, 31, 36] 5.0372044439524636e-05
[14, 29, 6, 13, 19, 34, 33, 10, 7, 16] 2.575300998359029e-05
[10, 30, 30, 5, 9, 15, 11, 20, 30, 29] 3.1732883908315147e-05
[7, 4, 8, 25, 20, 39, 37, 23, 32, 35] 2.0215163175481484e-05
[32, 10, 40, 39, 39, 4, 35, 14, 19, 27] 3.0228455371329453e-05
[5, 22, 27, 26, 24, 26, 6, 31, 39, 16] 9.554697227439765e-05
[4, 37, 36, 22, 29, 39, 20, 28, 32, 8] 5.702638958800324e-05
[8, 28, 33, 22, 35, 40, 20, 18, 31, 27] 7.561478115250672e-05
[5, 18, 9, 7, 20, 29, 38, 20, 16, 32] 2.289629238981805e-05
[10, 18, 12, 9, 22, 19, 4, 13, 16, 35] 7.703676521815403e-06
[39, 30, 13, 27, 8, 11, 11, 22, 15, 6] 2.3685773529596118e-05
[27, 30, 14, 26, 33, 26, 25, 20, 10, 33] 5.042860333127903e-05
[27, 40, 13, 11, 26, 32, 14, 39, 39, 33] 4.49426318032309e-05
[10, 13, 11, 17, 33, 36, 25, 29, 38, 33] 3.1135661463246006e-05
[18, 4, 18, 11, 15, 33, 11, 26, 9, 19] 3.6289575260766944e-05
[18, 6, 37, 23, 10, 11, 36, 18, 31, 4] 4.8406258916120054e-05
[20, 32, 36, 13, 33, 39, 13, 16, 25, 32] 7.384939123249832e-05
[21, 23, 28, 9, 21, 32, 14, 32, 6, 24] 3.077413687736368e-05
[29, 25, 4, 33, 23, 37, 19, 22, 6, 11] 6.158301832049937e-05
[5, 22, 15, 20, 15, 14, 28, 35, 5, 25] 8.591287519338642e-06
[7, 19, 28, 26, 7, 27, 10, 29, 23, 8] 4.3918813028643076e-05
[20, 23, 32, 35, 31, 32, 18, 27, 25, 28] 7.275821904635797e-05
[30, 23, 16, 5, 4, 10, 23, 39, 7, 9] 6.114297033795215e-05
[23, 11, 13, 11, 8, 33, 33, 22, 16, 31] 2.7276949436666315e-05
[4, 27, 5, 12, 4, 6, 27, 22, 14, 22] 2.8543879518820615e-05
[17, 36, 25, 37, 18, 30, 13, 30, 31, 20] 5.664702148465555e-05
[23, 14, 10, 22, 39, 29, 20, 33, 13, 35] 6.441413169652693e-05
[34, 32, 27, 10, 30, 29, 11, 6, 17, 12] 5.127996616270179e-05
[39, 32, 16, 14, 21, 33, 20, 8, 27, 5] 3.469813127592366e-05
[15, 4, 25, 11, 30, 21, 25, 18, 18, 35] 2.880474652816724e-05
[28, 8, 32, 29, 15, 29, 4, 8, 36, 16] 3.932861712012036e-05
[4, 24, 34, 20, 9, 19, 18, 21, 30, 10] 6.302214903206639e-05
[14, 34, 5, 31, 35, 20, 14, 19, 7, 30] 3.0222756327510904e-05
[19, 30, 11, 20, 33, 36, 33, 21, 39, 40] 1.870289407389383e-05
[20, 20, 13, 27, 21, 21, 37, 38, 14, 28] 2.5117793520169942e-05
[30, 6, 30, 29, 14, 38, 23, 39, 36, 34] 4.2567869034723416e-05
[40, 27, 11, 5, 34, 36, 19, 22, 23, 40] 5.079847826018006e-05
[19, 25, 37, 33, 12, 17, 13, 23, 12, 23] 4.872952548756365e-05
[35, 13, 14, 38, 26, 14, 28, 19, 7, 15] 1.1811301829483227e-05
[7, 22, 32, 34, 26, 35, 15, 15, 34, 9] 5.346061171441662e-05
[31, 11, 32, 25, 27, 14, 29, 31, 4, 21] 3.3714126570561245e-05
[8, 21, 13, 5, 9, 40, 16, 12, 8, 40] 8.731552707838642e-06
[33, 9, 20, 18, 26, 36, 34, 38, 28, 22] 2.1383784092438003e-05
[20, 21, 29, 5, 31, 19, 17, 6, 11, 10] 4.421694757648977e-05
[4, 15, 23, 37, 33, 19, 7, 32, 31, 37] 2.088722499146227e-05
[15, 25, 17, 35, 14, 21, 29, 14, 10, 30] 2.2723652720769143e-05
[38, 38, 8, 22, 16, 4, 20, 27, 10, 39] 2.6598054105033596e-05
[5, 31, 12, 16, 32, 13, 14, 12, 20, 38] 6.74407590398139e-06
[16, 17, 11, 39, 28, 17, 27, 16, 26, 18] 2.085337847006888e-05
[17, 27, 24, 9, 36, 40, 34, 9, 27, 5] 2.2168255857228313e-05
Available Processors: 32
10 [(0.000157666764978057, [20, 36, 31, 16, 4, 30, 17, 31, 16, 25]), (0.0001564256877105233, [30, 22, 34, 30, 20, 30, 18, 31, 16, 25]), (0.00015640511761276686, [31, 21, 35, 30, 19, 31, 18, 31, 16, 25]), (0.0001562174627544731, [31, 21, 35, 31, 18, 31, 17, 31, 16, 25]), (0.0001555167582343436, [30, 24, 32, 30, 20, 30, 18, 31, 16, 25]), (0.00015551466682098278, [30, 24, 32, 30, 20, 30, 18, 31, 16, 25]), (0.00015499100917297647, [30, 25, 31, 30, 19, 31, 17, 31, 16, 25]), (0.00015486513388670607, [30, 25, 31, 29, 21, 30, 18, 31, 16, 25]), (0.00015454689326255332, [30, 26, 30, 29, 21, 30, 18, 30, 16, 25]), (0.00015444525494696565, [30, 26, 29, 30, 19, 30, 18, 31, 16, 25]), (0.00015430041723980825, [30, 26, 29, 29, 21, 30, 18, 30, 16, 25]), (0.00015394208618831496, [18, 37, 33, 30, 18, 31, 17, 31, 16, 25]), (0.0001538720255030926, [21, 35, 31, 19, 31, 18, 30, 16, 31, 9]), (0.00015383799865106843, [21, 35, 30, 19, 30, 18, 30, 16, 32, 9]), (0.00015383122809334851, [21, 35, 30, 19, 30, 18, 30, 16, 31, 9]), (0.00015381232797492404, [21, 35, 31, 19, 31, 17, 31, 16, 31, 9]), (0.00015372574164700128, [21, 35, 30, 19, 30, 18, 30, 16, 31, 9]), (0.00015371947635256983, [30, 26, 31, 28, 21, 30, 18, 31, 16, 25]), (0.0001537170788693089, [21, 35, 30, 19, 30, 18, 31, 16, 32, 9]), (0.00015332094595551588, [28, 26, 31, 16, 4, 29, 18, 31, 16, 25]), (0.00015224529698967216, [22, 34, 30, 21, 30, 18, 30, 16, 32, 9]), (0.0001517018822440576, [36, 32, 16, 4, 30, 17, 31, 16, 32, 9]), (0.00015169608842569875, [36, 31, 16, 4, 30, 18, 31, 16, 32, 9]), (0.0001516754628498458, [36, 31, 16, 4, 30, 18, 31, 16, 32, 9]), (0.00015167520017404543, [28, 27, 30, 17, 4, 28, 19, 31, 16, 25]), (0.0001493347343023439, [24, 32, 29, 21, 30, 18, 30, 17, 32, 9]), (0.00014885585311955976, [25, 31, 29, 21, 30, 18, 30, 16, 32, 9]), (0.00014865723742489998, [31, 30, 23, 34, 30, 18, 30, 17, 31, 25]), (0.0001484290720019428, [25, 30, 29, 21, 30, 19, 30, 17, 31, 9]), (0.00014820450438532708, [20, 36, 31, 19, 30, 32, 16, 16, 31, 25]), (0.00014790017728483033, [26, 28, 30, 21, 30, 19, 30, 17, 31, 9]), (0.00014783367222757554, [27, 28, 30, 20, 30, 19, 30, 17, 31, 9]), (0.00014782701452564315, [27, 28, 30, 20, 30, 19, 30, 17, 31, 9]), (0.0001477292730371983, [27, 27, 30, 20, 30, 18, 30, 16, 31, 9]), (0.00014771867465620977, [27, 27, 30, 21, 30, 19, 30, 17, 31, 9]), (0.00014760926072396853, [27, 27, 30, 20, 30, 18, 30, 17, 31, 9]), (0.00014676557231928483, [31, 19, 37, 31, 31, 18, 31, 17, 31, 25]), (0.00014619039024422244, [30, 28, 27, 31, 19, 30, 32, 16, 16, 25]), (0.00014617959677605546, [31, 26, 29, 30, 20, 29, 32, 16, 16, 25]), (0.00014530535634005385, [20, 37, 31, 24, 25, 30, 18, 31, 16, 25]), (0.00014388735336487275, [36, 31, 20, 27, 4, 14, 31, 16, 32, 9]), (0.00014385938109400122, [36, 31, 19, 28, 4, 14, 31, 16, 32, 9]), (0.00014194061741645402, [35, 30, 19, 31, 18, 30, 16, 31, 16, 25]), (0.00014193850377344585, [35, 30, 19, 31, 18, 30, 16, 32, 16, 25]), (0.00014193275729631333, [35, 30, 19, 31, 18, 30, 16, 32, 16, 25]), (0.00014193208702424179, [35, 30, 19, 31, 18, 30, 16, 32, 16, 25]), (0.0001419247820698678, [35, 30, 19, 31, 18, 30, 16, 31, 16, 25]), (0.000141922918849294, [35, 30, 19, 31, 18, 31, 16, 32, 16, 25]), (0.00014192033716789663, [35, 30, 19, 31, 18, 31, 16, 32, 16, 25]), (0.0001419045582180143, [35, 30, 19, 31, 18, 30, 16, 32, 16, 25]), (0.00014190232089382392, [35, 31, 19, 31, 18, 30, 16, 31, 16, 25]), (0.00014189299302803376, [35, 30, 20, 31, 18, 30, 16, 31, 16, 25]), (0.00014188673545375977, [35, 30, 19, 31, 18, 30, 16, 31, 16, 25]), (0.00014185628721899356, [35, 30, 19, 31, 18, 30, 17, 31, 16, 25]), (0.00014183706008210397, [35, 30, 20, 30, 18, 30, 17, 31, 16, 25]), (0.00014182261202299074, [35, 30, 20, 31, 18, 30, 16, 31, 16, 25]), (0.0001408622386928286, [35, 30, 19, 31, 15, 4, 30, 16, 16, 25]), (0.00014074980689026824, [35, 31, 19, 31, 15, 4, 30, 16, 32, 9]), (0.00014040289452925498, [36, 32, 22, 26, 31, 17, 32, 16, 32, 9]), (0.00013933569146483884, [36, 32, 20, 29, 32, 16, 32, 16, 16, 25]), (0.000138712469860413, [37, 31, 4, 13, 31, 18, 30, 16, 31, 25]), (0.00013830864015107344, [36, 32, 19, 29, 31, 17, 16, 31, 16, 25]), (0.00013815927847955648, [36, 31, 20, 29, 31, 17, 17, 31, 16, 25]), (0.0001330526684299055, [34, 30, 17, 4, 18, 28, 32, 16, 16, 25])]
