__init__ Optimal Geometry
[(4, 40), (4, 40), (4, 40), (4, 40), (4, 40), (4, 40), (4, 40), (4, 40), (4, 40), (4, 40), (4, 40), (4, 40)]
[7, 39, 31, 25, 40, 33, 16, 11, 16, 9, 18, 30] 3.1710356918029426e-05
[25, 34, 31, 17, 39, 26, 32, 5, 34, 18, 4, 17] 7.302028442445263e-05
[22, 23, 16, 5, 8, 14, 19, 27, 18, 24, 26, 36] 2.7136506014615462e-05
[11, 34, 4, 26, 18, 5, 12, 29, 18, 17, 35, 7] 6.259202296914294e-05
[13, 14, 29, 32, 34, 25, 28, 32, 20, 23, 18, 34] 7.182894815588274e-05
[11, 17, 20, 11, 34, 5, 18, 34, 10, 24, 13, 34] 1.2342976344350848e-05
[19, 27, 19, 19, 34, 32, 31, 32, 27, 18, 13, 38] 2.387771345536569e-05
[39, 10, 10, 35, 39, 9, 23, 28, 8, 20, 25, 22] 3.1126206163981774e-05
[16, 23, 27, 7, 12, 29, 17, 26, 20, 39, 18, 9] 3.427197682464762e-05
[31, 23, 7, 37, 11, 11, 33, 19, 9, 9, 21, 17] 4.224438783251228e-05
[30, 29, 7, 28, 22, 31, 36, 35, 7, 12, 31, 32] 4.30750980382924e-05
[30, 19, 5, 38, 10, 17, 10, 26, 9, 5, 40, 16] 6.207067676566362e-05
[15, 32, 5, 16, 9, 25, 30, 8, 32, 30, 17, 23] 3.1101578932290154e-05
[17, 18, 32, 12, 39, 8, 23, 6, 7, 20, 27, 5] 4.861142814828496e-06
[17, 17, 19, 4, 30, 15, 9, 40, 13, 22, 31, 36] 2.64764024016679e-05
[35, 19, 24, 35, 12, 24, 4, 40, 5, 40, 30, 28] 6.069887467022587e-05
[8, 19, 15, 29, 23, 19, 11, 31, 38, 35, 9, 12] 9.014844372760824e-06
[36, 11, 4, 36, 8, 15, 4, 20, 36, 40, 26, 14] 3.3348213578702656e-05
[26, 39, 29, 22, 26, 16, 8, 30, 6, 19, 6, 19] 7.705815761604183e-05
[7, 39, 7, 26, 21, 17, 24, 11, 37, 20, 18, 7] 2.0669069183635327e-05
[36, 39, 4, 21, 18, 39, 24, 30, 6, 16, 18, 5] 4.021983944193205e-05
[23, 10, 27, 29, 17, 22, 21, 6, 25, 6, 31, 37] 4.0655009304854416e-05
[17, 21, 31, 6, 6, 31, 29, 6, 40, 19, 15, 9] 2.23765514166015e-05
[40, 40, 17, 22, 36, 20, 12, 25, 17, 26, 31, 14] 2.2113505632252183e-05
[26, 32, 36, 30, 21, 40, 26, 13, 14, 9, 22, 19] 4.905593275026716e-05
[7, 33, 17, 40, 4, 28, 33, 16, 22, 25, 21, 24] 4.9329868896717754e-05
[34, 32, 19, 25, 12, 5, 20, 17, 18, 10, 4, 17] 8.594525726271691e-05
[18, 34, 21, 30, 28, 23, 31, 11, 39, 4, 28, 39] 8.819900133376373e-05
[32, 24, 34, 30, 28, 18, 26, 34, 20, 28, 11, 4] 8.08878126239912e-05
[29, 24, 26, 38, 20, 15, 6, 17, 31, 9, 15, 26] 6.65820219048342e-05
[24, 7, 39, 20, 39, 28, 36, 24, 24, 6, 32, 24] 3.537476835534262e-05
[26, 13, 10, 29, 29, 17, 24, 24, 33, 37, 15, 7] 8.264188504468772e-05
[5, 13, 13, 7, 8, 16, 40, 31, 32, 23, 24, 6] 3.8691975735637076e-05
[28, 21, 27, 30, 22, 36, 21, 30, 12, 19, 37, 26] 7.43554251043782e-05
[9, 12, 9, 22, 4, 38, 20, 6, 34, 38, 13, 23] 2.02997446401307e-05
[38, 35, 39, 25, 4, 10, 40, 12, 22, 12, 9, 22] 2.6468319028642918e-05
[15, 36, 15, 34, 11, 21, 22, 19, 19, 28, 25, 15] 2.0555532193353977e-05
[12, 10, 23, 34, 30, 17, 35, 7, 6, 26, 8, 23] 6.270285523791933e-05
[25, 14, 32, 20, 34, 32, 10, 38, 27, 30, 20, 29] 3.603745160524859e-05
[10, 4, 18, 25, 36, 31, 8, 9, 37, 12, 9, 26] 2.593237295471774e-05
[30, 5, 37, 24, 36, 15, 11, 39, 16, 16, 28, 40] 2.7327425070744697e-05
[6, 14, 6, 26, 15, 16, 18, 36, 37, 22, 11, 25] 3.3109082311089975e-05
[36, 23, 22, 29, 10, 33, 13, 33, 7, 37, 8, 9] 4.513119720740186e-05
[11, 5, 37, 5, 25, 4, 10, 33, 28, 26, 34, 24] 4.541793745022647e-05
[30, 22, 28, 31, 9, 33, 18, 38, 9, 8, 9, 7] 7.567150612422677e-05
[28, 29, 39, 37, 31, 20, 25, 36, 19, 29, 24, 24] 7.007362275971122e-05
[37, 22, 5, 33, 25, 40, 11, 25, 40, 5, 21, 7] 3.6909612353281345e-05
[37, 27, 20, 27, 11, 31, 9, 24, 6, 27, 29, 37] 5.093284638033675e-05
[12, 30, 6, 15, 6, 18, 7, 10, 12, 23, 27, 28] 2.7409371922615533e-05
[26, 38, 7, 28, 39, 11, 37, 24, 8, 17, 11, 26] 3.600811090210695e-05
[34, 21, 27, 16, 35, 21, 4, 38, 36, 29, 10, 10] 8.127276215674866e-05
[31, 27, 31, 35, 22, 15, 7, 14, 11, 4, 16, 29] 5.039450134025701e-05
[13, 22, 15, 36, 10, 18, 22, 4, 24, 33, 21, 22] 4.123898815761825e-05
[18, 24, 35, 29, 34, 19, 39, 14, 31, 22, 16, 30] 5.3754587569070886e-05
[14, 4, 28, 26, 40, 4, 13, 17, 20, 11, 7, 35] 4.9357448085086595e-05
[18, 9, 22, 39, 13, 14, 13, 40, 15, 20, 19, 33] 3.203452752821532e-05
[20, 24, 35, 37, 32, 24, 40, 26, 27, 32, 14, 5] 4.441144547060301e-05
[36, 31, 35, 38, 36, 38, 30, 33, 20, 25, 18, 28] 5.30140073805333e-05
[38, 35, 35, 5, 29, 31, 7, 6, 6, 38, 4, 11] 1.8902088551547974e-05
[19, 10, 35, 7, 33, 24, 33, 13, 22, 27, 5, 17] 2.1036732396837865e-05
[21, 6, 35, 10, 34, 27, 26, 30, 9, 12, 20, 36] 4.5838232962644324e-05
[9, 25, 27, 24, 36, 10, 24, 22, 30, 5, 26, 5] 5.512568989329431e-05
[40, 8, 26, 25, 33, 5, 39, 24, 12, 10, 14, 13] 2.5993092117791087e-05
[38, 33, 38, 6, 5, 27, 39, 16, 16, 19, 28, 4] 5.1456088782303324e-05
[30, 6, 13, 11, 14, 6, 37, 28, 8, 30, 21, 32] 2.5230724059705084e-05
[12, 40, 38, 39, 28, 17, 11, 11, 39, 12, 37, 32] 2.1960587147062486e-05
[14, 19, 30, 27, 10, 17, 29, 19, 40, 33, 23, 31] 2.997543823914407e-05
[37, 36, 30, 37, 36, 10, 33, 14, 6, 9, 12, 26] 3.5466671950610946e-05
[18, 26, 25, 10, 20, 6, 34, 12, 19, 40, 37, 9] 1.5487377325073976e-05
[11, 13, 34, 13, 14, 12, 25, 18, 6, 38, 20, 24] 2.170799960214144e-05
[19, 11, 16, 25, 39, 9, 36, 29, 23, 24, 23, 34] 4.458220814355024e-05
[35, 13, 38, 9, 11, 40, 20, 23, 6, 22, 23, 21] 3.302782198755382e-05
[15, 23, 40, 11, 26, 8, 5, 7, 11, 6, 21, 23] 1.3493962700947241e-05
[17, 8, 20, 14, 16, 17, 38, 22, 23, 30, 19, 22] 2.815754453209785e-05
[7, 19, 26, 24, 5, 23, 25, 23, 16, 32, 26, 28] 7.288152031593992e-05
[30, 11, 40, 15, 32, 13, 19, 31, 18, 37, 36, 38] 5.033760677640481e-05
[20, 39, 34, 8, 4, 13, 15, 18, 32, 7, 27, 38] 4.1963612354794284e-05
[35, 8, 10, 8, 34, 38, 31, 14, 4, 23, 11, 7] 4.601597609157225e-05
[36, 4, 28, 16, 7, 26, 19, 30, 32, 19, 37, 24] 9.534018322885676e-05
[4, 9, 7, 27, 21, 29, 17, 15, 36, 28, 25, 16] 8.507843487160935e-05
[5, 4, 9, 32, 21, 31, 13, 26, 15, 14, 19, 24] 3.3674927834646295e-05
[9, 40, 10, 25, 30, 18, 11, 20, 4, 4, 29, 32] 2.452969019375479e-05
[35, 35, 6, 8, 34, 38, 39, 17, 4, 21, 14, 13] 3.254149295661488e-05
[11, 17, 35, 31, 5, 25, 19, 40, 17, 14, 32, 20] 3.0885826306892064e-05
[14, 36, 27, 12, 20, 6, 16, 13, 11, 15, 24, 21] 2.4083671814634162e-05
[21, 14, 31, 5, 14, 13, 33, 27, 13, 14, 39, 27] 7.862185602057878e-06
[28, 36, 25, 17, 16, 19, 37, 21, 5, 12, 35, 10] 3.846961450863381e-05
[17, 34, 21, 4, 16, 27, 11, 37, 27, 35, 24, 17] 5.260836681213415e-05
[16, 12, 23, 26, 9, 15, 31, 35, 7, 37, 21, 17] 4.244049678259403e-05
[18, 7, 7, 11, 36, 26, 5, 31, 21, 11, 25, 23] 2.0737692838796773e-05
[8, 6, 6, 9, 33, 7, 32, 25, 34, 33, 29, 10] 2.615144179703461e-05
[39, 11, 10, 11, 28, 16, 22, 37, 24, 23, 34, 18] 4.1507153048717337e-05
[20, 34, 22, 26, 24, 34, 38, 19, 24, 22, 25, 14] 7.608522713330647e-05
[36, 18, 26, 37, 16, 9, 10, 34, 21, 24, 33, 4] 6.567454499947258e-05
[17, 23, 5, 32, 18, 18, 28, 7, 23, 14, 7, 18] 4.6556379864253584e-05
[34, 12, 21, 22, 23, 31, 16, 31, 10, 36, 28, 14] 2.3737886437254362e-05
[11, 12, 32, 8, 18, 17, 4, 7, 7, 12, 35, 7] 3.92617158175223e-06
[25, 5, 10, 11, 25, 5, 20, 11, 23, 18, 33, 18] 2.6879316059267813e-05
[12, 11, 7, 40, 6, 34, 9, 38, 7, 21, 25, 16] 9.019100660073834e-06
[17, 37, 4, 38, 25, 4, 25, 38, 38, 35, 20, 8] 2.3776398317552563e-05
[31, 26, 32, 30, 17, 12, 28, 19, 34, 12, 15, 16] 6.634689779048321e-05
[39, 17, 39, 28, 19, 39, 11, 19, 20, 29, 26, 15] 6.149192105748741e-05
[15, 4, 32, 20, 15, 11, 29, 39, 12, 11, 11, 28] 5.607900252088176e-05
[6, 29, 10, 17, 36, 28, 37, 23, 15, 16, 7, 29] 2.337358261791623e-05
[27, 7, 18, 16, 9, 35, 36, 21, 19, 14, 17, 39] 3.3662498706549564e-05
[13, 11, 17, 14, 15, 32, 23, 7, 7, 37, 39, 6] 2.00741854995052e-05
[37, 39, 5, 32, 25, 8, 14, 27, 39, 30, 20, 29] 3.4116255005288576e-05
[37, 16, 30, 10, 18, 8, 37, 19, 36, 36, 17, 34] 3.230206679216022e-05
[7, 24, 34, 22, 16, 25, 10, 16, 14, 39, 9, 11] 4.515069108733521e-05
[25, 14, 24, 34, 4, 10, 9, 25, 23, 28, 32, 5] 6.307537851068805e-05
[33, 7, 5, 16, 39, 39, 34, 37, 26, 35, 33, 6] 1.833978108417474e-05
[7, 26, 27, 23, 17, 28, 17, 10, 31, 40, 24, 28] 5.566510319877274e-05
[36, 20, 35, 23, 25, 38, 10, 25, 16, 7, 8, 33] 8.057939766856629e-05
[15, 8, 25, 34, 13, 7, 14, 31, 8, 33, 25, 12] 6.0026177323889185e-05
[4, 23, 37, 24, 28, 10, 16, 7, 29, 17, 22, 35] 5.121322606141686e-05
[12, 28, 16, 13, 40, 15, 32, 28, 4, 15, 28, 8] 3.2914780521787804e-05
[37, 12, 36, 11, 4, 20, 27, 36, 15, 31, 23, 20] 7.198499902467032e-05
[40, 11, 14, 29, 23, 19, 4, 12, 9, 36, 26, 34] 3.278620002218644e-05
[5, 26, 6, 19, 13, 4, 23, 40, 38, 5, 18, 26] 4.2410773222640886e-05
[33, 6, 40, 34, 24, 38, 6, 27, 35, 16, 39, 36] 5.111124386600974e-05
[38, 26, 19, 33, 34, 8, 20, 12, 38, 33, 38, 31] 7.791538801094343e-05
[9, 4, 35, 28, 10, 18, 8, 21, 25, 4, 34, 6] 2.7215358711202028e-05
[33, 33, 35, 38, 29, 21, 39, 26, 36, 33, 20, 16] 3.0067050254378054e-05
[14, 26, 25, 18, 27, 5, 34, 23, 38, 35, 5, 17] 1.8324137192983458e-05
[30, 16, 8, 23, 26, 39, 5, 25, 21, 36, 17, 33] 6.686816713528545e-05
[26, 39, 36, 18, 17, 11, 39, 10, 19, 30, 27, 28] 3.552025476748079e-05
[33, 7, 5, 36, 9, 31, 19, 14, 32, 21, 20, 13] 1.2255359421568043e-05
[27, 39, 39, 16, 22, 35, 30, 6, 6, 22, 4, 21] 3.304364330474284e-05
[35, 36, 9, 40, 35, 22, 7, 25, 13, 10, 6, 10] 2.2958797470089363e-05
[7, 40, 33, 5, 13, 24, 19, 8, 37, 10, 13, 36] 2.3411922186701663e-05
[32, 10, 4, 31, 24, 38, 19, 25, 40, 25, 37, 6] 4.9925674617643575e-05
[20, 26, 13, 5, 35, 34, 31, 24, 37, 27, 5, 32] 3.06709959814626e-05
[25, 9, 6, 26, 5, 28, 32, 8, 7, 27, 22, 21] 4.071402961723607e-05
[18, 6, 22, 23, 26, 12, 20, 35, 7, 8, 37, 7] 4.96748771687534e-05
[24, 22, 13, 33, 23, 31, 28, 30, 38, 38, 14, 40] 5.1977910223225176e-05
[28, 14, 14, 23, 28, 38, 27, 38, 6, 5, 25, 18] 2.842931790627861e-05
[27, 7, 34, 34, 12, 16, 17, 23, 40, 36, 27, 24] 2.532830499939972e-05
[34, 29, 35, 33, 29, 10, 36, 18, 4, 4, 34, 14] 4.0196736660819184e-05
[30, 22, 27, 39, 27, 27, 28, 8, 29, 35, 32, 37] 7.156066909242822e-05
[34, 18, 38, 17, 12, 38, 39, 27, 11, 21, 31, 29] 4.38928731005797e-05
[23, 39, 28, 20, 16, 27, 23, 31, 16, 8, 11, 7] 6.699456482147574e-05
[40, 20, 32, 29, 24, 5, 10, 16, 39, 18, 25, 11] 6.944585318154935e-05
[17, 35, 16, 35, 15, 30, 18, 26, 22, 14, 18, 27] 5.840643194469591e-05
[16, 14, 8, 7, 14, 26, 6, 38, 7, 10, 34, 35] 7.361482187612144e-06
[8, 28, 22, 31, 8, 4, 27, 39, 37, 13, 11, 25] 5.9267096179282556e-05
[18, 19, 21, 23, 25, 19, 16, 31, 37, 5, 19, 37] 1.3418401221754143e-05
[32, 28, 21, 33, 36, 30, 22, 30, 17, 37, 35, 28] 8.606895005782457e-05
[17, 24, 38, 31, 40, 12, 18, 37, 7, 19, 33, 9] 2.9376471390223125e-05
[25, 39, 31, 11, 29, 28, 14, 14, 38, 11, 40, 28] 2.795520531663318e-05
[24, 22, 13, 5, 30, 35, 10, 25, 11, 38, 32, 16] 2.738205792151983e-05
[30, 19, 16, 4, 16, 15, 9, 7, 23, 16, 23, 14] 2.6287225671355024e-05
[5, 36, 34, 37, 39, 35, 6, 24, 11, 14, 24, 28] 2.7494123086290954e-05
[29, 25, 31, 31, 6, 23, 31, 21, 10, 10, 29, 22] 7.650414927200484e-05
[28, 13, 20, 36, 26, 26, 11, 21, 22, 6, 35, 26] 2.939138200224714e-05
[38, 19, 14, 18, 30, 39, 29, 29, 24, 39, 32, 4] 2.8270527516777698e-05
[14, 11, 4, 36, 28, 31, 6, 13, 20, 27, 24, 25] 3.8388192347287646e-05
[33, 32, 27, 35, 34, 30, 32, 32, 39, 12, 13, 28] 4.263283451417566e-05
[30, 20, 9, 6, 21, 30, 18, 30, 23, 18, 7, 26] 4.00238668566949e-05
[13, 15, 29, 11, 30, 33, 31, 25, 40, 18, 23, 4] 3.641510816715437e-05
[20, 31, 36, 4, 18, 33, 14, 9, 6, 24, 30, 34] 3.9663804401219235e-05
[12, 16, 25, 17, 17, 9, 9, 22, 6, 14, 18, 15] 1.327237491842339e-05
[8, 31, 8, 9, 14, 12, 23, 4, 40, 31, 10, 28] 1.2128070724652832e-05
[12, 16, 36, 34, 34, 37, 29, 5, 14, 7, 23, 29] 4.804219241754481e-05
[29, 36, 13, 33, 29, 35, 40, 34, 8, 17, 27, 27] 8.297373172474179e-05
[9, 20, 10, 25, 15, 6, 10, 16, 30, 8, 29, 37] 9.016768405024307e-06
[38, 14, 27, 21, 37, 4, 22, 40, 9, 12, 12, 14] 3.2587121605663566e-05
[14, 34, 34, 8, 29, 26, 35, 8, 23, 39, 22, 6] 2.231934772767852e-05
[16, 26, 5, 37, 37, 33, 29, 24, 39, 18, 23, 6] 4.3195687896868254e-05
[14, 33, 32, 38, 37, 38, 16, 36, 30, 25, 21, 21] 3.571343963087784e-05
[12, 32, 9, 5, 26, 14, 23, 10, 22, 31, 20, 33] 2.9711056761711285e-05
[27, 28, 4, 38, 32, 12, 5, 38, 25, 29, 16, 39] 3.076690272847422e-05
[10, 17, 6, 19, 35, 33, 13, 4, 31, 24, 38, 10] 7.595900048470091e-05
[9, 40, 33, 4, 39, 18, 38, 16, 25, 19, 12, 30] 2.2104036121045818e-05
[23, 15, 15, 4, 21, 14, 25, 35, 6, 11, 13, 20] 5.883473592226653e-06
[34, 12, 9, 31, 34, 5, 19, 24, 8, 21, 36, 8] 3.9248473327785774e-05
[27, 28, 29, 7, 20, 11, 12, 10, 25, 5, 12, 19] 5.303855678721456e-05
[21, 18, 22, 34, 28, 21, 6, 18, 23, 16, 25, 4] 7.109183590964101e-05
[14, 35, 38, 32, 18, 6, 24, 33, 38, 34, 24, 18] 5.76639046005618e-05
[31, 18, 9, 13, 37, 36, 20, 40, 28, 22, 8, 28] 4.4423818915523004e-05
[36, 4, 8, 11, 12, 30, 25, 4, 21, 5, 5, 23] 1.6303160879680705e-05
[31, 36, 13, 19, 30, 25, 30, 7, 22, 35, 15, 7] 5.664942015630176e-05
[13, 36, 32, 28, 17, 4, 24, 23, 33, 39, 40, 5] 7.854688629962625e-05
[21, 5, 39, 21, 37, 20, 27, 13, 11, 16, 5, 33] 4.651575649986174e-05
[7, 30, 33, 22, 29, 38, 37, 30, 29, 32, 10, 4] 5.076970420669255e-05
[26, 37, 16, 7, 38, 37, 26, 37, 20, 35, 11, 13] 5.3696548375718114e-05
[18, 8, 36, 26, 20, 8, 18, 13, 18, 39, 40, 30] 2.806179000349358e-05
[15, 31, 6, 16, 10, 37, 9, 14, 25, 35, 15, 11] 2.8335862896160598e-05
[39, 40, 6, 4, 23, 7, 11, 18, 38, 30, 20, 11] 2.2754809077212023e-05
[7, 33, 34, 12, 14, 4, 12, 36, 18, 10, 34, 7] 5.321007869482291e-05
[15, 31, 7, 28, 24, 20, 26, 26, 5, 28, 6, 31] 4.552873229045829e-05
[20, 34, 25, 32, 21, 31, 39, 28, 24, 24, 39, 22] 7.95821686206578e-05
[8, 26, 31, 34, 9, 15, 15, 17, 6, 37, 20, 13] 2.004568029134123e-05
[9, 8, 30, 17, 25, 34, 5, 26, 25, 35, 38, 31] 3.185266761579839e-05
[40, 20, 9, 18, 27, 26, 31, 22, 20, 33, 13, 16] 7.045142582736849e-05
[25, 31, 21, 33, 4, 8, 17, 4, 12, 36, 23, 23] 9.857024772716288e-05
[33, 6, 17, 22, 38, 4, 14, 22, 32, 25, 15, 6] 3.707076489885406e-05
[36, 17, 28, 33, 7, 40, 10, 22, 40, 13, 23, 17] 6.190425692567874e-05
[7, 32, 30, 5, 34, 21, 33, 11, 36, 30, 18, 6] 4.6497188266536576e-05
[27, 33, 23, 28, 21, 9, 17, 13, 9, 32, 18, 36] 0.0001028115706925188
[4, 11, 21, 26, 34, 16, 10, 12, 39, 8, 18, 36] 2.8278345199124984e-05
[6, 29, 32, 34, 36, 40, 40, 15, 15, 13, 23, 5] 4.132491724117559e-05
[14, 6, 4, 13, 36, 37, 28, 26, 33, 10, 18, 18] 3.457918668964622e-05
[23, 34, 16, 9, 26, 35, 36, 11, 26, 7, 40, 40] 4.814657165182157e-05
[21, 23, 30, 37, 24, 13, 29, 39, 38, 34, 39, 37] 3.4561243067788184e-05
[24, 25, 5, 33, 23, 25, 26, 16, 16, 30, 36, 38] 4.996397808654221e-05
[40, 40, 21, 29, 31, 8, 9, 26, 31, 21, 14, 16] 4.7674721625015424e-05
[23, 32, 19, 21, 22, 40, 13, 14, 34, 20, 22, 21] 6.31017626254105e-05
[32, 7, 8, 12, 13, 19, 20, 16, 17, 5, 26, 26] 2.073138859076035e-05
[16, 37, 33, 10, 36, 19, 18, 27, 13, 29, 4, 12] 5.382441165799387e-05
[21, 36, 5, 29, 18, 21, 19, 16, 23, 22, 18, 12] 1.5955508717920445e-05
[25, 30, 26, 35, 21, 37, 29, 37, 34, 35, 9, 21] 6.917065710387338e-05
[13, 9, 10, 29, 40, 25, 16, 21, 18, 18, 4, 13] 1.1031311683337981e-05
[26, 8, 5, 20, 39, 25, 32, 11, 12, 35, 30, 21] 3.390620327802972e-05
[23, 19, 30, 10, 22, 27, 5, 40, 15, 36, 37, 40] 1.3903108020382975e-05
[15, 32, 26, 4, 13, 21, 9, 35, 19, 20, 16, 14] 4.569946623675585e-05
[28, 32, 40, 29, 16, 35, 6, 15, 5, 40, 5, 33] 3.322055654534712e-05
[40, 7, 36, 35, 19, 26, 36, 20, 14, 30, 20, 32] 6.216173412768932e-05
[18, 13, 11, 4, 29, 18, 27, 4, 40, 19, 39, 35] 4.6387053171533204e-05
[8, 38, 18, 19, 40, 15, 29, 34, 7, 14, 16, 10] 2.3390643117410622e-05
[15, 6, 5, 10, 12, 33, 19, 8, 6, 6, 34, 24] 2.7402762960670624e-05
[32, 24, 8, 6, 28, 36, 22, 25, 16, 14, 35, 18] 3.8017570625673244e-05
[28, 18, 33, 13, 27, 30, 35, 4, 28, 21, 40, 21] 3.775312247785852e-05
[23, 30, 22, 7, 18, 37, 27, 17, 31, 10, 35, 37] 6.235573349864132e-05
[28, 11, 11, 22, 27, 15, 29, 16, 13, 15, 33, 31] 5.061176454311824e-05
[18, 10, 32, 10, 4, 16, 11, 7, 21, 5, 22, 5] 3.239011683586005e-05
[29, 23, 9, 11, 4, 6, 13, 19, 27, 16, 30, 37] 5.6277297630125396e-05
[29, 22, 9, 29, 32, 20, 7, 32, 38, 15, 33, 18] 3.101330522466414e-05
[9, 39, 29, 30, 5, 13, 22, 7, 34, 35, 20, 33] 5.7055728456640266e-05
[23, 17, 37, 17, 21, 23, 22, 31, 18, 21, 10, 29] 3.385564096706815e-05
[12, 10, 25, 17, 32, 21, 37, 33, 38, 12, 29, 38] 2.645337522097845e-05
[17, 36, 10, 9, 8, 21, 13, 7, 21, 32, 31, 8] 2.0359851576960772e-05
[14, 12, 34, 32, 15, 14, 30, 27, 19, 30, 33, 36] 4.4466635783837135e-05
[22, 27, 20, 23, 18, 24, 33, 30, 18, 34, 28, 29] 5.9543896386932064e-05
[26, 25, 18, 7, 23, 39, 20, 36, 21, 28, 28, 8] 6.428211344098842e-05
[32, 5, 23, 21, 22, 19, 16, 21, 25, 12, 5, 28] 3.432010872228272e-05
[22, 24, 34, 36, 30, 31, 5, 11, 30, 17, 9, 4] 5.564344242245388e-05
[10, 20, 40, 24, 30, 11, 37, 29, 17, 5, 35, 24] 3.465809101511507e-05
[9, 37, 9, 9, 33, 35, 24, 34, 17, 20, 5, 19] 5.032175180191054e-05
[14, 40, 38, 36, 10, 29, 11, 32, 7, 28, 15, 20] 9.801238635809545e-06
[29, 9, 12, 29, 20, 27, 35, 33, 4, 32, 30, 23] 0.00010105418991564338
[20, 35, 4, 35, 16, 15, 23, 33, 22, 19, 6, 29] 4.361253259075988e-05
[15, 13, 19, 14, 34, 6, 28, 30, 38, 26, 15, 12] 9.348699292531744e-06
[16, 26, 36, 30, 6, 27, 16, 39, 16, 23, 9, 35] 3.0449901991756127e-05
[6, 39, 10, 36, 40, 38, 38, 13, 33, 31, 9, 35] 2.5484134133368365e-05
[29, 22, 6, 27, 13, 38, 28, 35, 20, 18, 13, 21] 7.393684185591749e-05
[40, 33, 30, 38, 26, 37, 6, 32, 23, 40, 33, 34] 2.2306917139288474e-05
[20, 11, 6, 29, 39, 22, 39, 24, 10, 36, 38, 13] 1.5106180540312639e-05
[10, 36, 8, 5, 21, 25, 37, 29, 9, 36, 40, 14] 1.5960520715010386e-05
[7, 16, 24, 21, 22, 37, 12, 34, 17, 21, 8, 17] 3.049024734199715e-05
[37, 25, 10, 36, 14, 6, 35, 23, 36, 5, 40, 32] 2.134267786009505e-05
[24, 11, 19, 5, 22, 22, 29, 11, 13, 4, 7, 6] 3.833982370027557e-05
[11, 34, 39, 11, 28, 30, 17, 21, 14, 28, 38, 23] 4.1067034775601234e-05
[17, 9, 15, 29, 6, 17, 38, 5, 6, 32, 40, 34] 3.6234571460773415e-05
[8, 26, 19, 35, 26, 5, 4, 15, 16, 16, 17, 16] 6.632631002742364e-05
[12, 38, 35, 21, 22, 33, 34, 10, 35, 25, 8, 18] 5.163684304950888e-05
[32, 12, 27, 12, 5, 28, 36, 39, 19, 13, 37, 36] 1.2734974272384732e-05
Available Processors: 94
12 [(0.0001705905126068239, [31, 20, 36, 31, 15, 4, 30, 17, 32, 16, 32, 9]), (0.0001705903713103902, [31, 20, 36, 31, 15, 4, 30, 17, 32, 16, 32, 9]), (0.0001705903174222432, [31, 21, 36, 31, 15, 4, 30, 17, 32, 16, 32, 9]), (0.00017054697210216, [31, 20, 36, 31, 15, 4, 30, 17, 32, 16, 32, 9]), (0.0001705235184884477, [19, 36, 32, 15, 4, 30, 17, 31, 16, 32, 16, 25]), (0.00017052343231888713, [19, 36, 32, 15, 4, 30, 17, 31, 16, 32, 16, 25]), (0.00017052123535860845, [19, 36, 32, 15, 4, 30, 17, 31, 16, 32, 16, 25]), (0.0001705158317283567, [19, 36, 31, 15, 4, 30, 17, 31, 16, 32, 16, 25]), (0.000170514739199462, [31, 21, 36, 31, 15, 4, 30, 17, 32, 16, 16, 25]), (0.00017051442380233445, [31, 21, 36, 31, 15, 4, 30, 17, 32, 16, 16, 25]), (0.0001705097362933308, [19, 36, 32, 15, 4, 30, 17, 31, 16, 32, 16, 25]), (0.0001703513052069825, [19, 36, 32, 15, 4, 30, 17, 31, 16, 32, 32, 25]), (0.00016726138485474276, [31, 21, 35, 31, 18, 31, 17, 31, 16, 32, 16, 25]), (0.0001672612754086294, [31, 21, 35, 31, 18, 31, 17, 31, 16, 32, 16, 25]), (0.00016726119691032443, [31, 21, 35, 31, 18, 31, 17, 31, 16, 32, 16, 25]), (0.00016726118073270743, [31, 21, 35, 31, 18, 31, 17, 31, 16, 32, 16, 25]), (0.00016726117579222524, [31, 21, 35, 31, 18, 31, 17, 31, 16, 32, 16, 25]), (0.0001672610905016245, [31, 21, 35, 31, 18, 31, 17, 31, 16, 32, 16, 25]), (0.0001672610161289956, [31, 21, 35, 31, 18, 31, 17, 31, 16, 32, 16, 25]), (0.00016726087751407545, [31, 21, 35, 31, 18, 31, 17, 31, 16, 32, 16, 25]), (0.0001672608544356685, [31, 21, 35, 31, 18, 31, 17, 31, 16, 32, 16, 25]), (0.00016726051524836274, [31, 21, 35, 31, 18, 31, 17, 31, 16, 32, 16, 25]), (0.0001672604948685055, [31, 21, 35, 31, 18, 31, 17, 31, 16, 32, 16, 25]), (0.00016726008324287502, [31, 21, 35, 31, 18, 31, 17, 31, 16, 32, 16, 25]), (0.0001672595785918583, [31, 21, 35, 31, 18, 31, 17, 31, 16, 32, 16, 25]), (0.00016725942501329033, [31, 21, 35, 31, 18, 31, 17, 31, 16, 32, 16, 25]), (0.00016725905939693995, [31, 21, 35, 31, 18, 31, 17, 31, 16, 32, 16, 25]), (0.00016725899826158024, [31, 21, 35, 31, 18, 31, 17, 31, 16, 32, 16, 25]), (0.00016725896187058014, [31, 21, 35, 31, 18, 31, 17, 31, 16, 32, 16, 25]), (0.00016725886096292396, [31, 21, 35, 31, 18, 31, 17, 31, 16, 32, 16, 25]), (0.00016725854133687365, [31, 21, 35, 31, 18, 31, 17, 31, 16, 32, 16, 25]), (0.00016725839853943414, [31, 21, 35, 31, 18, 31, 17, 31, 16, 32, 16, 25]), (0.0001672582871700639, [31, 21, 35, 31, 18, 31, 17, 31, 16, 32, 16, 25]), (0.0001672577835687364, [31, 21, 35, 31, 18, 31, 17, 31, 16, 32, 16, 25]), (0.00016725576147312273, [31, 22, 35, 31, 18, 31, 17, 31, 16, 32, 16, 25]), (0.00016725571378129603, [31, 21, 35, 31, 18, 31, 17, 31, 16, 32, 16, 25]), (0.0001672550851321213, [31, 22, 35, 31, 18, 31, 17, 31, 16, 32, 16, 25]), (0.00016725392612752056, [31, 22, 35, 31, 18, 31, 18, 31, 16, 32, 16, 25]), (0.00016725206160933442, [31, 22, 35, 31, 18, 31, 18, 31, 16, 32, 16, 25]), (0.0001672520384027481, [31, 22, 35, 31, 18, 31, 17, 31, 16, 32, 16, 25]), (0.00016725012788579654, [31, 21, 35, 31, 18, 31, 17, 31, 16, 32, 16, 25]), (0.0001672493688181932, [30, 22, 35, 31, 18, 31, 18, 31, 16, 32, 16, 25]), (0.00016724875875682283, [31, 21, 35, 31, 18, 31, 18, 31, 16, 32, 16, 25]), (0.0001672474513221146, [31, 22, 35, 31, 19, 31, 18, 31, 16, 32, 16, 25]), (0.000167243065856871, [30, 22, 35, 31, 19, 31, 17, 31, 16, 32, 16, 25]), (0.00016723371385290743, [31, 21, 35, 31, 18, 31, 17, 31, 16, 32, 16, 25]), (0.0001672313343403465, [31, 21, 35, 31, 18, 31, 18, 31, 16, 32, 16, 25]), (0.00016722563842559533, [30, 22, 35, 31, 18, 31, 17, 31, 16, 32, 16, 25]), (0.00016721850642383455, [30, 22, 35, 31, 18, 31, 17, 31, 16, 32, 16, 25]), (0.0001672071536763604, [31, 21, 35, 31, 18, 31, 17, 31, 16, 32, 16, 25]), (0.00016716336568682282, [30, 22, 35, 31, 19, 31, 18, 31, 16, 32, 16, 25]), (0.0001671331814872117, [30, 22, 34, 31, 19, 31, 18, 31, 16, 31, 16, 25]), (0.00016711000611854883, [30, 22, 34, 31, 19, 31, 18, 31, 16, 32, 16, 25]), (0.00016710434127432348, [30, 22, 35, 31, 19, 31, 18, 31, 16, 32, 16, 25]), (0.0001670926744911728, [30, 22, 34, 31, 19, 31, 17, 31, 16, 32, 16, 25]), (0.00016708416435111588, [30, 22, 34, 31, 19, 31, 18, 31, 16, 32, 16, 25]), (0.00016694510199970517, [30, 22, 34, 31, 19, 31, 18, 31, 16, 32, 16, 25]), (0.00016689438510413712, [17, 36, 35, 31, 15, 4, 30, 17, 31, 16, 32, 9]), (0.0001668942745748906, [17, 36, 35, 31, 15, 4, 30, 17, 31, 16, 32, 9]), (0.0001668939503460461, [17, 36, 35, 31, 15, 4, 30, 17, 31, 16, 32, 9]), (0.00016689379815239787, [17, 36, 35, 31, 15, 4, 30, 17, 31, 16, 32, 9]), (0.000166893610818865, [30, 22, 34, 31, 19, 31, 18, 31, 16, 32, 16, 25]), (0.00016689329705982397, [17, 36, 35, 31, 15, 4, 30, 17, 31, 16, 32, 9]), (0.0001668872904208566, [17, 36, 35, 31, 15, 4, 30, 17, 31, 16, 32, 9]), (0.0001668718814236688, [30, 22, 34, 30, 19, 31, 18, 31, 16, 32, 16, 25]), (0.00016686602473159605, [30, 22, 34, 31, 19, 31, 18, 31, 16, 32, 16, 25]), (0.00016684923129958712, [31, 22, 34, 31, 19, 31, 17, 31, 16, 32, 32, 25]), (0.0001667428217920651, [30, 22, 34, 31, 19, 31, 18, 31, 16, 31, 16, 25]), (0.00016671533232000472, [30, 22, 34, 30, 19, 31, 18, 31, 16, 31, 16, 25]), (0.00016667259715877429, [30, 22, 34, 31, 19, 31, 18, 31, 16, 32, 16, 25]), (0.00016662802112429265, [17, 35, 36, 31, 15, 4, 30, 17, 31, 16, 32, 9]), (0.00016661528145317186, [30, 22, 34, 30, 19, 31, 17, 31, 16, 32, 16, 25]), (0.00016651992349263865, [17, 35, 36, 31, 15, 4, 30, 17, 31, 16, 32, 9]), (0.00016650237531353772, [31, 21, 35, 31, 18, 31, 17, 31, 16, 16, 31, 25]), (0.00016636282727673583, [30, 23, 34, 31, 19, 31, 18, 31, 16, 32, 16, 25]), (0.00016613924993516327, [30, 23, 33, 30, 19, 31, 18, 31, 16, 32, 16, 25]), (0.00016592230093040602, [30, 23, 34, 30, 19, 31, 18, 31, 16, 32, 16, 25]), (0.0001658227798599374, [30, 23, 33, 30, 19, 31, 18, 31, 16, 32, 16, 25]), (0.00016581957498983173, [30, 23, 33, 30, 19, 31, 18, 30, 16, 31, 16, 25]), (0.0001656625265432587, [17, 37, 33, 31, 18, 31, 17, 31, 16, 32, 16, 25]), (0.00016566241804830578, [17, 37, 33, 31, 18, 31, 17, 31, 16, 32, 16, 25]), (0.00016566241771271778, [17, 37, 33, 31, 18, 31, 17, 31, 16, 32, 16, 25]), (0.00016566241556837533, [17, 37, 33, 31, 18, 31, 17, 31, 16, 32, 16, 25]), (0.00016566222612516058, [17, 37, 33, 31, 18, 31, 17, 31, 16, 32, 16, 25]), (0.00016566221737581455, [17, 37, 33, 31, 18, 31, 17, 31, 16, 32, 16, 25]), (0.00016566221499698795, [17, 37, 33, 31, 18, 31, 17, 31, 16, 32, 16, 25]), (0.00016566204231176711, [17, 37, 33, 31, 18, 31, 17, 31, 16, 32, 16, 25]), (0.00016566201308437035, [17, 37, 33, 31, 18, 31, 17, 31, 16, 32, 16, 25]), (0.00016566165731250835, [17, 37, 33, 31, 18, 31, 17, 31, 16, 32, 16, 25]), (0.00016566164407102695, [17, 37, 33, 31, 18, 31, 17, 31, 16, 32, 16, 25]), (0.0001656615304773243, [17, 37, 33, 31, 18, 31, 17, 31, 16, 32, 16, 25]), (0.00016565961401953738, [17, 37, 33, 31, 18, 31, 17, 31, 16, 32, 16, 25]), (0.0001656595605542955, [17, 37, 33, 31, 18, 31, 17, 31, 16, 32, 16, 25]), (0.0001656549758120089, [17, 37, 33, 31, 18, 31, 17, 31, 16, 32, 15, 25]), (0.0001656477822414632, [17, 37, 33, 31, 18, 31, 17, 31, 16, 32, 16, 25]), (0.0001656457675107172, [17, 37, 33, 31, 18, 31, 17, 31, 16, 32, 16, 25]), (0.00016563479961633336, [17, 37, 33, 31, 18, 31, 17, 31, 16, 32, 16, 9]), (0.00016563345927222728, [30, 23, 33, 30, 19, 31, 18, 31, 16, 32, 32, 25]), (0.00016560377881056902, [17, 37, 33, 31, 18, 31, 17, 31, 16, 32, 16, 25]), (0.00016558582424253715, [17, 36, 34, 31, 18, 31, 17, 31, 16, 32, 16, 25]), (0.0001655756620620269, [17, 37, 33, 31, 18, 31, 17, 31, 16, 32, 15, 25]), (0.00016554924766187595, [17, 36, 34, 31, 18, 31, 17, 31, 16, 32, 15, 25]), (0.00016554924766187595, [17, 36, 34, 31, 18, 31, 17, 31, 16, 32, 15, 25]), (0.00016553395529968142, [18, 36, 34, 30, 18, 31, 17, 31, 16, 32, 16, 25]), (0.00016548467383118625, [17, 37, 33, 31, 18, 31, 17, 31, 16, 32, 16, 25]), (0.00016547662220809886, [17, 37, 33, 30, 19, 31, 17, 31, 16, 32, 16, 25]), (0.0001654730968912516, [18, 36, 34, 31, 18, 31, 17, 31, 16, 32, 16, 9]), (0.00016544241733564073, [17, 37, 33, 30, 19, 31, 17, 31, 16, 32, 16, 25]), (0.00016528507563304362, [30, 23, 33, 30, 19, 31, 17, 31, 16, 32, 16, 25]), (0.00016527324884956082, [31, 28, 26, 31, 15, 4, 30, 17, 31, 16, 32, 9]), (0.0001652727365612746, [31, 28, 26, 31, 15, 4, 30, 17, 31, 16, 32, 9]), (0.0001652715584887361, [18, 36, 34, 30, 19, 31, 17, 31, 16, 32, 32, 9]), (0.0001652224043193086, [31, 28, 26, 32, 15, 4, 30, 17, 31, 16, 32, 9]), (0.00016519318271746445, [30, 23, 33, 30, 19, 31, 18, 31, 16, 32, 16, 25]), (0.00016515957853788547, [31, 28, 26, 31, 15, 4, 30, 17, 31, 16, 16, 25]), (0.00016515444021259577, [31, 28, 26, 31, 15, 4, 30, 17, 31, 16, 16, 25]), (0.0001651293960634173, [17, 37, 33, 31, 18, 31, 17, 31, 16, 16, 32, 25]), (0.0001649745220163827, [30, 23, 33, 30, 19, 31, 17, 31, 16, 32, 16, 25]), (0.0001649745220163827, [30, 23, 33, 30, 19, 31, 17, 31, 16, 32, 16, 25]), (0.000164916554271792, [30, 22, 35, 31, 18, 31, 15, 4, 30, 16, 16, 25]), (0.00016482271289004587, [30, 22, 34, 31, 19, 31, 15, 4, 30, 16, 16, 25]), (0.00016446739419468984, [18, 36, 34, 31, 18, 31, 17, 31, 15, 32, 32, 9]), (0.0001639754985244115, [31, 21, 35, 31, 19, 28, 4, 14, 31, 16, 32, 9]), (0.00016389516211507077, [31, 21, 35, 31, 18, 29, 4, 14, 31, 16, 16, 25]), (0.00016361525364649832, [30, 24, 32, 30, 20, 30, 18, 31, 16, 32, 16, 25]), (0.0001634996420679563, [30, 24, 32, 29, 20, 30, 17, 31, 16, 32, 16, 25]), (0.00016329821044187628, [30, 22, 34, 31, 19, 31, 15, 4, 14, 31, 16, 25]), (0.00016329477221384292, [30, 22, 34, 31, 19, 31, 15, 4, 14, 31, 16, 25]), (0.000163278100584525, [30, 22, 34, 30, 19, 31, 15, 4, 14, 31, 16, 25]), (0.00016325376628249747, [30, 22, 34, 30, 19, 31, 15, 4, 14, 31, 16, 25]), (0.00016311696532311947, [30, 23, 34, 30, 19, 31, 15, 4, 14, 31, 16, 25]), (0.00016307866468676398, [31, 30, 23, 34, 31, 18, 31, 17, 31, 16, 32, 9]), (0.00016307818242757824, [31, 30, 23, 34, 31, 18, 31, 17, 31, 16, 32, 9]), (0.00016307406939716876, [31, 30, 23, 33, 31, 18, 31, 17, 31, 16, 32, 9]), (0.0001630580256892235, [31, 30, 23, 33, 31, 18, 31, 17, 31, 16, 32, 9]), (0.00016305186278653796, [30, 24, 32, 29, 20, 30, 18, 31, 16, 32, 16, 9]), (0.0001630433495209692, [31, 30, 23, 33, 31, 18, 31, 17, 31, 16, 32, 9]), (0.0001630216448890354, [31, 30, 23, 33, 31, 18, 31, 17, 31, 16, 32, 9]), (0.00016298549188883228, [31, 30, 24, 33, 31, 18, 31, 17, 31, 16, 32, 9]), (0.0001629433117637631, [31, 30, 22, 34, 31, 18, 31, 17, 31, 16, 32, 9]), (0.0001629091034223442, [31, 30, 24, 33, 31, 18, 31, 17, 31, 16, 32, 9]), (0.00016286536862957448, [31, 18, 37, 32, 31, 18, 31, 17, 31, 16, 32, 9]), (0.0001625836853873063, [30, 23, 33, 30, 20, 31, 15, 4, 14, 31, 16, 25]), (0.00016257011003944068, [30, 25, 31, 30, 20, 31, 18, 31, 16, 32, 16, 25]), (0.00016233363434013716, [31, 30, 25, 32, 30, 19, 31, 17, 31, 16, 32, 9]), (0.00016231650682798293, [30, 25, 31, 30, 20, 31, 18, 31, 16, 32, 16, 25]), (0.0001622655467096995, [31, 18, 38, 32, 30, 19, 31, 17, 31, 16, 32, 9]), (0.00016198879774143713, [31, 30, 25, 32, 30, 19, 31, 17, 31, 16, 32, 9]), (0.00016192291665770373, [20, 36, 31, 19, 28, 4, 14, 31, 16, 32, 16, 25]), (0.00016191973973419342, [20, 36, 31, 19, 28, 4, 14, 31, 16, 32, 16, 25]), (0.0001618725506440207, [20, 36, 31, 19, 28, 4, 14, 31, 16, 32, 16, 25]), (0.00016186849804224437, [30, 26, 30, 30, 20, 31, 18, 31, 16, 32, 16, 25]), (0.00016177457601565797, [18, 37, 33, 30, 18, 31, 15, 4, 14, 31, 16, 25]), (0.00016162400787487436, [30, 26, 29, 30, 20, 30, 18, 31, 16, 32, 16, 25]), (0.00016156277656114007, [30, 26, 29, 30, 20, 31, 18, 31, 16, 32, 16, 25]), (0.0001615577153256682, [30, 24, 32, 30, 20, 31, 15, 4, 14, 31, 16, 25]), (0.0001615055379072294, [21, 35, 31, 19, 31, 18, 30, 16, 32, 16, 16, 25]), (0.0001615055024902158, [21, 35, 31, 19, 31, 18, 30, 16, 32, 16, 16, 25]), (0.00016150548526970722, [21, 35, 31, 19, 31, 18, 30, 16, 32, 16, 16, 25]), (0.00016150547711827294, [21, 35, 31, 19, 31, 18, 30, 16, 32, 16, 16, 25]), (0.00016150547462013477, [21, 35, 31, 19, 31, 18, 30, 16, 32, 16, 16, 25]), (0.00016150546751774714, [21, 35, 31, 19, 31, 18, 30, 16, 32, 16, 16, 25]), (0.00016150546139036162, [21, 35, 31, 19, 31, 18, 30, 16, 32, 16, 16, 25]), (0.00016150546030848864, [21, 35, 31, 19, 31, 18, 30, 16, 32, 16, 16, 25]), (0.00016150545484524756, [21, 35, 31, 19, 31, 18, 30, 16, 32, 16, 16, 25]), (0.00016150542472346803, [21, 35, 31, 19, 31, 18, 30, 16, 32, 16, 16, 25]), (0.0001615052073670966, [21, 35, 31, 19, 31, 18, 30, 16, 32, 16, 16, 25]), (0.0001615040773052365, [21, 35, 31, 19, 31, 18, 30, 16, 32, 16, 16, 25]), (0.00016150390947275867, [21, 35, 31, 19, 31, 18, 30, 16, 32, 16, 32, 9]), (0.00016150390494744005, [21, 35, 31, 19, 31, 18, 30, 16, 32, 16, 32, 9]), (0.00016150389144405544, [21, 35, 31, 19, 31, 18, 30, 16, 32, 16, 32, 9]), (0.00016150388971938358, [21, 35, 31, 19, 31, 18, 30, 16, 32, 16, 32, 9]), (0.0001615038791997518, [21, 35, 31, 19, 31, 18, 30, 16, 32, 16, 32, 9]), (0.00016150386981892572, [21, 35, 31, 19, 31, 18, 30, 16, 32, 16, 32, 9]), (0.00016150386239651159, [21, 35, 31, 19, 31, 18, 30, 16, 32, 16, 32, 9]), (0.0001615038514083274, [21, 35, 31, 19, 31, 18, 30, 16, 32, 16, 32, 9]), (0.00016150383479377842, [21, 35, 31, 19, 31, 18, 30, 16, 32, 16, 32, 9]), (0.0001615038267490326, [21, 35, 31, 19, 31, 18, 30, 16, 32, 16, 32, 9]), (0.0001615028993240687, [21, 35, 31, 19, 31, 18, 30, 16, 32, 16, 32, 9]), (0.00016150231763407852, [21, 35, 31, 19, 31, 18, 30, 16, 32, 16, 16, 25]), (0.000161501335446425, [21, 35, 31, 19, 31, 18, 31, 16, 32, 16, 16, 25]), (0.00016150123636006486, [21, 35, 31, 19, 31, 18, 30, 16, 31, 16, 16, 25]), (0.00016150123636006486, [21, 35, 31, 19, 31, 18, 30, 16, 31, 16, 16, 25]), (0.0001615011229663232, [21, 35, 31, 18, 31, 18, 30, 16, 32, 16, 16, 25]), (0.00016150060595748004, [21, 35, 31, 19, 31, 18, 31, 16, 32, 16, 32, 9]), (0.0001614991674915849, [21, 35, 31, 19, 31, 18, 30, 16, 32, 16, 32, 25]), (0.00016149878281162812, [21, 35, 31, 19, 31, 18, 30, 16, 32, 16, 16, 25]), (0.0001614984716318089, [21, 35, 31, 18, 31, 18, 31, 16, 32, 16, 16, 25]), (0.0001614984114482446, [21, 35, 31, 18, 31, 18, 31, 16, 32, 16, 32, 9]), (0.0001614945080540604, [21, 35, 31, 19, 31, 18, 30, 16, 32, 16, 16, 25]), (0.00016149101724382796, [21, 35, 31, 19, 31, 18, 30, 16, 32, 16, 16, 25]), (0.0001614905581711131, [21, 35, 31, 19, 31, 18, 30, 16, 32, 16, 16, 9]), (0.00016148269426839802, [21, 35, 31, 19, 31, 18, 30, 16, 32, 16, 32, 9]), (0.00016148062479008903, [21, 35, 31, 19, 31, 18, 30, 16, 31, 16, 32, 9]), (0.0001614774692403672, [36, 32, 16, 4, 31, 17, 31, 16, 32, 16, 16, 25]), (0.0001614774522511469, [36, 32, 16, 4, 31, 17, 31, 16, 32, 16, 16, 25]), (0.00016147737978262542, [36, 32, 16, 4, 31, 17, 31, 16, 32, 16, 16, 25]), (0.00016147405949697193, [21, 35, 31, 19, 31, 18, 30, 16, 32, 16, 32, 9]), (0.00016147119226242478, [21, 35, 31, 19, 31, 18, 30, 16, 32, 16, 32, 9]), (0.00016147055690947387, [21, 35, 31, 19, 31, 18, 30, 16, 32, 16, 32, 9]), (0.00016147055690947387, [21, 35, 31, 19, 31, 18, 30, 16, 32, 16, 32, 9]), (0.00016146909952051108, [21, 35, 31, 19, 31, 18, 30, 16, 31, 16, 16, 25]), (0.0001614664000073456, [36, 32, 16, 4, 31, 17, 31, 16, 32, 16, 32, 9]), (0.00016146639986490397, [36, 32, 16, 4, 31, 17, 31, 16, 32, 16, 32, 9]), (0.00016146636029650357, [36, 32, 16, 4, 31, 17, 31, 16, 32, 16, 32, 9]), (0.00016145370111092573, [21, 35, 31, 19, 31, 18, 30, 16, 32, 16, 16, 9]), (0.00016139291526682243, [28, 26, 31, 16, 4, 29, 16, 4, 14, 31, 16, 25]), (0.00016132010450429991, [21, 35, 30, 19, 31, 18, 30, 16, 31, 16, 32, 9]), (0.00016128203902261606, [30, 26, 29, 30, 19, 31, 18, 31, 16, 32, 16, 25]), (0.0001611866161120642, [21, 35, 30, 19, 31, 18, 30, 16, 31, 16, 32, 9]), (0.00016108107992920002, [18, 34, 36, 31, 18, 31, 17, 32, 16, 31, 32, 9]), (0.00016104232740975523, [21, 35, 30, 19, 31, 18, 30, 16, 32, 16, 16, 25]), (0.00016074651255245994, [30, 27, 28, 30, 19, 31, 18, 31, 16, 32, 16, 25]), (0.00016053893956380737, [31, 21, 35, 31, 18, 30, 32, 15, 16, 32, 16, 25]), (0.00016051928970292392, [31, 21, 35, 31, 18, 30, 32, 16, 16, 32, 16, 25]), (0.00016047613022526202, [22, 34, 30, 19, 31, 18, 31, 16, 31, 16, 32, 25]), (0.00016034375144805728, [30, 21, 35, 31, 18, 30, 32, 15, 16, 31, 16, 25]), (0.00016034064626031867, [21, 35, 31, 19, 31, 15, 4, 30, 16, 16, 32, 9]), (0.00016034059076010116, [21, 35, 31, 19, 31, 15, 4, 30, 16, 16, 32, 9]), (0.00016034035080265578, [21, 35, 31, 19, 31, 15, 4, 30, 16, 16, 32, 9]), (0.00016032860836292102, [21, 35, 31, 19, 31, 15, 4, 30, 16, 16, 32, 9]), (0.00016026761610537366, [20, 36, 31, 19, 28, 4, 12, 4, 14, 31, 16, 25]), (0.00016019255035145484, [31, 30, 26, 29, 30, 19, 30, 18, 31, 16, 32, 9]), (0.00016009686330465203, [31, 21, 36, 31, 18, 30, 32, 16, 32, 16, 16, 25]), (0.00015970614739764294, [30, 24, 33, 26, 22, 31, 17, 31, 16, 31, 16, 9]), (0.0001593746927718261, [31, 30, 23, 34, 31, 18, 31, 15, 4, 30, 16, 25]), (0.00015899444380479164, [30, 24, 32, 29, 18, 4, 16, 30, 17, 31, 16, 25]), (0.00015848713440638152, [30, 25, 31, 30, 20, 31, 15, 4, 12, 4, 30, 9]), (0.00015809283325312793, [31, 30, 26, 31, 30, 19, 31, 15, 4, 14, 31, 25]), (0.00015789093599790364, [36, 34, 30, 19, 31, 18, 30, 16, 31, 16, 16, 25]), (0.00015788232411993557, [30, 27, 27, 31, 19, 28, 4, 14, 32, 16, 16, 25]), (0.00015738911716470645, [29, 25, 31, 25, 21, 4, 16, 30, 17, 31, 16, 25]), (0.00015688856574004804, [37, 33, 30, 19, 31, 18, 30, 17, 31, 16, 16, 25]), (0.00015655242447203599, [20, 36, 32, 19, 30, 32, 16, 16, 31, 16, 32, 9]), (0.00015655240128662463, [20, 36, 32, 19, 30, 32, 16, 16, 31, 16, 32, 9]), (0.00015655089398108622, [20, 36, 32, 19, 30, 32, 16, 16, 31, 16, 32, 9]), (0.00015654662197789454, [20, 36, 32, 19, 30, 32, 16, 16, 31, 16, 32, 9]), (0.00015647547453333634, [20, 36, 32, 19, 30, 32, 16, 32, 16, 16, 32, 9]), (0.00015647313613755462, [20, 36, 32, 19, 30, 32, 16, 32, 16, 16, 32, 9]), (0.00015637696585928026, [21, 35, 30, 19, 31, 15, 4, 12, 4, 29, 16, 25]), (0.00015585204804120605, [30, 23, 32, 4, 14, 31, 18, 30, 16, 31, 16, 25]), (0.0001555395453936233, [32, 30, 22, 34, 31, 18, 31, 32, 15, 16, 32, 25]), (0.00015502716250054505, [29, 25, 31, 22, 24, 4, 15, 31, 16, 32, 16, 25]), (0.00015396879592346251, [31, 30, 27, 29, 31, 19, 28, 4, 14, 32, 16, 25]), (0.00015275790222591713, [31, 28, 27, 32, 20, 29, 32, 16, 32, 16, 16, 25]), (0.00015262052293775892, [23, 34, 28, 18, 4, 16, 29, 17, 31, 16, 32, 9]), (0.00015220332011790544, [27, 28, 30, 20, 30, 15, 4, 30, 16, 16, 32, 9]), (0.00015217788855542968, [27, 27, 30, 20, 30, 15, 4, 30, 16, 16, 32, 9]), (0.00015214980660120924, [24, 32, 29, 20, 30, 15, 4, 12, 4, 30, 16, 25]), (0.00015214980660120924, [24, 32, 29, 20, 30, 15, 4, 12, 4, 30, 16, 25]), (0.00015104556334018598, [36, 31, 20, 27, 4, 14, 31, 16, 32, 16, 16, 25]), (0.00015032375531260337, [36, 31, 20, 28, 4, 12, 4, 15, 31, 16, 32, 9]), (0.00014763036787640024, [28, 25, 32, 21, 28, 31, 17, 17, 31, 16, 32, 9]), (0.00014754197096796212, [28, 25, 32, 20, 28, 31, 17, 17, 31, 16, 32, 9]), (0.00014687526201630056, [35, 30, 19, 31, 18, 30, 16, 32, 16, 16, 32, 9]), (0.00014493058823020644, [36, 32, 21, 27, 30, 19, 31, 16, 16, 32, 32, 25])]
