__init__ Optimal Geometry
[(4, 40), (4, 40), (4, 40), (4, 40), (4, 40), (4, 40), (4, 40), (4, 40), (4, 40), (4, 40), (4, 40), (4, 40), (4, 40), (4, 40), (4, 40), (4, 40), (4, 40), (4, 40), (4, 40), (4, 40)]
[38, 4, 35, 14, 38, 12, 40, 13, 15, 37, 13, 16, 19, 10, 16, 30, 6, 27, 7, 22] 2.9903950984782592e-05
[30, 6, 23, 15, 36, 20, 35, 20, 18, 25, 16, 40, 37, 21, 22, 21, 38, 28, 24, 20] 4.1441847869434626e-05
[5, 19, 7, 29, 7, 39, 34, 33, 35, 26, 24, 39, 30, 30, 40, 27, 20, 4, 38, 6] 2.9896681523347647e-05
[26, 7, 35, 14, 28, 9, 25, 17, 29, 6, 40, 9, 15, 5, 36, 27, 24, 14, 12, 32] 2.7814192138575522e-05
[39, 13, 8, 25, 10, 12, 7, 24, 31, 24, 19, 30, 14, 23, 15, 33, 40, 30, 20, 6] 4.3895412185386496e-05
[36, 35, 12, 30, 8, 38, 33, 40, 37, 22, 40, 39, 15, 16, 29, 15, 11, 25, 39, 29] 2.567573495140606e-05
[4, 38, 4, 12, 28, 5, 24, 11, 39, 4, 13, 5, 25, 14, 7, 20, 17, 22, 11, 33] 2.782544563484962e-05
[37, 6, 37, 26, 39, 10, 16, 14, 26, 29, 25, 6, 6, 37, 36, 30, 31, 15, 4, 39] 2.6046098493192664e-05
[28, 7, 27, 36, 30, 32, 21, 7, 31, 35, 21, 7, 28, 25, 28, 8, 38, 4, 19, 22] 2.4015779326872305e-05
[18, 7, 14, 11, 5, 19, 36, 21, 7, 15, 22, 26, 6, 23, 23, 25, 27, 21, 5, 30] 3.6633725500029024e-05
[22, 20, 15, 36, 15, 12, 40, 34, 13, 23, 13, 24, 33, 18, 6, 12, 34, 27, 34, 39] 2.1148897449079777e-05
[34, 9, 7, 24, 27, 15, 20, 31, 16, 28, 37, 29, 38, 40, 16, 32, 35, 36, 28, 30] 5.209859962401258e-05
[20, 23, 15, 23, 6, 20, 14, 16, 8, 9, 12, 31, 5, 15, 14, 23, 16, 9, 39, 35] 1.3859854411556709e-05
[32, 4, 14, 16, 15, 5, 22, 29, 5, 19, 9, 14, 34, 30, 13, 30, 29, 17, 23, 28] 2.6832170558870866e-05
[30, 13, 4, 14, 11, 20, 4, 13, 25, 23, 16, 38, 33, 7, 35, 37, 22, 40, 34, 18] 4.8268515011862495e-05
[24, 27, 9, 37, 33, 13, 31, 23, 17, 12, 10, 36, 29, 26, 17, 34, 39, 33, 20, 38] 3.714582285493443e-05
[19, 28, 30, 32, 17, 34, 20, 35, 11, 21, 32, 11, 22, 39, 28, 14, 4, 4, 13, 39] 7.235661033316206e-05
[8, 36, 33, 23, 18, 24, 37, 9, 6, 28, 12, 30, 12, 8, 32, 5, 30, 21, 6, 13] 4.5983268917432576e-05
[16, 27, 29, 36, 17, 20, 27, 13, 30, 35, 40, 35, 24, 36, 39, 5, 28, 10, 21, 37] 6.219802311198528e-05
[5, 7, 21, 13, 24, 31, 16, 39, 23, 13, 27, 33, 23, 5, 30, 19, 30, 23, 25, 15] 3.802936888033505e-05
[39, 15, 13, 16, 40, 11, 12, 17, 15, 40, 26, 6, 14, 10, 24, 29, 33, 13, 10, 10] 2.7112552198519512e-05
[7, 25, 21, 13, 29, 9, 5, 21, 23, 21, 4, 24, 17, 17, 20, 5, 35, 17, 24, 17] 2.0597990888936464e-05
[29, 11, 39, 27, 13, 13, 20, 20, 27, 26, 21, 23, 16, 10, 25, 39, 15, 28, 7, 34] 1.994975125926003e-05
[27, 15, 22, 32, 4, 28, 28, 16, 31, 28, 7, 39, 39, 38, 27, 27, 8, 9, 27, 31] 3.7250942602643384e-05
[21, 32, 31, 31, 17, 16, 23, 32, 8, 27, 24, 28, 10, 11, 20, 11, 38, 32, 23, 27] 6.57834445951976e-05
[38, 29, 6, 18, 8, 32, 25, 34, 32, 11, 11, 4, 29, 17, 20, 24, 27, 8, 26, 24] 2.6467228281419242e-05
[10, 33, 32, 32, 20, 32, 14, 25, 28, 4, 23, 8, 7, 27, 11, 34, 12, 30, 26, 39] 7.714334961589808e-05
[26, 31, 26, 30, 9, 23, 34, 22, 22, 8, 27, 39, 20, 4, 10, 39, 13, 11, 22, 8] 7.746153744904032e-05
[5, 38, 30, 34, 39, 4, 26, 14, 23, 25, 6, 31, 10, 26, 8, 22, 38, 21, 25, 16] 1.5600367097634107e-05
[16, 40, 34, 7, 21, 20, 39, 34, 12, 20, 35, 24, 16, 34, 39, 14, 29, 19, 38, 39] 3.315095577887279e-05
[36, 27, 21, 32, 38, 6, 19, 32, 31, 14, 18, 12, 25, 40, 24, 23, 29, 27, 10, 31] 9.956968418267136e-05
[30, 39, 19, 26, 25, 27, 38, 35, 36, 15, 21, 11, 22, 7, 28, 36, 28, 37, 13, 25] 5.988338220860427e-05
[8, 10, 21, 7, 18, 12, 5, 14, 29, 18, 34, 34, 5, 37, 38, 35, 12, 39, 11, 7] 2.4001874358680757e-05
[36, 21, 17, 7, 20, 17, 38, 20, 33, 29, 18, 33, 33, 37, 32, 35, 23, 12, 5, 5] 5.49914913864544e-05
[7, 25, 26, 14, 17, 8, 36, 9, 40, 20, 25, 21, 38, 4, 25, 25, 40, 37, 27, 38] 3.027428643247237e-05
[12, 19, 17, 17, 20, 9, 28, 37, 16, 18, 18, 29, 22, 9, 25, 16, 13, 17, 13, 16] 8.97990247921255e-06
[13, 35, 4, 25, 28, 22, 22, 25, 6, 26, 30, 32, 12, 33, 24, 35, 17, 39, 15, 14] 6.0264223343942405e-05
[12, 23, 38, 18, 16, 17, 31, 29, 30, 29, 36, 18, 9, 40, 12, 4, 36, 26, 21, 33] 3.117918355822581e-05
[21, 14, 10, 6, 14, 25, 39, 17, 4, 8, 22, 38, 6, 34, 30, 19, 23, 11, 12, 28] 2.6178446833168237e-05
[32, 6, 14, 35, 28, 15, 27, 11, 33, 5, 36, 6, 5, 37, 26, 30, 26, 16, 40, 6] 6.273221349633046e-05
[4, 33, 24, 5, 17, 37, 20, 31, 36, 15, 22, 20, 34, 40, 36, 34, 37, 30, 32, 40] 6.47277981965402e-05
[30, 6, 39, 12, 10, 37, 6, 9, 5, 15, 8, 29, 8, 6, 12, 39, 6, 19, 28, 8] 1.4353267637328237e-05
[10, 26, 22, 5, 31, 35, 7, 19, 5, 10, 24, 28, 37, 4, 14, 4, 4, 7, 24, 39] 3.381803298645017e-05
[14, 6, 21, 33, 31, 7, 32, 20, 38, 23, 25, 32, 29, 22, 11, 23, 18, 25, 33, 35] 5.137364031334126e-05
[13, 30, 33, 11, 18, 37, 28, 30, 17, 39, 17, 37, 37, 20, 11, 4, 31, 18, 25, 21] 3.919293214272665e-05
[29, 34, 10, 7, 39, 14, 33, 16, 24, 6, 14, 17, 20, 15, 11, 24, 5, 13, 5, 15] 5.9300707331909805e-05
[25, 38, 23, 4, 4, 25, 14, 39, 35, 7, 36, 4, 27, 26, 12, 7, 20, 13, 34, 5] 2.296095578464756e-05
[5, 30, 16, 5, 30, 35, 28, 35, 20, 26, 34, 4, 35, 34, 26, 9, 34, 34, 31, 15] 9.522494218933119e-05
[36, 31, 20, 11, 7, 8, 23, 25, 23, 26, 31, 6, 27, 33, 16, 30, 40, 20, 25, 25] 5.650572638077691e-05
[17, 16, 27, 12, 21, 17, 32, 15, 16, 39, 30, 19, 5, 4, 5, 10, 22, 5, 39, 21] 1.6269201456420467e-05
[12, 22, 24, 9, 37, 17, 14, 33, 5, 20, 4, 18, 31, 17, 32, 22, 26, 24, 34, 18] 3.379548532427647e-05
[15, 16, 22, 6, 7, 39, 17, 7, 29, 17, 6, 16, 17, 25, 37, 22, 37, 10, 19, 12] 2.4793063194738303e-05
[18, 38, 38, 10, 25, 33, 32, 16, 29, 34, 39, 29, 8, 37, 8, 39, 5, 28, 23, 36] 5.873879036130317e-05
[8, 39, 28, 10, 19, 32, 7, 4, 21, 10, 9, 13, 36, 32, 36, 7, 28, 28, 11, 21] 8.83063052721078e-06
[7, 24, 25, 35, 20, 27, 18, 7, 33, 32, 38, 33, 32, 24, 24, 25, 29, 32, 8, 34] 8.305919219952518e-05
[35, 9, 16, 33, 6, 13, 35, 14, 23, 29, 22, 27, 4, 36, 40, 16, 40, 11, 27, 32] 2.925074728374382e-05
[38, 14, 36, 11, 10, 21, 12, 30, 29, 17, 22, 8, 14, 34, 19, 31, 5, 14, 6, 10] 3.809951947546651e-05
[5, 40, 9, 14, 28, 18, 12, 24, 9, 7, 24, 36, 31, 34, 20, 25, 25, 32, 19, 33] 2.4380931917062847e-05
[5, 33, 25, 36, 9, 36, 30, 37, 10, 18, 29, 25, 14, 29, 34, 28, 40, 27, 33, 30] 5.896546724484148e-05
[8, 20, 18, 18, 33, 4, 37, 31, 14, 11, 21, 13, 21, 40, 32, 30, 30, 28, 14, 35] 2.1176395442819303e-05
[20, 31, 6, 14, 29, 6, 21, 40, 39, 33, 40, 31, 8, 39, 31, 14, 12, 4, 40, 30] 4.396834829788167e-05
[9, 5, 31, 21, 6, 27, 19, 19, 10, 25, 34, 31, 20, 11, 14, 9, 14, 11, 13, 25] 5.055760904623571e-05
[21, 7, 17, 14, 6, 13, 14, 8, 25, 7, 28, 17, 19, 35, 20, 38, 26, 14, 6, 14] 2.063644633623554e-05
[20, 39, 37, 8, 4, 16, 35, 38, 8, 40, 20, 23, 22, 11, 12, 38, 13, 20, 9, 30] 4.2482690185585974e-05
[31, 35, 29, 15, 5, 4, 37, 21, 20, 9, 15, 31, 39, 40, 39, 7, 12, 4, 20, 17] 5.262006746993061e-05
[40, 21, 25, 19, 6, 28, 20, 7, 9, 30, 30, 17, 12, 27, 36, 27, 13, 28, 18, 8] 5.3653064354504706e-05
[22, 30, 7, 4, 16, 29, 36, 24, 22, 36, 6, 19, 30, 28, 14, 21, 31, 17, 4, 20] 3.9470010251292484e-05
[26, 25, 7, 16, 37, 28, 31, 25, 39, 25, 33, 11, 21, 16, 24, 10, 39, 17, 5, 25] 5.1538275274182206e-05
[5, 13, 20, 16, 27, 40, 10, 33, 31, 19, 4, 24, 11, 10, 16, 23, 8, 17, 23, 35] 2.8360923582882146e-05
[7, 26, 10, 14, 33, 35, 25, 20, 5, 30, 35, 9, 16, 38, 27, 39, 16, 21, 30, 8] 5.865156822034653e-05
[27, 38, 4, 14, 13, 35, 19, 22, 30, 40, 39, 32, 4, 16, 26, 30, 34, 23, 35, 39] 2.022551234094972e-05
[35, 18, 23, 38, 15, 22, 25, 20, 38, 33, 18, 8, 34, 19, 14, 6, 6, 6, 17, 14] 5.2573725026786674e-05
[15, 33, 22, 39, 8, 4, 26, 22, 14, 38, 34, 21, 21, 5, 4, 28, 32, 9, 33, 12] 4.498170053460797e-05
[38, 9, 8, 18, 20, 4, 38, 23, 23, 35, 24, 39, 23, 39, 23, 26, 29, 39, 22, 23] 3.791525139854731e-05
[16, 18, 40, 4, 8, 6, 29, 5, 5, 4, 19, 12, 13, 18, 7, 8, 25, 29, 26, 40] 2.4043085734485283e-05
[9, 30, 16, 17, 37, 21, 30, 9, 24, 31, 29, 8, 33, 33, 27, 36, 39, 28, 12, 22] 1.8052204067047548e-05
[14, 37, 29, 6, 15, 6, 20, 8, 22, 23, 11, 9, 20, 11, 18, 4, 31, 14, 32, 20] 4.3641414109842443e-05
[21, 9, 16, 31, 30, 29, 28, 22, 7, 27, 17, 9, 37, 38, 36, 17, 20, 19, 4, 21] 6.414532750940596e-05
[34, 25, 39, 20, 4, 24, 35, 40, 31, 32, 6, 24, 17, 14, 12, 7, 40, 8, 35, 7] 4.071908015700433e-05
[33, 24, 35, 37, 38, 37, 34, 14, 18, 10, 6, 26, 37, 21, 11, 17, 21, 38, 33, 14] 6.485378232694785e-05
[10, 21, 16, 19, 5, 11, 21, 39, 17, 40, 28, 26, 23, 19, 33, 36, 28, 28, 16, 20] 3.8072778819526886e-05
[35, 23, 16, 15, 29, 21, 33, 16, 25, 37, 37, 5, 23, 11, 39, 16, 13, 35, 16, 32] 4.167652576086016e-05
[39, 24, 25, 19, 37, 22, 16, 27, 39, 20, 28, 13, 14, 25, 14, 12, 10, 6, 16, 4] 6.0234949982082724e-05
[39, 17, 4, 18, 35, 13, 38, 33, 23, 32, 12, 38, 7, 32, 35, 36, 40, 37, 5, 10] 4.2686246937939854e-05
[29, 37, 38, 20, 19, 6, 4, 22, 28, 20, 17, 21, 26, 5, 37, 40, 27, 4, 12, 13] 2.9217049798543004e-05
[35, 12, 17, 5, 30, 36, 33, 29, 35, 10, 7, 12, 13, 18, 15, 9, 10, 21, 31, 39] 2.984537410916062e-05
[26, 25, 33, 22, 5, 14, 40, 21, 13, 4, 31, 27, 24, 29, 7, 30, 13, 20, 29, 23] 8.577707030239028e-05
[4, 5, 36, 34, 12, 31, 29, 7, 11, 20, 36, 18, 32, 28, 32, 7, 11, 33, 16, 4] 5.952158863384311e-05
[38, 15, 12, 26, 35, 21, 18, 27, 15, 30, 7, 18, 14, 13, 22, 12, 32, 38, 33, 37] 3.405898538337605e-05
[18, 33, 26, 26, 20, 26, 16, 37, 12, 9, 37, 34, 29, 38, 24, 29, 32, 37, 33, 31] 7.707750299134517e-05
[19, 13, 7, 11, 40, 4, 8, 8, 38, 35, 30, 22, 4, 31, 33, 27, 20, 27, 13, 32] 2.683738294267774e-05
[30, 20, 35, 31, 22, 5, 11, 34, 4, 11, 13, 40, 4, 16, 12, 38, 20, 22, 28, 32] 6.450825793853502e-05
[27, 33, 29, 40, 29, 36, 35, 15, 26, 27, 35, 29, 8, 16, 24, 16, 4, 29, 24, 36] 5.25737827042647e-05
[26, 29, 33, 18, 14, 20, 5, 10, 35, 35, 22, 24, 11, 37, 16, 39, 12, 38, 5, 29] 7.667000354997562e-05
[5, 13, 27, 29, 6, 36, 21, 35, 4, 26, 23, 18, 25, 8, 21, 38, 40, 16, 36, 28] 3.012905502590952e-05
[28, 7, 5, 14, 37, 26, 17, 15, 7, 6, 5, 5, 23, 10, 39, 28, 13, 27, 6, 19] 3.26047950701657e-05
[15, 10, 27, 7, 39, 17, 34, 24, 25, 16, 5, 17, 8, 4, 17, 30, 28, 24, 13, 26] 4.0008275596842175e-05
[25, 36, 17, 9, 34, 8, 7, 16, 22, 14, 23, 7, 35, 22, 4, 24, 39, 4, 23, 11] 3.708289599766125e-05
[25, 29, 25, 8, 34, 8, 19, 37, 30, 16, 14, 38, 26, 30, 10, 9, 20, 35, 31, 17] 4.98867953394477e-05
[16, 10, 18, 5, 37, 24, 28, 34, 11, 12, 5, 22, 7, 10, 7, 16, 18, 20, 17, 40] 3.9475760369248844e-05
[28, 23, 6, 15, 27, 12, 27, 32, 34, 8, 6, 29, 24, 22, 9, 7, 9, 40, 39, 23] 6.80694493199196e-05
[40, 37, 21, 19, 19, 30, 40, 34, 21, 6, 34, 32, 25, 10, 19, 19, 16, 39, 11, 12] 1.4274359775441251e-05
[20, 14, 12, 6, 10, 37, 25, 28, 38, 12, 39, 39, 15, 28, 4, 23, 16, 37, 10, 21] 2.7460879462115764e-05
[31, 10, 20, 31, 16, 20, 36, 7, 7, 5, 6, 15, 8, 34, 34, 9, 40, 5, 34, 35] 1.5902695411166634e-05
[30, 23, 10, 15, 16, 38, 39, 23, 22, 5, 31, 40, 30, 38, 38, 30, 37, 26, 17, 25] 5.12295896823575e-05
[24, 8, 37, 28, 33, 28, 20, 25, 12, 33, 28, 22, 21, 21, 32, 33, 19, 24, 20, 34] 6.23030431755123e-05
[20, 10, 22, 20, 27, 19, 34, 14, 17, 20, 16, 19, 34, 37, 26, 7, 35, 16, 25, 11] 4.592104246907058e-05
[25, 5, 20, 39, 13, 15, 32, 21, 37, 12, 29, 33, 30, 4, 32, 29, 17, 20, 32, 4] 4.479230029461248e-05
[21, 23, 13, 24, 26, 33, 31, 39, 5, 19, 37, 26, 38, 22, 28, 33, 40, 17, 29, 31] 4.390218786148153e-05
[38, 31, 20, 16, 12, 4, 6, 22, 40, 16, 7, 22, 5, 23, 11, 15, 10, 32, 14, 30] 4.990765148922155e-05
[8, 35, 6, 28, 26, 8, 7, 14, 12, 16, 27, 15, 12, 24, 12, 38, 10, 38, 6, 40] 2.0172083787768186e-05
[8, 24, 4, 24, 27, 21, 26, 17, 21, 13, 29, 13, 26, 29, 40, 22, 21, 7, 15, 39] 8.528159395665086e-05
[37, 4, 21, 11, 13, 16, 4, 11, 22, 11, 17, 33, 4, 24, 29, 11, 7, 28, 22, 21] 3.278143081550633e-05
[27, 4, 16, 5, 35, 9, 18, 32, 36, 25, 28, 6, 21, 25, 6, 13, 14, 38, 33, 12] 8.63352920512149e-05
[12, 40, 32, 10, 14, 27, 17, 17, 20, 6, 40, 6, 30, 35, 21, 4, 15, 15, 11, 8] 2.6075537060312923e-05
[20, 39, 8, 23, 32, 11, 12, 6, 33, 17, 10, 16, 4, 33, 20, 11, 17, 16, 30, 27] 1.8042435449957337e-05
[8, 25, 25, 11, 18, 32, 36, 32, 9, 19, 10, 12, 6, 19, 5, 34, 23, 38, 4, 31] 2.256039590067205e-05
[8, 18, 10, 32, 17, 34, 4, 38, 36, 23, 12, 30, 28, 20, 26, 30, 28, 37, 9, 37] 3.35937774565699e-05
[4, 28, 24, 35, 40, 24, 39, 11, 8, 10, 20, 32, 23, 38, 31, 19, 40, 28, 16, 6] 4.370918150294722e-05
[20, 8, 36, 38, 35, 28, 7, 32, 12, 26, 32, 40, 4, 9, 22, 37, 18, 13, 38, 24] 1.217448308688646e-05
[11, 10, 29, 16, 38, 5, 29, 13, 25, 38, 37, 26, 23, 9, 27, 30, 38, 16, 10, 13] 2.2739064886221278e-05
[40, 39, 32, 21, 23, 8, 40, 5, 33, 10, 24, 5, 39, 17, 39, 34, 40, 5, 9, 27] 6.0784156097505974e-05
[17, 39, 21, 33, 30, 30, 23, 13, 37, 29, 15, 11, 12, 15, 6, 37, 4, 28, 12, 28] 6.650188250037264e-05
[38, 16, 33, 38, 19, 33, 25, 4, 7, 28, 39, 10, 25, 16, 35, 27, 10, 12, 6, 37] 5.186752256297351e-05
[40, 5, 36, 19, 19, 19, 36, 31, 11, 39, 26, 5, 4, 8, 20, 36, 21, 40, 31, 18] 3.3934602566922605e-05
[23, 31, 38, 33, 34, 24, 7, 17, 4, 31, 11, 30, 28, 9, 19, 40, 24, 40, 23, 14] 4.649003268236219e-05
[13, 34, 26, 24, 28, 22, 19, 32, 16, 12, 6, 13, 18, 23, 26, 14, 11, 19, 40, 16] 6.888402986601882e-05
[40, 23, 40, 23, 26, 17, 19, 29, 5, 35, 39, 21, 19, 9, 12, 37, 26, 7, 21, 29] 4.060673176361702e-05
[25, 24, 23, 7, 20, 40, 11, 31, 11, 27, 19, 10, 19, 16, 4, 24, 16, 38, 8, 19] 6.328377669124234e-05
[22, 26, 8, 36, 9, 11, 33, 29, 21, 8, 5, 34, 9, 17, 9, 13, 22, 5, 18, 16] 4.051438720941862e-05
[12, 19, 14, 31, 6, 9, 39, 18, 24, 29, 14, 35, 18, 6, 11, 5, 40, 16, 17, 15] 1.5436613995662675e-05
[14, 17, 16, 14, 40, 19, 10, 30, 7, 40, 18, 25, 31, 8, 28, 31, 16, 35, 8, 40] 8.781505634273859e-06
[14, 35, 7, 29, 12, 38, 26, 15, 5, 17, 20, 15, 32, 39, 13, 39, 38, 15, 16, 17] 4.906036993784032e-05
[31, 38, 15, 33, 38, 26, 14, 20, 15, 35, 22, 25, 30, 16, 13, 29, 21, 31, 21, 27] 8.900378808368718e-05
[27, 24, 29, 12, 38, 16, 29, 13, 5, 26, 28, 37, 40, 11, 30, 14, 7, 13, 34, 18] 7.404820648767518e-05
[18, 20, 16, 34, 19, 35, 37, 36, 38, 15, 8, 27, 35, 36, 11, 40, 30, 4, 20, 26] 2.7097347056775494e-05
[35, 9, 12, 29, 5, 25, 22, 24, 13, 14, 5, 4, 12, 5, 39, 33, 28, 15, 9, 5] 4.289725636195278e-05
[8, 33, 25, 12, 27, 26, 9, 21, 10, 18, 19, 12, 7, 29, 29, 33, 37, 20, 34, 20] 1.3458246201793313e-05
[21, 13, 29, 36, 15, 20, 29, 15, 19, 36, 4, 39, 18, 15, 38, 30, 32, 12, 6, 32] 2.7732439099930168e-05
[27, 16, 32, 37, 33, 15, 14, 9, 35, 26, 7, 12, 24, 7, 37, 11, 22, 25, 24, 33] 3.902052659957746e-05
[34, 11, 10, 35, 20, 31, 15, 26, 14, 34, 26, 40, 40, 28, 37, 11, 13, 9, 32, 30] 4.266184743524949e-05
[12, 7, 13, 26, 10, 6, 12, 40, 22, 32, 20, 28, 13, 19, 9, 24, 15, 4, 34, 24] 3.5119375621696873e-05
[21, 18, 17, 34, 7, 16, 23, 7, 21, 22, 35, 5, 24, 12, 35, 11, 23, 9, 31, 18] 2.6948529642956097e-05
[23, 27, 5, 22, 20, 18, 40, 25, 9, 18, 28, 19, 24, 17, 10, 29, 13, 11, 23, 34] 5.796103014898598e-05
[6, 5, 8, 33, 7, 5, 9, 22, 25, 9, 39, 10, 27, 22, 30, 8, 7, 24, 32, 12] 1.2455638021678828e-05
[21, 14, 21, 27, 32, 5, 35, 34, 22, 24, 7, 13, 37, 10, 19, 19, 8, 28, 36, 40] 3.875689698394601e-05
[27, 31, 10, 31, 27, 39, 34, 30, 28, 39, 16, 15, 36, 14, 6, 30, 35, 40, 15, 26] 3.303905802745203e-05
[12, 40, 24, 7, 6, 32, 23, 9, 28, 11, 8, 6, 8, 6, 35, 9, 8, 10, 18, 17] 1.3751832042048833e-05
[4, 10, 8, 24, 38, 9, 33, 5, 37, 17, 4, 20, 17, 29, 31, 28, 29, 17, 17, 32] 2.4701548155236496e-05
[5, 14, 36, 10, 37, 22, 11, 8, 35, 15, 18, 8, 26, 26, 14, 20, 24, 12, 13, 19] 2.456452064904181e-05
[27, 24, 13, 19, 33, 4, 36, 9, 11, 8, 36, 19, 5, 34, 32, 34, 33, 29, 18, 19] 2.0212252779959994e-05
[39, 18, 32, 11, 36, 34, 19, 14, 20, 31, 25, 25, 34, 31, 5, 23, 16, 26, 7, 16] 4.550319462543135e-05
[33, 28, 40, 37, 4, 23, 38, 14, 16, 25, 15, 35, 24, 9, 18, 40, 33, 13, 17, 29] 3.4640768362430634e-05
[16, 35, 20, 15, 12, 14, 35, 9, 31, 31, 24, 31, 31, 40, 12, 24, 22, 16, 15, 30] 3.8388708514793045e-05
[27, 40, 16, 37, 18, 6, 24, 33, 10, 16, 39, 21, 31, 23, 33, 38, 4, 22, 4, 38] 4.815690429661454e-05
[22, 5, 38, 11, 8, 15, 31, 19, 31, 15, 20, 8, 25, 5, 5, 38, 11, 40, 13, 33] 2.4468110733318372e-05
[20, 14, 38, 30, 36, 28, 6, 12, 10, 15, 31, 27, 11, 18, 8, 34, 31, 24, 7, 24] 2.5333410694466072e-05
[38, 29, 8, 25, 11, 21, 24, 24, 15, 4, 14, 9, 8, 17, 36, 18, 32, 32, 8, 17] 2.3176692710753867e-05
[24, 14, 21, 25, 25, 21, 24, 30, 5, 40, 4, 20, 21, 21, 6, 17, 15, 18, 33, 14] 3.891595772817261e-05
[29, 13, 35, 11, 31, 32, 23, 37, 18, 33, 17, 40, 32, 26, 7, 34, 23, 5, 36, 10] 4.90838491811277e-05
[36, 8, 34, 28, 31, 11, 36, 19, 16, 6, 10, 37, 8, 36, 12, 12, 19, 6, 5, 40] 5.719004017941213e-05
[25, 12, 9, 18, 6, 29, 38, 9, 7, 19, 9, 22, 12, 38, 11, 14, 20, 6, 16, 36] 3.3425464814877844e-05
[11, 19, 40, 19, 29, 9, 19, 5, 32, 17, 36, 38, 19, 20, 10, 5, 36, 26, 20, 27] 3.4887952648927713e-05
[18, 36, 32, 21, 7, 28, 28, 14, 21, 22, 38, 8, 13, 35, 4, 6, 14, 5, 37, 32] 4.923369001931153e-05
[10, 24, 18, 11, 23, 23, 40, 34, 32, 36, 4, 36, 14, 39, 10, 10, 4, 23, 15, 31] 2.7274273073853877e-05
[19, 13, 24, 7, 17, 20, 32, 17, 40, 18, 10, 5, 5, 30, 24, 15, 10, 7, 17, 27] 1.9491264884831646e-05
[4, 14, 8, 24, 20, 26, 26, 31, 18, 6, 12, 28, 18, 39, 10, 22, 23, 39, 19, 37] 5.561428091255578e-05
[21, 23, 19, 18, 25, 25, 16, 35, 27, 6, 26, 31, 13, 33, 11, 18, 9, 13, 4, 27] 1.5354653773563402e-05
[21, 39, 34, 35, 9, 23, 23, 18, 19, 33, 17, 29, 14, 21, 24, 34, 15, 33, 19, 13] 5.884310672834691e-05
[22, 21, 5, 35, 14, 5, 26, 33, 18, 20, 4, 17, 34, 31, 18, 26, 31, 9, 18, 17] 5.4215677400060085e-05
[5, 8, 8, 12, 19, 29, 16, 29, 37, 35, 28, 25, 38, 17, 40, 14, 33, 39, 36, 29] 1.7123442170691482e-05
[34, 9, 39, 36, 12, 24, 32, 34, 15, 31, 29, 37, 38, 32, 13, 40, 24, 25, 17, 29] 5.945040618155599e-05
[30, 16, 20, 40, 37, 40, 29, 30, 17, 12, 4, 26, 4, 28, 37, 20, 22, 33, 28, 10] 2.3136995568163377e-05
[4, 16, 20, 12, 25, 21, 6, 34, 19, 26, 21, 15, 28, 33, 18, 33, 23, 8, 19, 35] 4.990293938991217e-05
[13, 13, 37, 4, 13, 13, 26, 28, 37, 39, 19, 17, 21, 29, 27, 20, 37, 20, 13, 31] 2.229503871308713e-05
[34, 29, 24, 12, 19, 7, 10, 5, 28, 32, 9, 14, 28, 31, 14, 37, 27, 39, 36, 20] 4.257106031932698e-05
[21, 4, 29, 38, 28, 29, 37, 18, 4, 25, 16, 40, 38, 5, 36, 35, 28, 4, 30, 25] 5.126265208341751e-05
[14, 31, 40, 8, 26, 28, 10, 7, 31, 12, 29, 38, 15, 28, 36, 14, 38, 23, 11, 18] 3.11902799463072e-05
[18, 40, 21, 25, 6, 31, 38, 14, 36, 31, 37, 37, 8, 30, 40, 26, 16, 39, 35, 15] 3.1940864381370777e-05
[14, 22, 17, 31, 7, 13, 12, 40, 23, 36, 15, 32, 13, 12, 40, 17, 17, 16, 27, 23] 2.7053763117796747e-05
[38, 28, 4, 40, 28, 28, 5, 30, 21, 7, 23, 8, 34, 25, 11, 20, 33, 21, 21, 9] 2.370179782269249e-05
[39, 7, 38, 29, 29, 8, 10, 17, 37, 25, 12, 22, 35, 36, 5, 36, 20, 24, 23, 16] 4.55462676241684e-05
[20, 9, 31, 35, 4, 17, 12, 22, 10, 12, 11, 22, 33, 5, 4, 24, 28, 9, 12, 5] 1.342068576841042e-05
[14, 12, 17, 28, 27, 23, 26, 12, 23, 14, 22, 18, 4, 29, 13, 14, 16, 14, 38, 4] 5.4243299939884055e-05
[21, 23, 8, 15, 17, 39, 7, 18, 13, 9, 27, 6, 31, 33, 19, 35, 26, 30, 37, 5] 2.6325148654132633e-05
[15, 22, 19, 27, 22, 8, 28, 27, 38, 26, 20, 11, 7, 5, 26, 28, 4, 9, 36, 13] 3.620252143353514e-05
[17, 21, 28, 7, 16, 40, 11, 35, 14, 22, 30, 31, 11, 23, 10, 7, 23, 30, 34, 34] 2.945147271600069e-05
[9, 33, 14, 38, 14, 35, 21, 30, 7, 33, 17, 14, 10, 7, 23, 11, 17, 20, 36, 13] 3.7866136819678674e-05
[12, 28, 17, 34, 19, 23, 8, 28, 4, 20, 36, 38, 22, 23, 12, 27, 28, 7, 4, 34] 4.593014839231082e-05
[30, 23, 4, 16, 21, 31, 12, 27, 10, 15, 31, 27, 22, 26, 37, 28, 15, 21, 11, 5] 6.793024486594697e-05
[27, 39, 22, 29, 10, 22, 35, 20, 9, 36, 14, 10, 21, 35, 19, 12, 37, 24, 29, 20] 3.1406811952163894e-05
[21, 8, 22, 26, 21, 36, 4, 21, 5, 39, 26, 11, 22, 6, 36, 26, 11, 39, 17, 25] 5.77172138769744e-05
[35, 10, 18, 37, 40, 31, 14, 35, 16, 13, 17, 40, 37, 30, 26, 26, 35, 9, 32, 37] 4.39222892665373e-05
[38, 39, 40, 30, 12, 8, 9, 6, 12, 9, 6, 4, 16, 10, 40, 33, 8, 32, 12, 23] 2.2165596654680478e-05
[5, 40, 10, 7, 28, 27, 7, 29, 5, 16, 29, 6, 22, 13, 26, 23, 30, 40, 7, 19] 3.100816251558065e-05
[9, 11, 31, 4, 9, 6, 12, 30, 28, 40, 27, 18, 21, 40, 35, 40, 18, 11, 16, 40] 5.2881505082107985e-05
[26, 7, 16, 9, 19, 13, 31, 25, 34, 18, 5, 39, 15, 27, 39, 5, 33, 29, 18, 34] 3.7490527571926306e-05
[12, 11, 19, 31, 17, 25, 14, 29, 14, 13, 39, 23, 11, 39, 9, 28, 14, 31, 31, 35] 1.8930489486002854e-05
[21, 39, 20, 18, 25, 35, 19, 17, 33, 28, 31, 36, 14, 30, 5, 27, 32, 15, 39, 32] 3.196064738728817e-05
[10, 26, 15, 27, 21, 29, 20, 35, 39, 30, 21, 39, 12, 34, 16, 19, 17, 24, 16, 39] 3.3241978755387856e-05
[18, 38, 37, 26, 11, 5, 33, 9, 5, 26, 36, 34, 28, 16, 30, 9, 18, 32, 39, 24] 2.0061722951796982e-05
[6, 26, 27, 13, 18, 40, 40, 25, 29, 28, 6, 8, 14, 11, 16, 26, 29, 14, 27, 4] 3.0322030083555366e-05
[12, 13, 25, 32, 37, 22, 16, 20, 38, 6, 9, 26, 25, 5, 14, 7, 34, 39, 4, 39] 1.4795019197192303e-05
[13, 10, 34, 6, 10, 19, 37, 12, 9, 18, 25, 18, 9, 35, 15, 39, 33, 19, 31, 4] 1.9004082565630558e-05
[33, 7, 9, 33, 17, 13, 10, 23, 16, 20, 22, 19, 40, 8, 15, 14, 38, 30, 35, 40] 7.230066364276941e-05
[31, 22, 35, 31, 33, 37, 16, 15, 17, 25, 40, 12, 35, 35, 39, 25, 26, 10, 20, 9] 5.77268820985065e-05
[26, 30, 8, 36, 20, 14, 28, 38, 23, 14, 12, 5, 27, 40, 19, 12, 8, 25, 40, 9] 2.9237049614211392e-05
[30, 21, 27, 24, 13, 12, 20, 31, 27, 36, 26, 12, 7, 39, 8, 28, 28, 18, 27, 7] 8.857189293114351e-05
[16, 25, 40, 7, 40, 11, 7, 33, 31, 22, 35, 5, 13, 30, 34, 35, 15, 31, 28, 13] 5.1635337634009424e-05
[31, 23, 18, 40, 32, 28, 39, 13, 33, 22, 24, 12, 16, 13, 22, 17, 9, 17, 24, 36] 5.79738791777741e-05
[10, 23, 32, 38, 6, 36, 12, 14, 8, 17, 24, 20, 31, 21, 21, 13, 4, 5, 16, 23] 2.484241560804005e-05
[10, 29, 13, 13, 29, 12, 40, 8, 33, 24, 22, 15, 23, 29, 12, 34, 17, 19, 23, 25] 2.0238967196730345e-05
[17, 39, 14, 34, 6, 10, 24, 36, 19, 17, 28, 25, 14, 9, 12, 27, 26, 19, 28, 20] 3.7160485032042514e-05
[5, 17, 28, 16, 27, 31, 23, 32, 6, 9, 27, 22, 25, 21, 11, 24, 32, 36, 7, 8] 4.6202127293066525e-05
[30, 24, 39, 20, 27, 5, 14, 15, 20, 29, 26, 31, 32, 7, 14, 32, 31, 23, 12, 34] 7.418348749880173e-05
[37, 18, 6, 16, 37, 11, 35, 33, 18, 38, 10, 31, 23, 14, 16, 8, 30, 27, 11, 39] 5.902704980823568e-05
[35, 34, 17, 29, 13, 23, 9, 10, 24, 18, 13, 11, 26, 33, 33, 26, 13, 24, 40, 40] 8.200427405042071e-05
[35, 5, 34, 32, 35, 32, 5, 29, 24, 34, 40, 20, 18, 19, 34, 29, 31, 19, 6, 8] 2.634984515395598e-05
[29, 15, 40, 29, 7, 4, 40, 31, 30, 23, 7, 40, 4, 31, 25, 32, 12, 4, 5, 4] 4.44307923247823e-05
[4, 26, 17, 28, 12, 35, 19, 8, 4, 6, 37, 14, 15, 17, 17, 37, 8, 4, 39, 22] 3.4215312502825446e-05
[30, 38, 38, 21, 40, 8, 13, 27, 29, 16, 17, 30, 32, 39, 12, 31, 20, 13, 4, 37] 4.195900531864198e-05
[14, 20, 22, 26, 33, 24, 33, 17, 34, 30, 33, 15, 6, 20, 16, 8, 13, 39, 34, 8] 6.749704058273611e-05
[35, 15, 9, 5, 38, 37, 21, 25, 13, 25, 20, 17, 26, 27, 26, 24, 23, 17, 25, 26] 2.3650772003837876e-05
[28, 30, 6, 18, 36, 29, 5, 4, 9, 37, 8, 23, 39, 7, 27, 22, 39, 4, 13, 29] 4.1725724031433364e-05
[8, 6, 25, 31, 28, 32, 26, 14, 21, 11, 33, 10, 4, 22, 18, 12, 34, 29, 7, 19] 5.741658620118552e-05
[24, 33, 29, 34, 25, 22, 35, 13, 25, 29, 38, 21, 14, 38, 9, 6, 29, 23, 17, 35] 9.426561748322845e-05
[20, 18, 37, 38, 35, 15, 27, 22, 20, 21, 25, 32, 15, 36, 8, 4, 33, 33, 23, 36] 3.324816154002719e-05
[39, 21, 10, 16, 39, 13, 33, 8, 37, 25, 27, 18, 26, 21, 21, 39, 13, 4, 35, 27] 3.489222965732317e-05
[21, 17, 18, 21, 28, 35, 33, 36, 10, 24, 30, 22, 37, 15, 36, 7, 27, 37, 22, 14] 3.487002078886669e-05
[21, 17, 12, 40, 31, 13, 25, 16, 8, 30, 26, 18, 4, 9, 5, 5, 36, 12, 19, 18] 3.285855851023076e-05
[8, 16, 35, 8, 23, 17, 37, 15, 29, 12, 9, 28, 19, 23, 19, 34, 11, 10, 10, 24] 3.8440710879592684e-05
[7, 6, 38, 38, 33, 8, 22, 31, 17, 39, 9, 33, 28, 19, 34, 20, 20, 10, 24, 34] 3.0548527442053005e-05
[38, 30, 9, 16, 8, 28, 5, 26, 7, 20, 23, 27, 18, 18, 33, 24, 10, 4, 28, 36] 2.827852221879902e-05
[24, 20, 12, 24, 23, 29, 26, 35, 6, 11, 23, 27, 13, 19, 21, 19, 27, 36, 5, 40] 6.170273264628271e-05
[27, 10, 10, 20, 40, 6, 12, 22, 29, 15, 16, 38, 22, 17, 9, 4, 23, 40, 37, 15] 3.130579338967267e-05
[9, 8, 37, 33, 8, 20, 11, 33, 32, 18, 13, 20, 33, 17, 20, 8, 14, 39, 8, 25] 1.931143339758724e-05
[4, 38, 37, 21, 13, 24, 36, 20, 38, 40, 12, 26, 21, 38, 18, 19, 17, 11, 11, 35] 2.2921902857337595e-05
[36, 26, 34, 28, 14, 39, 19, 23, 23, 21, 40, 18, 20, 21, 38, 26, 25, 24, 19, 28] 6.880327939419749e-05
[5, 24, 7, 12, 15, 11, 28, 27, 26, 10, 36, 5, 29, 20, 11, 23, 6, 16, 37, 12] 3.4711415898512156e-05
[21, 33, 25, 26, 40, 12, 38, 24, 17, 11, 23, 39, 16, 37, 17, 19, 20, 7, 20, 24] 8.491519889827606e-05
[5, 6, 9, 26, 19, 9, 6, 32, 34, 20, 9, 7, 8, 22, 40, 40, 25, 33, 38, 40] 3.61031027590386e-05
[17, 34, 19, 33, 28, 24, 23, 27, 28, 23, 37, 40, 38, 22, 15, 15, 22, 11, 39, 17] 7.072501265203431e-05
[32, 34, 40, 11, 17, 5, 35, 28, 28, 30, 30, 10, 26, 34, 37, 18, 29, 27, 15, 24] 3.7588123271745134e-05
[15, 4, 22, 9, 20, 9, 31, 36, 13, 11, 30, 16, 30, 7, 36, 25, 35, 15, 25, 23] 2.021314452247608e-05
[4, 6, 10, 19, 17, 23, 14, 39, 11, 16, 7, 16, 19, 21, 40, 15, 16, 35, 4, 15] 3.945849270505306e-06
[35, 6, 11, 8, 36, 21, 27, 20, 40, 4, 14, 34, 34, 7, 4, 34, 38, 12, 35, 19] 3.6258885031389684e-05
[37, 36, 37, 36, 14, 17, 40, 39, 8, 7, 7, 15, 7, 14, 13, 20, 10, 26, 17, 7] 1.3886518668068181e-05
[25, 7, 33, 32, 4, 26, 13, 37, 29, 14, 5, 9, 40, 19, 10, 8, 31, 28, 7, 29] 3.35118298939757e-05
[17, 26, 31, 23, 13, 7, 8, 28, 12, 39, 39, 28, 40, 28, 24, 5, 21, 6, 28, 5] 4.412487532793443e-05
[35, 4, 23, 32, 8, 21, 8, 38, 16, 6, 29, 6, 18, 36, 39, 39, 14, 9, 36, 14] 1.8444438245749947e-05
[14, 15, 6, 24, 12, 22, 24, 6, 36, 32, 4, 33, 6, 23, 10, 12, 11, 29, 17, 24] 7.946243758379375e-06
[35, 40, 4, 34, 14, 15, 37, 23, 5, 20, 20, 16, 4, 31, 15, 22, 32, 13, 38, 7] 3.058096620782027e-05
[36, 24, 15, 13, 5, 29, 24, 13, 33, 18, 37, 9, 35, 6, 32, 8, 31, 8, 7, 10] 1.998766808701867e-05
[18, 16, 10, 24, 8, 17, 40, 15, 11, 10, 40, 16, 33, 39, 11, 33, 23, 37, 7, 5] 1.1673227872038086e-05
[5, 15, 15, 11, 30, 39, 9, 39, 32, 15, 6, 8, 17, 26, 26, 37, 8, 21, 37, 30] 2.1391826381615236e-05
[40, 33, 23, 18, 28, 17, 4, 5, 8, 36, 35, 6, 17, 38, 32, 17, 32, 4, 34, 7] 3.488375534149191e-05
Available Processors: 64
20 [(0.00019378259731240097, [31, 20, 36, 32, 15, 4, 31, 16, 32, 16, 32, 16, 16, 16, 32, 16, 32, 32, 32, 9]), (0.00019378175600067408, [31, 20, 36, 32, 15, 4, 31, 16, 32, 16, 32, 16, 16, 16, 16, 16, 16, 16, 16, 25]), (0.0001937107795972867, [31, 20, 36, 31, 15, 4, 31, 16, 32, 16, 32, 15, 16, 16, 32, 16, 32, 16, 16, 25]), (0.00019363313290801738, [31, 20, 36, 32, 15, 4, 30, 15, 4, 14, 31, 16, 32, 16, 32, 32, 32, 32, 32, 25]), (0.00019165832408551067, [17, 35, 35, 32, 15, 4, 31, 16, 32, 16, 32, 16, 16, 32, 16, 32, 16, 16, 32, 9]), (0.00019165803600651752, [17, 35, 35, 32, 15, 4, 31, 17, 32, 16, 32, 16, 16, 32, 16, 16, 32, 32, 32, 25]), (0.00019165279390470627, [17, 35, 35, 32, 15, 4, 31, 16, 32, 16, 32, 16, 16, 16, 16, 32, 16, 16, 16, 25]), (0.0001910921023903079, [17, 36, 35, 31, 15, 4, 30, 15, 4, 14, 31, 16, 32, 16, 16, 32, 32, 32, 32, 25]), (0.0001885526274465678, [16, 37, 33, 32, 15, 4, 31, 17, 31, 16, 32, 16, 15, 16, 16, 16, 16, 32, 16, 9]), (0.00018798259817277672, [19, 36, 32, 15, 4, 31, 15, 4, 15, 31, 16, 32, 16, 16, 32, 32, 32, 32, 32, 25]), (0.00018796533670661334, [19, 36, 32, 15, 4, 31, 15, 4, 14, 31, 16, 32, 16, 16, 32, 32, 16, 32, 16, 25]), (0.00018796533670661334, [19, 36, 32, 15, 4, 31, 15, 4, 14, 31, 16, 32, 16, 16, 32, 32, 16, 32, 16, 25]), (0.0001878584459499104, [19, 36, 32, 15, 4, 31, 17, 31, 16, 32, 16, 16, 32, 16, 32, 32, 16, 16, 16, 9]), (0.00018785830663972127, [19, 36, 32, 15, 4, 31, 17, 31, 16, 32, 16, 16, 32, 32, 32, 32, 16, 32, 16, 25]), (0.00018785063060051973, [19, 36, 32, 15, 4, 31, 17, 31, 16, 32, 16, 16, 32, 32, 16, 16, 32, 16, 16, 9]), (0.00018784841478506289, [19, 36, 32, 15, 4, 31, 17, 32, 16, 32, 16, 16, 16, 16, 16, 16, 16, 16, 16, 9]), (0.00018784682633403622, [19, 36, 32, 15, 4, 31, 17, 32, 16, 32, 16, 16, 32, 32, 32, 32, 32, 16, 16, 9]), (0.00018784424512664793, [19, 36, 32, 15, 4, 31, 17, 32, 16, 32, 16, 16, 32, 16, 16, 16, 16, 32, 16, 25]), (0.00018783887994160394, [19, 36, 32, 15, 4, 31, 17, 31, 16, 32, 16, 32, 32, 32, 16, 16, 32, 32, 16, 9]), (0.00018783670912163257, [19, 36, 32, 15, 4, 31, 17, 31, 16, 32, 16, 16, 32, 16, 32, 32, 16, 16, 32, 9]), (0.00018782654947736537, [19, 36, 32, 15, 4, 31, 17, 31, 16, 32, 16, 16, 32, 16, 32, 32, 16, 16, 32, 9]), (0.00018782341564801099, [19, 36, 32, 15, 4, 31, 17, 31, 16, 32, 16, 16, 32, 16, 32, 32, 16, 32, 16, 9]), (0.00018782276327079138, [19, 36, 32, 15, 4, 31, 17, 32, 16, 32, 15, 16, 32, 32, 16, 16, 32, 32, 16, 9]), (0.00018780350666804953, [19, 36, 32, 15, 4, 31, 17, 31, 16, 32, 16, 32, 32, 32, 32, 32, 16, 32, 32, 9]), (0.00018779415377671795, [19, 36, 32, 15, 4, 31, 17, 31, 16, 32, 16, 16, 32, 16, 32, 16, 16, 16, 32, 25]), (0.000187653756198686, [19, 36, 32, 15, 4, 31, 17, 32, 16, 32, 32, 16, 16, 32, 32, 16, 16, 32, 16, 25]), (0.00018709339751387055, [19, 36, 32, 14, 4, 31, 16, 32, 16, 16, 32, 16, 32, 16, 32, 32, 32, 32, 32, 9]), (0.0001853245243261287, [31, 18, 35, 35, 31, 14, 4, 31, 14, 4, 30, 15, 16, 32, 16, 32, 32, 32, 32, 9]), (0.0001847233938717026, [19, 36, 32, 15, 4, 31, 15, 4, 30, 15, 16, 32, 16, 32, 16, 32, 32, 16, 16, 25]), (0.00018439165034957704, [31, 28, 26, 32, 15, 4, 31, 15, 4, 14, 31, 16, 32, 16, 16, 16, 16, 16, 16, 25]), (0.00018407397722044653, [31, 18, 36, 33, 31, 18, 31, 17, 31, 16, 32, 16, 16, 32, 16, 32, 32, 32, 32, 25]), (0.0001840699908291477, [31, 18, 36, 34, 31, 17, 31, 17, 31, 16, 32, 16, 16, 32, 32, 16, 32, 32, 16, 25]), (0.00018406006680386783, [31, 18, 37, 33, 31, 18, 31, 17, 31, 16, 32, 16, 32, 16, 16, 16, 32, 16, 16, 9]), (0.00018405715753692882, [31, 18, 37, 33, 31, 18, 31, 17, 31, 16, 32, 16, 16, 32, 16, 16, 32, 32, 16, 25]), (0.00018404756948367117, [31, 18, 37, 33, 31, 18, 31, 17, 31, 16, 32, 16, 16, 32, 16, 32, 16, 16, 32, 25]), (0.00018403366551949732, [31, 18, 37, 33, 31, 18, 31, 17, 31, 16, 32, 16, 16, 16, 16, 32, 32, 16, 32, 9]), (0.0001840185886393483, [31, 18, 37, 33, 31, 18, 31, 17, 31, 16, 32, 16, 16, 32, 16, 32, 16, 32, 32, 25]), (0.00018388460549825444, [31, 28, 25, 32, 15, 4, 31, 17, 32, 16, 32, 16, 16, 32, 16, 16, 32, 16, 32, 9]), (0.00018388450100525837, [31, 28, 25, 32, 15, 4, 31, 17, 32, 16, 32, 16, 16, 32, 16, 16, 16, 16, 32, 9]), (0.00018388245653888473, [31, 28, 25, 32, 15, 4, 31, 17, 32, 16, 32, 16, 16, 32, 16, 32, 16, 32, 16, 9]), (0.00018384732678368245, [31, 28, 25, 32, 15, 4, 31, 17, 32, 16, 32, 16, 32, 32, 16, 16, 16, 32, 32, 25]), (0.000183846143896592, [31, 28, 26, 32, 15, 4, 31, 17, 32, 16, 32, 16, 15, 32, 16, 16, 32, 16, 16, 25]), (0.0001834696303931303, [31, 20, 36, 32, 18, 29, 4, 12, 4, 14, 31, 16, 32, 16, 16, 16, 16, 16, 32, 25]), (0.00018306819352825344, [31, 20, 36, 32, 18, 29, 4, 14, 32, 16, 32, 16, 16, 32, 32, 16, 32, 16, 32, 9]), (0.0001830681812760293, [31, 20, 36, 32, 18, 29, 4, 14, 32, 16, 32, 16, 16, 32, 32, 32, 32, 32, 32, 25]), (0.00018306788446124234, [31, 20, 36, 32, 18, 29, 4, 14, 32, 16, 32, 16, 16, 32, 16, 16, 16, 32, 32, 9]), (0.00018303990501456009, [31, 20, 36, 32, 18, 29, 4, 13, 32, 16, 32, 16, 16, 32, 16, 16, 32, 32, 32, 9]), (0.00018299154456835167, [31, 20, 36, 32, 18, 29, 4, 14, 32, 16, 32, 16, 16, 32, 32, 32, 32, 32, 16, 9]), (0.00018291060818634414, [31, 17, 38, 32, 30, 18, 31, 17, 31, 16, 32, 16, 16, 32, 16, 16, 32, 16, 32, 9]), (0.00018281175742247208, [32, 30, 22, 35, 31, 18, 31, 17, 31, 16, 32, 16, 16, 32, 32, 16, 16, 32, 16, 9]), (0.00018281161274533934, [32, 30, 22, 35, 31, 18, 31, 17, 31, 16, 32, 16, 32, 16, 16, 32, 32, 16, 32, 9]), (0.00018279669807863747, [32, 30, 22, 35, 31, 18, 31, 17, 31, 16, 32, 16, 32, 16, 32, 16, 16, 16, 32, 25]), (0.00018279284897601675, [32, 30, 22, 35, 31, 18, 31, 17, 31, 16, 32, 16, 16, 32, 32, 32, 16, 32, 16, 9]), (0.0001827516503745407, [17, 36, 33, 4, 11, 4, 31, 17, 31, 16, 32, 16, 32, 16, 16, 16, 32, 16, 16, 25]), (0.0001827510786735029, [31, 30, 21, 35, 31, 18, 31, 17, 30, 16, 32, 16, 16, 32, 16, 16, 16, 32, 16, 25]), (0.0001827382468690388, [31, 18, 36, 32, 4, 11, 4, 31, 17, 31, 16, 32, 16, 32, 16, 32, 32, 32, 32, 9]), (0.00018271648380231055, [32, 30, 22, 34, 31, 18, 31, 17, 31, 16, 32, 16, 16, 32, 32, 16, 32, 32, 16, 25]), (0.00018271472502491977, [19, 36, 31, 16, 4, 28, 20, 30, 16, 32, 16, 16, 32, 32, 32, 16, 16, 32, 16, 9]), (0.00018267440990206405, [32, 30, 22, 34, 31, 18, 31, 17, 31, 16, 32, 16, 16, 32, 16, 16, 32, 32, 16, 25]), (0.00018262139783887174, [31, 30, 22, 34, 31, 18, 31, 17, 31, 16, 32, 16, 16, 32, 16, 16, 16, 16, 16, 25]), (0.00018260701568018788, [32, 30, 22, 35, 31, 18, 31, 17, 31, 16, 32, 16, 16, 32, 32, 32, 16, 16, 32, 9]), (0.00018259906395550558, [31, 30, 22, 35, 31, 18, 31, 15, 4, 30, 16, 16, 32, 16, 32, 32, 16, 32, 16, 9]), (0.0001824311025187432, [31, 30, 21, 35, 31, 18, 31, 17, 31, 16, 32, 16, 16, 32, 16, 16, 32, 32, 32, 9]), (0.00018224335609139052, [32, 30, 21, 35, 31, 18, 31, 17, 31, 16, 32, 32, 16, 32, 16, 16, 32, 16, 16, 9]), (0.00018214689536004747, [31, 30, 21, 35, 32, 18, 29, 4, 12, 4, 14, 31, 16, 32, 16, 16, 32, 32, 16, 9]), (0.00018214491974673203, [32, 30, 23, 34, 31, 18, 31, 17, 31, 16, 32, 16, 16, 32, 32, 32, 16, 16, 16, 25]), (0.00018193042549630536, [31, 30, 23, 34, 31, 18, 31, 15, 4, 30, 16, 16, 32, 16, 16, 16, 32, 16, 32, 25]), (0.00018193042549630536, [31, 30, 23, 34, 31, 18, 31, 15, 4, 30, 16, 16, 32, 16, 16, 16, 32, 16, 32, 25]), (0.00018175304401101523, [20, 36, 31, 16, 4, 27, 19, 32, 16, 32, 32, 16, 32, 16, 32, 32, 32, 32, 16, 9]), (0.0001817176582878533, [31, 17, 36, 34, 31, 18, 29, 4, 11, 4, 14, 32, 16, 32, 16, 16, 16, 16, 32, 9]), (0.0001816492541913178, [31, 21, 35, 31, 18, 31, 15, 4, 30, 16, 16, 32, 16, 16, 16, 32, 16, 16, 32, 9]), (0.0001816483620494478, [31, 21, 35, 31, 18, 31, 15, 4, 30, 16, 16, 32, 16, 16, 32, 32, 16, 32, 16, 9]), (0.00018160647253982304, [31, 21, 35, 31, 18, 31, 15, 4, 30, 16, 16, 32, 16, 16, 16, 16, 16, 32, 16, 9]), (0.00018157150799881806, [31, 21, 35, 31, 18, 31, 15, 4, 30, 15, 16, 32, 32, 16, 16, 32, 32, 32, 16, 9]), (0.00018154138675939896, [31, 20, 36, 32, 18, 29, 4, 14, 32, 14, 4, 13, 32, 16, 16, 32, 32, 16, 16, 25]), (0.00018153446507914505, [31, 21, 35, 31, 18, 31, 15, 4, 30, 15, 32, 16, 16, 16, 16, 16, 32, 16, 32, 9]), (0.00018150519169719993, [31, 21, 35, 31, 18, 31, 15, 4, 30, 16, 32, 16, 16, 16, 16, 32, 32, 16, 32, 9]), (0.0001814996461881126, [30, 21, 35, 31, 18, 31, 15, 4, 30, 15, 16, 32, 16, 32, 32, 32, 32, 32, 32, 25]), (0.0001814962793683071, [31, 18, 37, 32, 30, 18, 31, 15, 4, 15, 31, 16, 32, 16, 32, 16, 32, 32, 16, 9]), (0.00018121306442430695, [17, 36, 35, 32, 18, 30, 4, 11, 4, 14, 31, 16, 32, 16, 32, 32, 32, 32, 32, 9]), (0.00018106911457897438, [31, 21, 35, 31, 18, 31, 18, 30, 16, 32, 16, 16, 32, 16, 32, 32, 32, 32, 16, 9]), (0.0001810689518702358, [31, 21, 35, 31, 18, 31, 18, 30, 16, 32, 16, 32, 16, 16, 16, 32, 16, 16, 16, 25]), (0.00018106872809860617, [31, 21, 35, 31, 18, 31, 18, 30, 16, 32, 16, 16, 32, 16, 16, 16, 16, 16, 32, 9]), (0.0001810687257713298, [31, 21, 35, 31, 18, 31, 18, 30, 16, 32, 16, 32, 16, 32, 32, 32, 32, 16, 16, 9]), (0.00018106859708140837, [31, 21, 35, 31, 18, 31, 18, 30, 16, 32, 16, 16, 32, 32, 16, 32, 32, 16, 32, 9]), (0.00018106846351396893, [31, 21, 35, 31, 18, 31, 18, 30, 16, 32, 16, 32, 16, 32, 32, 16, 32, 16, 32, 9]), (0.00018106835851169453, [31, 21, 35, 31, 18, 31, 18, 30, 16, 32, 16, 32, 16, 16, 32, 16, 32, 32, 32, 25]), (0.00018106817675503554, [31, 21, 35, 31, 18, 31, 18, 30, 16, 32, 16, 16, 32, 32, 16, 32, 32, 32, 16, 25]), (0.00018106791812718862, [31, 21, 35, 31, 18, 31, 18, 30, 16, 32, 16, 16, 32, 32, 32, 32, 32, 32, 32, 25]), (0.00018106773583228237, [31, 21, 35, 31, 18, 31, 18, 30, 16, 32, 16, 32, 16, 16, 16, 16, 16, 16, 32, 25]), (0.00018106765958256083, [31, 21, 35, 31, 18, 31, 18, 30, 16, 32, 16, 16, 32, 16, 32, 32, 32, 32, 16, 25]), (0.0001810673586548862, [31, 21, 35, 31, 18, 31, 18, 30, 16, 32, 16, 32, 16, 32, 16, 16, 32, 16, 16, 9]), (0.0001810666254013483, [31, 21, 35, 31, 18, 31, 18, 30, 16, 32, 16, 32, 16, 16, 16, 32, 16, 32, 32, 9]), (0.00018106626346773175, [31, 21, 35, 31, 18, 31, 18, 30, 16, 32, 16, 16, 32, 32, 32, 16, 16, 32, 16, 25]), (0.00018106582594938379, [31, 21, 35, 31, 18, 31, 18, 30, 16, 32, 16, 32, 16, 32, 32, 32, 32, 16, 16, 25]), (0.0001810654380077475, [31, 21, 35, 31, 18, 31, 18, 30, 16, 32, 16, 16, 32, 32, 16, 16, 32, 16, 32, 9]), (0.00018105740303791634, [31, 21, 35, 31, 18, 31, 18, 30, 16, 32, 16, 16, 32, 16, 16, 32, 32, 16, 32, 25]), (0.00018104742496529087, [31, 21, 35, 31, 18, 31, 18, 30, 16, 32, 16, 16, 32, 16, 16, 16, 32, 32, 16, 9]), (0.00018102905349600047, [17, 36, 35, 31, 18, 29, 4, 13, 32, 16, 32, 16, 16, 16, 32, 32, 32, 16, 16, 25]), (0.00018102187530204378, [31, 21, 35, 31, 18, 31, 18, 30, 17, 31, 16, 32, 16, 16, 16, 16, 32, 16, 32, 9]), (0.00018098049754350612, [31, 21, 35, 31, 18, 31, 18, 30, 16, 31, 16, 32, 16, 16, 32, 16, 32, 32, 32, 25]), (0.0001809671746306083, [31, 21, 35, 31, 18, 31, 18, 31, 16, 32, 16, 32, 32, 32, 16, 16, 32, 16, 32, 9]), (0.00018096493061636453, [31, 21, 35, 31, 18, 31, 18, 30, 16, 32, 16, 16, 32, 16, 16, 32, 32, 16, 32, 25]), (0.0001809558749628301, [30, 21, 35, 31, 18, 31, 18, 30, 16, 32, 16, 32, 16, 16, 15, 32, 16, 16, 16, 9]), (0.00018095172263061257, [31, 21, 35, 32, 17, 31, 17, 30, 16, 32, 16, 32, 16, 16, 16, 32, 32, 32, 16, 25]), (0.00018094028257716537, [31, 21, 35, 31, 18, 31, 18, 30, 17, 31, 16, 32, 16, 16, 16, 32, 16, 16, 32, 9]), (0.0001808908717339768, [31, 21, 35, 31, 18, 31, 18, 30, 16, 32, 16, 32, 16, 16, 16, 32, 32, 32, 16, 25]), (0.00018087651097127374, [31, 21, 35, 31, 18, 31, 17, 31, 16, 32, 16, 16, 32, 32, 16, 32, 32, 32, 16, 9]), (0.00018082286506411482, [30, 21, 35, 31, 18, 31, 18, 30, 16, 32, 16, 32, 32, 16, 32, 32, 16, 16, 16, 9]), (0.00018082175452680918, [30, 21, 35, 31, 18, 31, 18, 30, 17, 31, 16, 16, 32, 16, 32, 32, 16, 32, 32, 9]), (0.0001807114718789537, [30, 21, 35, 31, 19, 31, 18, 31, 16, 32, 16, 32, 16, 16, 32, 32, 16, 32, 32, 25]), (0.00018062963386388005, [17, 36, 34, 31, 18, 31, 17, 31, 16, 32, 16, 16, 32, 16, 16, 16, 32, 16, 16, 9]), (0.00018062901405595325, [17, 36, 34, 31, 18, 31, 17, 31, 16, 32, 16, 16, 32, 16, 16, 32, 32, 32, 16, 9]), (0.00018062874681055703, [17, 36, 34, 31, 18, 31, 17, 31, 16, 32, 16, 16, 32, 32, 32, 32, 16, 32, 32, 9]), (0.00018062836698793885, [17, 36, 34, 31, 18, 31, 17, 31, 16, 32, 16, 16, 32, 32, 16, 16, 32, 32, 16, 25]), (0.0001806268208761902, [17, 36, 34, 31, 18, 31, 17, 31, 16, 32, 16, 32, 16, 32, 32, 16, 32, 16, 32, 25]), (0.000180626643065321, [17, 36, 34, 31, 18, 31, 17, 31, 16, 32, 16, 16, 16, 32, 16, 32, 16, 16, 16, 25]), (0.0001806264677493312, [17, 36, 34, 31, 18, 31, 17, 31, 16, 32, 16, 16, 32, 16, 16, 16, 32, 16, 16, 25]), (0.00018062593925740567, [17, 36, 34, 31, 18, 31, 17, 31, 16, 32, 16, 32, 32, 16, 16, 16, 16, 32, 16, 9]), (0.0001806250640893602, [17, 36, 34, 31, 18, 31, 17, 31, 16, 32, 16, 16, 32, 16, 16, 16, 32, 16, 32, 25]), (0.00018062231609166675, [17, 36, 34, 31, 18, 31, 17, 31, 16, 32, 16, 32, 16, 32, 32, 16, 32, 32, 32, 25]), (0.0001806166871571395, [17, 36, 34, 31, 18, 31, 17, 31, 16, 32, 16, 32, 16, 32, 16, 32, 32, 16, 32, 9]), (0.0001806120552015833, [17, 36, 34, 31, 18, 31, 17, 31, 16, 31, 16, 32, 16, 16, 16, 16, 32, 16, 16, 25]), (0.00018056889078526132, [17, 36, 34, 31, 18, 31, 17, 31, 16, 32, 16, 16, 32, 16, 16, 32, 32, 32, 32, 9]), (0.0001805260300748445, [17, 36, 34, 31, 18, 31, 17, 31, 16, 32, 16, 32, 16, 32, 32, 32, 16, 32, 32, 9]), (0.0001805155831336236, [30, 22, 35, 31, 18, 31, 18, 30, 16, 32, 15, 32, 16, 16, 16, 16, 15, 16, 32, 9]), (0.00018047038435951314, [17, 36, 35, 31, 18, 31, 17, 31, 16, 32, 16, 16, 32, 32, 32, 32, 16, 16, 16, 25]), (0.00018047003698504714, [17, 36, 34, 31, 18, 31, 17, 31, 16, 31, 32, 16, 16, 31, 32, 15, 32, 16, 16, 25]), (0.00018045099231576728, [30, 22, 35, 31, 19, 31, 18, 30, 16, 32, 16, 16, 16, 16, 32, 16, 32, 16, 32, 9]), (0.00018044071434106476, [30, 21, 35, 30, 19, 31, 18, 31, 16, 32, 16, 16, 32, 16, 15, 16, 32, 32, 32, 25]), (0.00018035704229019353, [17, 36, 34, 31, 18, 31, 15, 4, 30, 15, 16, 32, 16, 16, 32, 16, 32, 32, 16, 25]), (0.00018035104989331328, [17, 36, 34, 31, 18, 31, 15, 4, 30, 16, 16, 32, 16, 32, 32, 32, 32, 16, 16, 25]), (0.00018030200869427089, [30, 21, 35, 30, 19, 31, 18, 30, 16, 32, 16, 16, 32, 32, 16, 32, 16, 16, 16, 25]), (0.00018029707096422316, [17, 36, 34, 30, 19, 31, 17, 31, 16, 32, 16, 16, 15, 32, 16, 32, 32, 32, 32, 9]), (0.0001802290433608844, [30, 22, 34, 31, 18, 31, 18, 31, 16, 32, 16, 16, 32, 16, 16, 16, 16, 32, 32, 9]), (0.00018014078243901453, [17, 37, 34, 30, 19, 31, 17, 31, 16, 32, 15, 16, 32, 16, 32, 16, 32, 16, 16, 25]), (0.0001801247086887137, [17, 37, 33, 31, 18, 31, 18, 30, 16, 32, 16, 32, 32, 16, 32, 32, 16, 32, 32, 25]), (0.00018000298297902767, [17, 37, 33, 31, 18, 31, 17, 31, 17, 31, 16, 32, 16, 16, 32, 32, 16, 32, 32, 9]), (0.00017968975993507986, [31, 21, 35, 31, 18, 31, 18, 30, 14, 4, 13, 32, 16, 16, 32, 32, 32, 32, 32, 25]), (0.00017968682908602257, [31, 21, 35, 31, 18, 31, 18, 30, 15, 4, 13, 32, 16, 16, 16, 16, 16, 16, 32, 9]), (0.00017966557365212127, [31, 21, 35, 31, 18, 31, 18, 30, 14, 4, 13, 32, 16, 16, 32, 32, 16, 32, 32, 9]), (0.00017964611402953185, [30, 22, 34, 30, 19, 31, 17, 31, 16, 32, 16, 16, 16, 16, 16, 32, 16, 16, 16, 25]), (0.00017953933980754974, [17, 37, 34, 30, 19, 31, 17, 31, 16, 32, 16, 16, 32, 32, 16, 32, 16, 16, 32, 9]), (0.0001793231700437903, [31, 21, 35, 30, 19, 30, 18, 30, 16, 32, 15, 17, 31, 16, 30, 18, 30, 16, 15, 26]), (0.00017922275068149693, [31, 27, 27, 31, 16, 4, 28, 20, 31, 16, 32, 32, 16, 15, 16, 32, 32, 32, 32, 9]), (0.00017906698550866778, [18, 35, 35, 31, 17, 31, 17, 31, 16, 32, 16, 16, 32, 15, 32, 16, 15, 16, 16, 25]), (0.00017906251695757436, [30, 22, 34, 31, 19, 31, 18, 30, 16, 32, 16, 32, 16, 32, 16, 32, 15, 32, 16, 9]), (0.00017904986292500635, [30, 22, 34, 30, 19, 31, 18, 31, 16, 32, 16, 16, 32, 16, 32, 16, 32, 16, 32, 9]), (0.00017898556843868666, [30, 22, 34, 31, 18, 31, 18, 30, 16, 31, 16, 15, 32, 15, 32, 32, 16, 16, 32, 9]), (0.00017880376118927307, [30, 22, 35, 31, 19, 31, 15, 4, 15, 30, 16, 32, 16, 16, 16, 16, 32, 32, 32, 25]), (0.0001786989417699069, [30, 22, 35, 31, 19, 31, 15, 4, 15, 31, 16, 32, 16, 16, 16, 32, 16, 16, 32, 9]), (0.00017859488774951105, [17, 37, 33, 31, 18, 31, 15, 4, 15, 31, 16, 32, 16, 16, 16, 16, 16, 32, 32, 25]), (0.0001785747388012322, [32, 31, 18, 37, 33, 31, 17, 31, 17, 31, 16, 32, 16, 16, 32, 16, 16, 16, 16, 9]), (0.0001785482702657604, [32, 31, 18, 37, 33, 31, 17, 31, 17, 31, 16, 32, 16, 16, 32, 32, 32, 32, 16, 25]), (0.00017847955987365793, [32, 31, 18, 36, 33, 31, 17, 31, 17, 31, 16, 32, 16, 16, 32, 32, 32, 32, 16, 25]), (0.00017843434504338096, [31, 31, 18, 36, 33, 31, 17, 31, 17, 31, 16, 32, 16, 32, 16, 16, 32, 16, 16, 9]), (0.000178329451451081, [30, 23, 33, 31, 19, 31, 18, 30, 16, 31, 16, 32, 15, 32, 32, 32, 16, 32, 16, 25]), (0.00017828251726266593, [30, 22, 34, 30, 16, 4, 13, 4, 30, 16, 32, 16, 16, 32, 16, 16, 16, 32, 16, 9]), (0.0001781884742866389, [30, 22, 34, 31, 19, 31, 15, 4, 15, 31, 16, 32, 16, 16, 16, 32, 16, 16, 16, 9]), (0.00017818373987403966, [30, 22, 34, 31, 19, 31, 15, 4, 15, 31, 16, 32, 16, 16, 32, 16, 16, 32, 16, 25]), (0.00017804691962712682, [31, 32, 18, 36, 33, 32, 17, 31, 17, 31, 16, 32, 16, 32, 32, 32, 32, 32, 32, 9]), (0.00017797615219466897, [30, 22, 34, 30, 19, 31, 15, 4, 15, 31, 16, 32, 32, 15, 16, 32, 16, 16, 32, 25]), (0.00017794182881239744, [20, 36, 31, 14, 4, 4, 13, 31, 17, 31, 16, 16, 32, 16, 16, 32, 32, 16, 32, 9]), (0.00017778796250786003, [31, 30, 24, 32, 30, 19, 31, 18, 31, 16, 32, 16, 16, 32, 16, 32, 16, 32, 16, 25]), (0.00017759340677915214, [29, 24, 32, 15, 4, 31, 17, 31, 16, 32, 16, 16, 32, 16, 32, 32, 16, 16, 16, 25]), (0.00017759300605862098, [29, 24, 32, 15, 4, 31, 17, 31, 16, 32, 16, 16, 32, 32, 32, 32, 16, 32, 32, 25]), (0.00017759292970392012, [29, 24, 32, 15, 4, 31, 17, 31, 16, 32, 16, 16, 32, 32, 32, 16, 16, 32, 32, 25]), (0.00017758108073174714, [29, 24, 32, 15, 4, 31, 17, 31, 16, 32, 16, 15, 32, 16, 32, 16, 16, 32, 32, 9]), (0.00017757168011663276, [29, 24, 32, 15, 4, 31, 17, 31, 16, 32, 16, 16, 16, 32, 32, 32, 16, 16, 32, 25]), (0.00017756739005666438, [30, 22, 34, 33, 16, 32, 17, 31, 16, 32, 16, 32, 16, 15, 32, 16, 16, 32, 16, 9]), (0.0001775454877972499, [30, 22, 34, 30, 19, 31, 15, 4, 15, 30, 16, 32, 16, 32, 32, 16, 32, 16, 16, 25]), (0.00017749443991345404, [29, 24, 32, 15, 4, 31, 17, 31, 16, 32, 16, 16, 32, 16, 16, 32, 16, 32, 32, 25]), (0.00017724821847462692, [31, 30, 25, 31, 31, 19, 31, 15, 4, 30, 15, 16, 32, 16, 16, 16, 32, 16, 32, 9]), (0.00017667339836501526, [29, 24, 32, 15, 4, 31, 15, 4, 12, 4, 14, 31, 16, 32, 16, 16, 32, 16, 16, 9]), (0.000176588563132448, [31, 30, 25, 31, 30, 19, 31, 17, 31, 16, 32, 16, 16, 32, 16, 16, 32, 16, 32, 9]), (0.00017621484628932863, [29, 24, 32, 15, 4, 31, 17, 31, 14, 4, 14, 32, 16, 16, 32, 16, 32, 32, 32, 9]), (0.00017602916031523962, [31, 31, 24, 32, 32, 18, 29, 4, 13, 32, 16, 16, 32, 31, 16, 16, 32, 32, 32, 9]), (0.00017593438452772497, [30, 24, 32, 29, 18, 4, 13, 4, 30, 16, 32, 16, 15, 32, 16, 16, 32, 16, 32, 25]), (0.00017534501907078543, [31, 17, 36, 34, 32, 17, 31, 33, 15, 32, 15, 16, 32, 16, 32, 16, 16, 32, 16, 25]), (0.0001752291545129951, [31, 20, 36, 32, 18, 30, 32, 15, 32, 15, 16, 16, 32, 16, 16, 16, 32, 16, 16, 9]), (0.00017522552079233164, [31, 29, 24, 32, 4, 13, 31, 15, 4, 30, 16, 16, 32, 16, 32, 32, 32, 16, 32, 25]), (0.00017519473534563905, [32, 31, 30, 24, 33, 31, 18, 31, 17, 31, 16, 32, 16, 16, 32, 16, 32, 32, 32, 25]), (0.000175192178471772, [31, 20, 35, 32, 18, 31, 32, 16, 17, 31, 16, 32, 32, 16, 32, 32, 16, 32, 32, 9]), (0.00017488161923549645, [19, 33, 36, 31, 18, 30, 15, 4, 30, 15, 16, 32, 32, 32, 16, 32, 16, 32, 16, 25]), (0.00017487482066914686, [19, 36, 32, 19, 29, 4, 14, 32, 16, 32, 16, 16, 32, 32, 32, 32, 16, 32, 16, 9]), (0.00017487478446800528, [19, 36, 32, 19, 29, 4, 14, 32, 16, 32, 16, 16, 32, 16, 32, 32, 16, 16, 32, 9]), (0.0001748746469415648, [19, 36, 32, 19, 29, 4, 14, 32, 16, 32, 16, 16, 32, 32, 16, 32, 16, 16, 32, 9]), (0.00017486498562851972, [19, 36, 32, 19, 29, 4, 14, 32, 16, 32, 16, 16, 16, 32, 32, 16, 16, 32, 32, 25]), (0.00017486003751429355, [19, 36, 32, 19, 29, 4, 14, 32, 16, 32, 16, 15, 16, 32, 32, 16, 16, 32, 16, 25]), (0.0001745669968120813, [31, 30, 23, 33, 4, 13, 32, 17, 31, 16, 32, 16, 32, 16, 16, 16, 32, 32, 32, 25]), (0.0001745603194452821, [31, 29, 23, 33, 4, 13, 32, 17, 31, 16, 31, 16, 16, 32, 32, 16, 32, 32, 32, 9]), (0.00017455751895121852, [31, 29, 24, 33, 4, 13, 32, 17, 31, 16, 31, 16, 32, 32, 16, 32, 32, 32, 32, 9]), (0.0001745413818182645, [31, 30, 23, 32, 4, 13, 31, 18, 30, 16, 32, 16, 32, 32, 32, 32, 32, 32, 16, 9]), (0.0001745219871281748, [31, 30, 23, 32, 4, 13, 31, 18, 30, 17, 31, 16, 32, 32, 32, 16, 16, 16, 16, 9]), (0.0001739326830106434, [36, 32, 15, 4, 31, 15, 4, 15, 31, 16, 32, 16, 16, 32, 16, 32, 16, 32, 32, 25]), (0.00017382290801504, [36, 32, 15, 4, 31, 17, 31, 16, 32, 16, 16, 32, 16, 16, 16, 32, 16, 32, 16, 9]), (0.00017382290105117694, [36, 32, 15, 4, 31, 17, 31, 16, 32, 16, 16, 32, 16, 16, 16, 16, 16, 32, 32, 9]), (0.00017382207963694904, [36, 32, 15, 4, 31, 17, 31, 16, 32, 16, 16, 32, 32, 16, 32, 16, 32, 32, 16, 9]), (0.00017381010678506803, [36, 32, 15, 4, 31, 17, 31, 16, 32, 16, 32, 16, 32, 16, 16, 16, 16, 16, 16, 25]), (0.00017379760763259935, [36, 32, 15, 4, 31, 17, 31, 16, 32, 16, 16, 16, 32, 16, 32, 32, 16, 32, 16, 9]), (0.00017370048042163858, [30, 22, 34, 30, 16, 4, 17, 29, 17, 31, 16, 32, 16, 16, 32, 16, 32, 32, 16, 25]), (0.00017364724766483468, [17, 35, 35, 32, 18, 31, 32, 15, 32, 15, 16, 32, 16, 16, 16, 32, 16, 32, 32, 9]), (0.00017361553431005476, [30, 22, 34, 30, 17, 4, 17, 29, 17, 31, 16, 32, 16, 16, 32, 32, 32, 16, 32, 25]), (0.00017361222646334487, [19, 33, 36, 31, 18, 31, 18, 31, 16, 32, 16, 32, 32, 32, 32, 16, 16, 32, 32, 9]), (0.00017350970541970718, [31, 17, 38, 32, 32, 18, 31, 32, 15, 32, 15, 16, 32, 16, 16, 16, 16, 32, 16, 9]), (0.00017344479421853258, [30, 22, 34, 30, 17, 4, 17, 29, 17, 31, 16, 32, 32, 32, 16, 16, 16, 16, 16, 9]), (0.00017341424135832538, [31, 30, 27, 28, 31, 19, 29, 4, 12, 4, 14, 31, 16, 32, 16, 16, 16, 16, 32, 25]), (0.00017336542817283449, [36, 32, 14, 4, 31, 17, 31, 17, 32, 16, 32, 15, 16, 16, 16, 32, 32, 16, 32, 9]), (0.00017332573096814, [30, 22, 34, 29, 17, 4, 17, 29, 17, 31, 16, 32, 16, 32, 16, 16, 16, 16, 16, 9]), (0.00017277727216038731, [33, 37, 33, 30, 19, 31, 17, 31, 16, 31, 31, 37, 26, 17, 32, 31, 16, 32, 15, 25]), (0.00017205508637866041, [36, 32, 15, 4, 32, 15, 4, 31, 15, 16, 32, 16, 32, 32, 32, 32, 16, 16, 16, 9]), (0.00017182023824622084, [20, 36, 31, 18, 31, 15, 4, 30, 16, 16, 32, 16, 16, 32, 16, 32, 16, 32, 32, 25]), (0.00017182005852984508, [20, 36, 31, 18, 31, 15, 4, 30, 15, 16, 32, 16, 16, 32, 32, 32, 32, 16, 32, 9]), (0.0001718200294679542, [20, 36, 31, 18, 31, 15, 4, 30, 16, 16, 32, 16, 16, 16, 32, 16, 32, 16, 16, 9]), (0.00017181995732529489, [20, 36, 31, 18, 31, 15, 4, 30, 15, 16, 32, 16, 16, 32, 32, 32, 16, 16, 16, 25]), (0.00017181992369062727, [20, 36, 31, 18, 31, 15, 4, 30, 15, 16, 32, 16, 16, 32, 32, 32, 16, 16, 16, 9]), (0.00017181982163645316, [20, 36, 31, 18, 31, 15, 4, 30, 16, 16, 32, 16, 32, 16, 16, 16, 32, 32, 16, 9]), (0.00017180373596093818, [20, 35, 31, 18, 31, 15, 4, 30, 15, 16, 32, 16, 16, 32, 16, 16, 16, 16, 16, 25]), (0.00017171078484735247, [20, 36, 31, 18, 31, 15, 4, 30, 15, 32, 16, 16, 32, 16, 32, 16, 16, 32, 32, 25]), (0.00017170006059215448, [20, 36, 31, 18, 31, 15, 4, 30, 16, 32, 15, 16, 16, 16, 32, 16, 32, 16, 32, 25]), (0.00017159728110093526, [20, 35, 30, 19, 31, 15, 4, 31, 15, 16, 31, 16, 32, 15, 32, 16, 32, 32, 32, 9]), (0.00017146079361224289, [31, 28, 26, 32, 20, 27, 4, 14, 31, 16, 32, 15, 16, 32, 32, 16, 16, 32, 16, 9]), (0.00017114369774931534, [30, 26, 29, 30, 19, 31, 15, 4, 30, 15, 16, 32, 16, 32, 16, 16, 32, 32, 32, 25]), (0.00017104136185024197, [30, 25, 30, 30, 20, 31, 18, 31, 16, 32, 16, 32, 32, 15, 32, 32, 15, 32, 16, 25]), (0.00017071643200981438, [20, 36, 31, 18, 31, 18, 30, 16, 32, 16, 32, 16, 16, 32, 32, 16, 32, 16, 32, 9]), (0.0001707163923979947, [20, 36, 31, 18, 31, 18, 30, 16, 32, 16, 32, 16, 16, 16, 32, 16, 16, 16, 16, 25]), (0.00017071627540653553, [20, 36, 31, 18, 31, 18, 30, 16, 32, 16, 32, 16, 32, 32, 32, 32, 16, 16, 32, 9]), (0.0001707162584174641, [20, 36, 31, 18, 31, 18, 30, 16, 32, 16, 32, 16, 16, 16, 16, 16, 16, 16, 32, 25]), (0.00017071624594270808, [20, 36, 31, 18, 31, 18, 30, 16, 32, 16, 32, 16, 16, 16, 32, 16, 32, 32, 32, 25]), (0.00017071620752720604, [20, 36, 31, 18, 31, 18, 30, 16, 32, 16, 32, 16, 32, 32, 32, 16, 16, 32, 16, 25]), (0.00017071615928040853, [20, 36, 31, 18, 31, 18, 30, 16, 32, 16, 16, 32, 16, 32, 16, 32, 16, 16, 16, 25]), (0.0001707160000941354, [20, 36, 31, 18, 31, 18, 30, 16, 32, 16, 16, 32, 32, 32, 16, 32, 32, 32, 16, 9]), (0.00017071598759323475, [20, 36, 31, 18, 31, 18, 30, 16, 32, 16, 16, 32, 16, 32, 32, 16, 32, 16, 32, 9]), (0.0001707159476962309, [20, 36, 31, 18, 31, 18, 30, 17, 32, 16, 16, 32, 16, 16, 16, 16, 32, 32, 16, 9]), (0.0001707158604050321, [20, 36, 31, 18, 31, 18, 30, 16, 32, 16, 32, 16, 16, 32, 16, 16, 32, 16, 16, 9]), (0.0001707157390197746, [20, 36, 31, 18, 31, 18, 30, 16, 32, 16, 32, 16, 32, 16, 16, 32, 32, 16, 16, 25]), (0.00017071556396060897, [20, 36, 31, 18, 31, 18, 30, 16, 32, 16, 32, 16, 32, 16, 16, 16, 32, 32, 16, 25]), (0.00017071543729995075, [20, 36, 31, 18, 31, 18, 30, 17, 31, 16, 32, 16, 32, 16, 16, 16, 16, 16, 32, 25]), (0.00017071527877945457, [20, 36, 31, 18, 31, 18, 30, 16, 32, 16, 32, 32, 16, 32, 32, 16, 32, 32, 16, 25]), (0.00017071478223696442, [20, 36, 31, 18, 31, 18, 30, 17, 32, 16, 16, 32, 32, 32, 32, 32, 16, 16, 32, 9]), (0.0001707145901515185, [20, 36, 31, 18, 31, 18, 30, 16, 32, 16, 16, 32, 16, 16, 16, 32, 16, 16, 32, 25]), (0.00017069595348985476, [20, 36, 31, 18, 31, 18, 30, 16, 32, 16, 32, 16, 16, 32, 16, 32, 32, 32, 16, 25]), (0.00017067953836389282, [20, 36, 31, 18, 31, 18, 30, 16, 32, 16, 32, 16, 16, 32, 32, 32, 32, 16, 16, 9]), (0.00017066310409693126, [20, 35, 31, 18, 31, 18, 30, 16, 32, 15, 16, 32, 15, 16, 16, 16, 32, 32, 16, 9]), (0.00017029165439229492, [32, 31, 29, 25, 32, 4, 13, 31, 17, 31, 16, 32, 16, 32, 32, 32, 16, 16, 16, 25]), (0.0001700588676693598, [31, 29, 25, 32, 26, 21, 4, 16, 30, 15, 4, 30, 16, 16, 16, 32, 32, 32, 16, 25]), (0.0001698431760184455, [31, 18, 37, 32, 4, 14, 31, 32, 16, 32, 16, 16, 32, 16, 16, 16, 32, 32, 16, 9]), (0.00016960668069535408, [20, 36, 31, 18, 31, 18, 30, 15, 4, 14, 32, 16, 16, 32, 16, 32, 16, 32, 32, 9]), (0.00016947347877214274, [20, 36, 31, 18, 31, 18, 30, 14, 4, 30, 16, 16, 32, 32, 32, 32, 32, 32, 32, 25]), (0.00016925558529878662, [30, 23, 33, 4, 13, 32, 18, 30, 17, 31, 16, 32, 32, 32, 32, 16, 32, 16, 16, 25]), (0.000169128623279416, [20, 35, 31, 19, 31, 15, 4, 15, 30, 16, 32, 16, 16, 32, 32, 16, 16, 16, 16, 25]), (0.0001686385759585716, [20, 35, 31, 19, 31, 15, 4, 12, 4, 30, 16, 16, 32, 16, 32, 32, 32, 16, 16, 9]), (0.00016837436996574968, [30, 27, 28, 31, 19, 31, 18, 30, 15, 4, 30, 16, 16, 32, 32, 32, 16, 16, 16, 25]), (0.00016821231489472037, [20, 36, 31, 19, 31, 18, 29, 4, 12, 17, 31, 16, 31, 15, 16, 31, 16, 15, 32, 9]), (0.00016541000595476164, [17, 37, 32, 4, 14, 31, 32, 16, 17, 31, 16, 32, 16, 32, 16, 32, 32, 16, 32, 9]), (0.0001632676788096605, [30, 25, 30, 31, 19, 31, 32, 15, 16, 32, 16, 32, 32, 16, 16, 32, 32, 32, 32, 9])]
